Starts at Fri Apr 05 15:50:20 ICT 2019
Fri Apr 05 15:51:47 ICT 2019: hidDevice - HidDevice [vendorId=0x461, productId=0x20, product=CCS HID Demo]
Fri Apr 05 15:51:47 ICT 2019: Start reading message
Fri Apr 05 15:55:01 ICT 2019: Board return with meassage: [127, 123]
Fri Apr 05 15:55:02 ICT 2019: Board return with meassage: [127, 123]
Fri Apr 05 15:55:03 ICT 2019: Board return with meassage: [127, 123]
Fri Apr 05 15:55:04 ICT 2019: Board return with meassage: [127, 123]
Fri Apr 05 15:55:05 ICT 2019: Board return with meassage: [127, 123]
Fri Apr 05 15:55:06 ICT 2019: Board return with meassage: [127, 123]
Fri Apr 05 15:55:07 ICT 2019: Board return with meassage: [127, 123]
Fri Apr 05 15:55:08 ICT 2019: Board return with meassage: [127, 123]
Fri Apr 05 15:55:09 ICT 2019: Board return with meassage: [127, 123]
Fri Apr 05 15:55:10 ICT 2019: Board return with meassage: [127, 123]
Fri Apr 05 15:55:11 ICT 2019: Board return with meassage: [127, 123]
Fri Apr 05 15:55:12 ICT 2019: Board return with meassage: [127, 123]
Fri Apr 05 15:55:13 ICT 2019: Board return with meassage: [127, 123]
Fri Apr 05 15:55:14 ICT 2019: Board return with meassage: [127, 123]
Fri Apr 05 15:55:15 ICT 2019: Board return with meassage: [127, 123]
Fri Apr 05 15:55:16 ICT 2019: Board return with meassage: [127, 123]
Fri Apr 05 15:55:17 ICT 2019: Board return with meassage: [127, 123]
Fri Apr 05 15:55:18 ICT 2019: Board return with meassage: [127, 123]
Fri Apr 05 15:55:19 ICT 2019: Board return with meassage: [127, 123]
Fri Apr 05 15:55:20 ICT 2019: Board return with meassage: [127, 123]
Fri Apr 05 15:55:37 ICT 2019: Board return with meassage: [127, 123]
Fri Apr 05 15:55:38 ICT 2019: Board return with meassage: [127, 123]
Fri Apr 05 15:55:39 ICT 2019: Board return with meassage: [127, 123]
Fri Apr 05 15:55:40 ICT 2019: Board return with meassage: [127, 123]
Fri Apr 05 16:08:46 ICT 2019: Board return with meassage: [127, 123]
Fri Apr 05 16:08:47 ICT 2019: Board return with meassage: [127, 123]
Fri Apr 05 16:08:49 ICT 2019: Board return with meassage: [127, 123]
Fri Apr 05 16:08:50 ICT 2019: Board return with meassage: [127, 123]
Ends at Fri Apr 05 16:11:39 ICT 2019
Starts at Fri Apr 05 16:11:52 ICT 2019
Fri Apr 05 16:13:19 ICT 2019: hidDevice - HidDevice [vendorId=0x461, productId=0x20, product=CCS HID Demo]
Fri Apr 05 16:13:19 ICT 2019: Start reading message
Fri Apr 05 16:13:28 ICT 2019: Board return with meassage: [127, 123]
Fri Apr 05 16:13:29 ICT 2019: Board return with meassage: [127, 123]
Fri Apr 05 16:13:30 ICT 2019: Board return with meassage: [127, 123]
Fri Apr 05 16:13:31 ICT 2019: Board return with meassage: [127, 123]
Ends at Fri Apr 05 16:16:43 ICT 2019
Starts at Fri Apr 05 16:17:00 ICT 2019
Fri Apr 05 16:18:24 ICT 2019: hidDevice - HidDevice [vendorId=0x461, productId=0x20, product=CCS HID Demo]
Fri Apr 05 16:18:24 ICT 2019: Start reading message
Ends at Fri Apr 05 16:20:43 ICT 2019
Starts at Fri Apr 05 16:20:56 ICT 2019
Fri Apr 05 16:22:19 ICT 2019: hidDevice - HidDevice [vendorId=0x461, productId=0x20, product=CCS HID Demo]
Fri Apr 05 16:22:19 ICT 2019: Start reading message
Ends at Fri Apr 05 16:22:57 ICT 2019
Starts at Fri Apr 05 16:23:09 ICT 2019
Fri Apr 05 16:24:37 ICT 2019: hidDevice - HidDevice [vendorId=0x461, productId=0x20, product=CCS HID Demo]
Fri Apr 05 16:24:37 ICT 2019: Start reading message
Fri Apr 05 16:24:40 ICT 2019: Board return with meassage: [127, 123]
Fri Apr 05 16:24:41 ICT 2019: Board return with meassage: [127, 123]
Fri Apr 05 16:24:42 ICT 2019: Board return with meassage: [127, 123]
Fri Apr 05 16:24:43 ICT 2019: Board return with meassage: [127, 123]
Fri Apr 05 16:24:44 ICT 2019: Board return with meassage: [127, 123]
Fri Apr 05 16:24:45 ICT 2019: Board return with meassage: [127, 123]
Fri Apr 05 16:24:46 ICT 2019: Board return with meassage: [127, 123]
Fri Apr 05 16:24:47 ICT 2019: Board return with meassage: [127, 123]
Fri Apr 05 16:24:48 ICT 2019: Board return with meassage: [127, 123]
Fri Apr 05 16:24:49 ICT 2019: Board return with meassage: [127, 123]
Fri Apr 05 16:24:50 ICT 2019: Board return with meassage: [127, 123]
Fri Apr 05 16:24:51 ICT 2019: Board return with meassage: [127, 123]
Fri Apr 05 16:24:52 ICT 2019: Board return with meassage: [127, 123]
Fri Apr 05 16:24:53 ICT 2019: Board return with meassage: [127, 123]
Fri Apr 05 16:24:54 ICT 2019: Board return with meassage: [127, 123]
Fri Apr 05 16:24:55 ICT 2019: Board return with meassage: [127, 123]
Fri Apr 05 16:24:56 ICT 2019: Board return with meassage: [127, 123]
Fri Apr 05 16:24:57 ICT 2019: Board return with meassage: [127, 123]
Fri Apr 05 16:24:58 ICT 2019: Board return with meassage: [127, 123]
Fri Apr 05 16:24:59 ICT 2019: Board return with meassage: [127, 123]
Fri Apr 05 16:25:00 ICT 2019: Board return with meassage: [127, 123]
Fri Apr 05 16:25:01 ICT 2019: Board return with meassage: [127, 123]
Fri Apr 05 16:25:07 ICT 2019: Board return with meassage: [127, 123]
Fri Apr 05 16:25:08 ICT 2019: Board return with meassage: [127, 123]
Fri Apr 05 16:25:09 ICT 2019: Board return with meassage: [127, 123]
Fri Apr 05 16:44:00 ICT 2019: Board return with meassage: [127, 123]
Fri Apr 05 16:44:01 ICT 2019: Board return with meassage: [127, 123]
Fri Apr 05 16:44:02 ICT 2019: Board return with meassage: [127, 123]
Fri Apr 05 16:44:03 ICT 2019: Board return with meassage: [127, 123]
Fri Apr 05 16:44:04 ICT 2019: Board return with meassage: [127, 123]
Fri Apr 05 16:44:05 ICT 2019: Board return with meassage: [127, 123]
Fri Apr 05 16:44:06 ICT 2019: Board return with meassage: [127, 123]
Fri Apr 05 16:44:07 ICT 2019: Board return with meassage: [127, 123]
Fri Apr 05 16:44:08 ICT 2019: Board return with meassage: [127, 123]
Fri Apr 05 16:44:09 ICT 2019: Board return with meassage: [127, 123]
Fri Apr 05 16:44:10 ICT 2019: Board return with meassage: [127, 123]
Fri Apr 05 16:52:09 ICT 2019: Board return with meassage: [127, 123]
Fri Apr 05 16:52:10 ICT 2019: Board return with meassage: [127, 123]
Fri Apr 05 16:52:11 ICT 2019: Board return with meassage: [127, 123]
Fri Apr 05 16:52:12 ICT 2019: Board return with meassage: [127, 123]
Ends at Fri Apr 05 18:32:26 ICT 2019
Starts at Sat Apr 06 06:58:41 ICT 2019
Sat Apr 06 07:00:25 ICT 2019: hidDevice - null
Sat Apr 06 07:00:25 ICT 2019: Do not find HID device
Sun Apr 07 09:03:58 ICT 2019: hidDevice - null
Sun Apr 07 09:03:58 ICT 2019: Do not find HID device
Sun Apr 07 09:33:58 ICT 2019: hidDevice - null
Sun Apr 07 09:33:58 ICT 2019: Do not find HID device
Sun Apr 07 10:03:58 ICT 2019: hidDevice - null
Sun Apr 07 10:03:58 ICT 2019: Do not find HID device
Sun Apr 07 10:33:59 ICT 2019: hidDevice - null
Sun Apr 07 10:33:59 ICT 2019: Do not find HID device
Sun Apr 07 11:03:59 ICT 2019: hidDevice - null
Sun Apr 07 11:03:59 ICT 2019: Do not find HID device
Sun Apr 07 15:42:33 ICT 2019: hidDevice - null
Sun Apr 07 15:42:33 ICT 2019: Do not find HID device
Ends at Sun Apr 07 16:06:26 ICT 2019
Starts at Sun Apr 07 16:07:16 ICT 2019
Sun Apr 07 16:08:51 ICT 2019: hidDevice - null
Sun Apr 07 16:08:51 ICT 2019: Do not find HID device
Sun Apr 07 16:38:51 ICT 2019: hidDevice - null
Sun Apr 07 16:38:51 ICT 2019: Do not find HID device
Sun Apr 07 17:08:51 ICT 2019: hidDevice - null
Sun Apr 07 17:08:51 ICT 2019: Do not find HID device
Mon Apr 08 09:15:53 ICT 2019: hidDevice - null
Mon Apr 08 09:15:53 ICT 2019: Do not find HID device
Mon Apr 08 09:45:54 ICT 2019: hidDevice - null
Mon Apr 08 09:45:54 ICT 2019: Do not find HID device
Mon Apr 08 10:15:54 ICT 2019: hidDevice - null
Mon Apr 08 10:15:54 ICT 2019: Do not find HID device
Mon Apr 08 10:45:54 ICT 2019: hidDevice - null
Mon Apr 08 10:45:54 ICT 2019: Do not find HID device
Mon Apr 08 11:15:55 ICT 2019: hidDevice - null
Mon Apr 08 11:15:55 ICT 2019: Do not find HID device
Mon Apr 08 11:45:55 ICT 2019: hidDevice - null
Mon Apr 08 11:45:55 ICT 2019: Do not find HID device
Mon Apr 08 12:15:55 ICT 2019: hidDevice - null
Mon Apr 08 12:15:55 ICT 2019: Do not find HID device
Mon Apr 08 12:45:55 ICT 2019: hidDevice - null
Mon Apr 08 12:45:55 ICT 2019: Do not find HID device
Mon Apr 08 13:15:56 ICT 2019: hidDevice - null
Mon Apr 08 13:15:56 ICT 2019: Do not find HID device
Mon Apr 08 13:45:56 ICT 2019: hidDevice - null
Mon Apr 08 13:45:56 ICT 2019: Do not find HID device
Mon Apr 08 14:16:04 ICT 2019: hidDevice - null
Mon Apr 08 14:16:04 ICT 2019: Do not find HID device
Mon Apr 08 14:46:04 ICT 2019: hidDevice - null
Mon Apr 08 14:46:04 ICT 2019: Do not find HID device
Mon Apr 08 15:16:04 ICT 2019: hidDevice - null
Mon Apr 08 15:16:04 ICT 2019: Do not find HID device
Mon Apr 08 15:46:05 ICT 2019: hidDevice - null
Mon Apr 08 15:46:05 ICT 2019: Do not find HID device
Mon Apr 08 16:16:05 ICT 2019: hidDevice - null
Mon Apr 08 16:16:05 ICT 2019: Do not find HID device
Mon Apr 08 16:46:05 ICT 2019: hidDevice - null
Mon Apr 08 16:46:05 ICT 2019: Do not find HID device
Mon Apr 08 17:16:05 ICT 2019: hidDevice - null
Mon Apr 08 17:16:05 ICT 2019: Do not find HID device
Mon Apr 08 17:46:06 ICT 2019: hidDevice - null
Mon Apr 08 17:46:06 ICT 2019: Do not find HID device
Mon Apr 08 18:16:06 ICT 2019: hidDevice - null
Mon Apr 08 18:16:06 ICT 2019: Do not find HID device
Mon Apr 08 18:46:06 ICT 2019: hidDevice - null
Mon Apr 08 18:46:06 ICT 2019: Do not find HID device
Mon Apr 08 19:16:06 ICT 2019: hidDevice - null
Mon Apr 08 19:16:06 ICT 2019: Do not find HID device
Mon Apr 08 19:46:06 ICT 2019: hidDevice - null
Mon Apr 08 19:46:06 ICT 2019: Do not find HID device
Mon Apr 08 20:16:06 ICT 2019: hidDevice - null
Mon Apr 08 20:16:06 ICT 2019: Do not find HID device
Mon Apr 08 20:46:06 ICT 2019: hidDevice - null
Mon Apr 08 20:46:06 ICT 2019: Do not find HID device
Mon Apr 08 21:16:06 ICT 2019: hidDevice - null
Mon Apr 08 21:16:06 ICT 2019: Do not find HID device
Mon Apr 08 21:46:06 ICT 2019: hidDevice - null
Mon Apr 08 21:46:06 ICT 2019: Do not find HID device
Mon Apr 08 22:16:06 ICT 2019: hidDevice - null
Mon Apr 08 22:16:06 ICT 2019: Do not find HID device
Mon Apr 08 22:46:06 ICT 2019: hidDevice - null
Mon Apr 08 22:46:06 ICT 2019: Do not find HID device
Mon Apr 08 23:16:06 ICT 2019: hidDevice - null
Mon Apr 08 23:16:06 ICT 2019: Do not find HID device
Mon Apr 08 23:46:07 ICT 2019: hidDevice - null
Mon Apr 08 23:46:07 ICT 2019: Do not find HID device
Tue Apr 09 00:16:07 ICT 2019: hidDevice - null
Tue Apr 09 00:16:07 ICT 2019: Do not find HID device
Tue Apr 09 00:46:07 ICT 2019: hidDevice - null
Tue Apr 09 00:46:07 ICT 2019: Do not find HID device
Tue Apr 09 01:16:07 ICT 2019: hidDevice - null
Tue Apr 09 01:16:07 ICT 2019: Do not find HID device
Tue Apr 09 01:46:07 ICT 2019: hidDevice - null
Tue Apr 09 01:46:07 ICT 2019: Do not find HID device
Tue Apr 09 02:16:07 ICT 2019: hidDevice - null
Tue Apr 09 02:16:07 ICT 2019: Do not find HID device
Tue Apr 09 02:46:07 ICT 2019: hidDevice - null
Tue Apr 09 02:46:07 ICT 2019: Do not find HID device
Tue Apr 09 03:16:07 ICT 2019: hidDevice - null
Tue Apr 09 03:16:07 ICT 2019: Do not find HID device
Tue Apr 09 03:46:07 ICT 2019: hidDevice - null
Tue Apr 09 03:46:07 ICT 2019: Do not find HID device
Tue Apr 09 04:16:07 ICT 2019: hidDevice - null
Tue Apr 09 04:16:07 ICT 2019: Do not find HID device
Tue Apr 09 04:46:07 ICT 2019: hidDevice - null
Tue Apr 09 04:46:07 ICT 2019: Do not find HID device
Tue Apr 09 05:16:07 ICT 2019: hidDevice - null
Tue Apr 09 05:16:07 ICT 2019: Do not find HID device
Tue Apr 09 05:46:07 ICT 2019: hidDevice - null
Tue Apr 09 05:46:07 ICT 2019: Do not find HID device
Tue Apr 09 06:16:07 ICT 2019: hidDevice - null
Tue Apr 09 06:16:07 ICT 2019: Do not find HID device
Tue Apr 09 06:46:08 ICT 2019: hidDevice - null
Tue Apr 09 06:46:08 ICT 2019: Do not find HID device
Tue Apr 09 07:16:08 ICT 2019: hidDevice - null
Tue Apr 09 07:16:08 ICT 2019: Do not find HID device
Tue Apr 09 07:46:08 ICT 2019: hidDevice - null
Tue Apr 09 07:46:08 ICT 2019: Do not find HID device
Tue Apr 09 08:16:08 ICT 2019: hidDevice - null
Tue Apr 09 08:16:08 ICT 2019: Do not find HID device
Tue Apr 09 08:46:08 ICT 2019: hidDevice - null
Tue Apr 09 08:46:08 ICT 2019: Do not find HID device
Tue Apr 09 09:16:08 ICT 2019: hidDevice - null
Tue Apr 09 09:16:08 ICT 2019: Do not find HID device
Tue Apr 09 09:46:08 ICT 2019: hidDevice - null
Tue Apr 09 09:46:08 ICT 2019: Do not find HID device
Tue Apr 09 10:16:08 ICT 2019: hidDevice - null
Tue Apr 09 10:16:08 ICT 2019: Do not find HID device
Tue Apr 09 10:46:08 ICT 2019: hidDevice - null
Tue Apr 09 10:46:08 ICT 2019: Do not find HID device
Tue Apr 09 11:16:08 ICT 2019: hidDevice - null
Tue Apr 09 11:16:08 ICT 2019: Do not find HID device
Tue Apr 09 11:46:08 ICT 2019: hidDevice - null
Tue Apr 09 11:46:08 ICT 2019: Do not find HID device
Tue Apr 09 12:16:08 ICT 2019: hidDevice - null
Tue Apr 09 12:16:08 ICT 2019: Do not find HID device
Tue Apr 09 12:46:08 ICT 2019: hidDevice - null
Tue Apr 09 12:46:08 ICT 2019: Do not find HID device
Tue Apr 09 13:16:09 ICT 2019: hidDevice - null
Tue Apr 09 13:16:09 ICT 2019: Do not find HID device
Tue Apr 09 13:46:09 ICT 2019: hidDevice - null
Tue Apr 09 13:46:09 ICT 2019: Do not find HID device
Tue Apr 09 14:16:09 ICT 2019: hidDevice - null
Tue Apr 09 14:16:09 ICT 2019: Do not find HID device
Tue Apr 09 14:46:09 ICT 2019: hidDevice - null
Tue Apr 09 14:46:09 ICT 2019: Do not find HID device
Tue Apr 09 15:16:09 ICT 2019: hidDevice - null
Tue Apr 09 15:16:09 ICT 2019: Do not find HID device
