2019-04-05 15:50:35 INFO  file1:58 - Check log to send email
2019-04-05 15:51:44 INFO  file1:37 - Starting HID services.
2019-04-05 15:51:47 INFO  file1:65 - hidDevice: HidDevice [vendorId=0x461, productId=0x20, product=CCS HID Demo]
2019-04-05 15:55:01 INFO  file1:128 - Board return with meassage: [127, 123]
2019-04-05 15:55:02 INFO  file1:128 - Board return with meassage: [127, 123]
2019-04-05 15:55:03 INFO  file1:128 - Board return with meassage: [127, 123]
2019-04-05 15:55:04 INFO  file1:128 - Board return with meassage: [127, 123]
2019-04-05 15:55:05 INFO  file1:128 - Board return with meassage: [127, 123]
2019-04-05 15:55:06 INFO  file1:128 - Board return with meassage: [127, 123]
2019-04-05 15:55:07 INFO  file1:128 - Board return with meassage: [127, 123]
2019-04-05 15:55:08 INFO  file1:128 - Board return with meassage: [127, 123]
2019-04-05 15:55:09 INFO  file1:128 - Board return with meassage: [127, 123]
2019-04-05 15:55:10 INFO  file1:128 - Board return with meassage: [127, 123]
2019-04-05 15:55:11 INFO  file1:128 - Board return with meassage: [127, 123]
2019-04-05 15:55:12 INFO  file1:128 - Board return with meassage: [127, 123]
2019-04-05 15:55:13 INFO  file1:128 - Board return with meassage: [127, 123]
2019-04-05 15:55:14 INFO  file1:128 - Board return with meassage: [127, 123]
2019-04-05 15:55:15 INFO  file1:128 - Board return with meassage: [127, 123]
2019-04-05 15:55:16 INFO  file1:128 - Board return with meassage: [127, 123]
2019-04-05 15:55:17 INFO  file1:128 - Board return with meassage: [127, 123]
2019-04-05 15:55:18 INFO  file1:128 - Board return with meassage: [127, 123]
2019-04-05 15:55:19 INFO  file1:128 - Board return with meassage: [127, 123]
2019-04-05 15:55:20 INFO  file1:128 - Board return with meassage: [127, 123]
2019-04-05 15:55:37 INFO  file1:128 - Board return with meassage: [127, 123]
2019-04-05 15:55:38 INFO  file1:128 - Board return with meassage: [127, 123]
2019-04-05 15:55:39 INFO  file1:128 - Board return with meassage: [127, 123]
2019-04-05 15:55:40 INFO  file1:128 - Board return with meassage: [127, 123]
2019-04-05 16:08:46 INFO  file1:128 - Board return with meassage: [127, 123]
2019-04-05 16:08:47 INFO  file1:128 - Board return with meassage: [127, 123]
2019-04-05 16:08:49 INFO  file1:128 - Board return with meassage: [127, 123]
2019-04-05 16:08:50 INFO  file1:128 - Board return with meassage: [127, 123]
2019-04-05 16:12:07 INFO  file1:58 - Check log to send email
2019-04-05 16:12:13 ERROR file1:138 - Exception: Cannot connect to emailnull
2019-04-05 16:13:16 INFO  file1:37 - Starting HID services.
2019-04-05 16:13:18 INFO  file1:84 - Add device: HidDevice [vendorId=0xffff8087, productId=0xa1e, product=null]
2019-04-05 16:13:18 INFO  file1:84 - Add device: HidDevice [vendorId=0xffff8087, productId=0xa1e, product=null]
2019-04-05 16:13:18 INFO  file1:84 - Add device: HidDevice [vendorId=0xffff8087, productId=0xa1e, product=null]
2019-04-05 16:13:18 INFO  file1:84 - Add device: HidDevice [vendorId=0xffff8087, productId=0xa1e, product=null]
2019-04-05 16:13:18 INFO  file1:84 - Add device: HidDevice [vendorId=0x6cb, productId=0x78f6, product=HIDI2C Device]
2019-04-05 16:13:18 INFO  file1:84 - Add device: HidDevice [vendorId=0x46d, productId=0xffffc534, product=USB Receiver]
2019-04-05 16:13:18 INFO  file1:84 - Add device: HidDevice [vendorId=0x6cb, productId=0x78f6, product=HIDI2C Device]
2019-04-05 16:13:18 INFO  file1:84 - Add device: HidDevice [vendorId=0xffff8087, productId=0xa1e, product=null]
2019-04-05 16:13:18 INFO  file1:84 - Add device: HidDevice [vendorId=0x46d, productId=0xffffc534, product=USB Receiver]
2019-04-05 16:13:18 INFO  file1:84 - Add device: HidDevice [vendorId=0x46d, productId=0xffffc534, product=USB Receiver]
2019-04-05 16:13:18 INFO  file1:84 - Add device: HidDevice [vendorId=0xffff8087, productId=0xa1e, product=null]
2019-04-05 16:13:18 INFO  file1:84 - Add device: HidDevice [vendorId=0xffff8087, productId=0xa1e, product=null]
2019-04-05 16:13:18 INFO  file1:84 - Add device: HidDevice [vendorId=0xffff8087, productId=0xa1e, product=null]
2019-04-05 16:13:18 INFO  file1:65 - hidDevice: HidDevice [vendorId=0x461, productId=0x20, product=CCS HID Demo]
2019-04-05 16:13:18 INFO  file1:84 - Add device: HidDevice [vendorId=0x45e, productId=0x0, product=null]
2019-04-05 16:13:18 INFO  file1:84 - Add device: HidDevice [vendorId=0x45e, productId=0x0, product=null]
2019-04-05 16:13:19 INFO  file1:84 - Add device: HidDevice [vendorId=0xffff8087, productId=0xa1e, product=null]
2019-04-05 16:13:19 INFO  file1:84 - Add device: HidDevice [vendorId=0xffff8087, productId=0xa1e, product=null]
2019-04-05 16:13:19 INFO  file1:84 - Add device: HidDevice [vendorId=0xffff8087, productId=0xa1e, product=null]
2019-04-05 16:13:19 INFO  file1:84 - Add device: HidDevice [vendorId=0x45e, productId=0x0, product=null]
2019-04-05 16:13:19 INFO  file1:84 - Add device: HidDevice [vendorId=0xffff8087, productId=0xa1e, product=null]
2019-04-05 16:13:19 INFO  file1:84 - Add device: HidDevice [vendorId=0x46d, productId=0xffffc534, product=USB Receiver]
2019-04-05 16:13:19 INFO  file1:84 - Add device: HidDevice [vendorId=0x461, productId=0x20, product=CCS HID Demo]
2019-04-05 16:13:28 INFO  file1:128 - Board return with meassage: [127, 123]
2019-04-05 16:13:29 INFO  file1:128 - Board return with meassage: [127, 123]
2019-04-05 16:13:30 INFO  file1:128 - Board return with meassage: [127, 123]
2019-04-05 16:13:31 INFO  file1:128 - Board return with meassage: [127, 123]
2019-04-05 16:17:15 INFO  file1:58 - Check log to send email
2019-04-05 16:17:15 INFO  file1:90 - AAAAAAAAAAA: null
2019-04-05 16:17:22 INFO  file1:106 - BBBBBBB: null
2019-04-05 16:17:22 ERROR file1:145 - Exception: Cannot connect to emailnull
2019-04-05 16:18:22 INFO  file1:37 - Starting HID services.
2019-04-05 16:18:24 INFO  file1:65 - hidDevice: HidDevice [vendorId=0x461, productId=0x20, product=CCS HID Demo]
2019-04-05 16:21:11 INFO  file1:58 - Check log to send email
2019-04-05 16:22:17 INFO  file1:37 - Starting HID services.
2019-04-05 16:22:19 INFO  file1:65 - hidDevice: HidDevice [vendorId=0x461, productId=0x20, product=CCS HID Demo]
2019-04-05 16:23:24 INFO  file1:58 - Check log to send email
2019-04-05 16:23:24 INFO  file1:91 - AAAAAAAAAAA: quannguyen@savarti.com
2019-04-05 16:23:28 INFO  file1:107 - BBBBBBB: quannguyen@savarti.com
2019-04-05 16:23:33 INFO  file1:126 - CCCCCCCCCCC: 
2019-04-05 16:23:35 INFO  file1:129 - DDDDDD: 
2019-04-05 16:23:35 INFO  file1:136 -  - Send Mail  To quannguyen@savarti.com - Subject: Warning - MFC - VM-2: Vending machine notification - Message: 32 lines
2019-04-05 16:24:35 INFO  file1:37 - Starting HID services.
2019-04-05 16:24:37 INFO  file1:84 - Add device: HidDevice [vendorId=0xffff8087, productId=0xa1e, product=null]
2019-04-05 16:24:37 INFO  file1:84 - Add device: HidDevice [vendorId=0xffff8087, productId=0xa1e, product=null]
2019-04-05 16:24:37 INFO  file1:84 - Add device: HidDevice [vendorId=0xffff8087, productId=0xa1e, product=null]
2019-04-05 16:24:37 INFO  file1:84 - Add device: HidDevice [vendorId=0x6cb, productId=0x78f6, product=HIDI2C Device]
2019-04-05 16:24:37 INFO  file1:84 - Add device: HidDevice [vendorId=0x46d, productId=0xffffc534, product=USB Receiver]
2019-04-05 16:24:37 INFO  file1:84 - Add device: HidDevice [vendorId=0x6cb, productId=0x78f6, product=HIDI2C Device]
2019-04-05 16:24:37 INFO  file1:84 - Add device: HidDevice [vendorId=0xffff8087, productId=0xa1e, product=null]
2019-04-05 16:24:37 INFO  file1:84 - Add device: HidDevice [vendorId=0x46d, productId=0xffffc534, product=USB Receiver]
2019-04-05 16:24:37 INFO  file1:84 - Add device: HidDevice [vendorId=0x46d, productId=0xffffc534, product=USB Receiver]
2019-04-05 16:24:37 INFO  file1:84 - Add device: HidDevice [vendorId=0xffff8087, productId=0xa1e, product=null]
2019-04-05 16:24:37 INFO  file1:84 - Add device: HidDevice [vendorId=0xffff8087, productId=0xa1e, product=null]
2019-04-05 16:24:37 INFO  file1:84 - Add device: HidDevice [vendorId=0xffff8087, productId=0xa1e, product=null]
2019-04-05 16:24:37 INFO  file1:84 - Add device: HidDevice [vendorId=0x45e, productId=0x0, product=null]
2019-04-05 16:24:37 INFO  file1:84 - Add device: HidDevice [vendorId=0x45e, productId=0x0, product=null]
2019-04-05 16:24:37 INFO  file1:84 - Add device: HidDevice [vendorId=0xffff8087, productId=0xa1e, product=null]
2019-04-05 16:24:37 INFO  file1:84 - Add device: HidDevice [vendorId=0xffff8087, productId=0xa1e, product=null]
2019-04-05 16:24:37 INFO  file1:84 - Add device: HidDevice [vendorId=0xffff8087, productId=0xa1e, product=null]
2019-04-05 16:24:37 INFO  file1:84 - Add device: HidDevice [vendorId=0x45e, productId=0x0, product=null]
2019-04-05 16:24:37 INFO  file1:84 - Add device: HidDevice [vendorId=0xffff8087, productId=0xa1e, product=null]
2019-04-05 16:24:37 INFO  file1:84 - Add device: HidDevice [vendorId=0x46d, productId=0xffffc534, product=USB Receiver]
2019-04-05 16:24:37 INFO  file1:84 - Add device: HidDevice [vendorId=0x461, productId=0x20, product=CCS HID Demo]
2019-04-05 16:24:37 INFO  file1:65 - hidDevice: HidDevice [vendorId=0x461, productId=0x20, product=CCS HID Demo]
2019-04-05 16:24:40 INFO  file1:128 - Board return with meassage: [127, 123]
2019-04-05 16:24:41 INFO  file1:128 - Board return with meassage: [127, 123]
2019-04-05 16:24:42 INFO  file1:128 - Board return with meassage: [127, 123]
2019-04-05 16:24:43 INFO  file1:128 - Board return with meassage: [127, 123]
2019-04-05 16:24:44 INFO  file1:128 - Board return with meassage: [127, 123]
2019-04-05 16:24:45 INFO  file1:128 - Board return with meassage: [127, 123]
2019-04-05 16:24:46 INFO  file1:128 - Board return with meassage: [127, 123]
2019-04-05 16:24:47 INFO  file1:128 - Board return with meassage: [127, 123]
2019-04-05 16:24:48 INFO  file1:128 - Board return with meassage: [127, 123]
2019-04-05 16:24:49 INFO  file1:128 - Board return with meassage: [127, 123]
2019-04-05 16:24:50 INFO  file1:128 - Board return with meassage: [127, 123]
2019-04-05 16:24:51 INFO  file1:128 - Board return with meassage: [127, 123]
2019-04-05 16:24:52 INFO  file1:128 - Board return with meassage: [127, 123]
2019-04-05 16:24:53 INFO  file1:128 - Board return with meassage: [127, 123]
2019-04-05 16:24:54 INFO  file1:128 - Board return with meassage: [127, 123]
2019-04-05 16:24:55 INFO  file1:128 - Board return with meassage: [127, 123]
2019-04-05 16:24:56 INFO  file1:128 - Board return with meassage: [127, 123]
2019-04-05 16:24:57 INFO  file1:128 - Board return with meassage: [127, 123]
2019-04-05 16:24:58 INFO  file1:128 - Board return with meassage: [127, 123]
2019-04-05 16:24:59 INFO  file1:128 - Board return with meassage: [127, 123]
2019-04-05 16:25:00 INFO  file1:128 - Board return with meassage: [127, 123]
2019-04-05 16:25:01 INFO  file1:128 - Board return with meassage: [127, 123]
2019-04-05 16:25:07 INFO  file1:128 - Board return with meassage: [127, 123]
2019-04-05 16:25:08 INFO  file1:128 - Board return with meassage: [127, 123]
2019-04-05 16:25:09 INFO  file1:128 - Board return with meassage: [127, 123]
2019-04-05 16:38:50 INFO  file1:58 - Check log to send email
2019-04-05 16:38:50 INFO  file1:91 - AAAAAAAAAAA: quannguyen@savarti.com
2019-04-05 16:38:54 INFO  file1:107 - BBBBBBB: quannguyen@savarti.com
2019-04-05 16:38:59 INFO  file1:126 - CCCCCCCCCCC: 
2019-04-05 16:38:59 INFO  file1:129 - DDDDDD: 
2019-04-05 16:38:59 INFO  file1:136 -  - Send Mail  To quannguyen@savarti.com - Subject: Warning - MFC - VM-2: Vending machine notification - Message: 25 lines
2019-04-05 16:44:00 INFO  file1:128 - Board return with meassage: [127, 123]
2019-04-05 16:44:01 INFO  file1:128 - Board return with meassage: [127, 123]
2019-04-05 16:44:02 INFO  file1:128 - Board return with meassage: [127, 123]
2019-04-05 16:44:03 INFO  file1:128 - Board return with meassage: [127, 123]
2019-04-05 16:44:04 INFO  file1:128 - Board return with meassage: [127, 123]
2019-04-05 16:44:05 INFO  file1:128 - Board return with meassage: [127, 123]
2019-04-05 16:44:06 INFO  file1:128 - Board return with meassage: [127, 123]
2019-04-05 16:44:07 INFO  file1:128 - Board return with meassage: [127, 123]
2019-04-05 16:44:08 INFO  file1:128 - Board return with meassage: [127, 123]
2019-04-05 16:44:09 INFO  file1:128 - Board return with meassage: [127, 123]
2019-04-05 16:44:10 INFO  file1:128 - Board return with meassage: [127, 123]
2019-04-05 16:52:09 INFO  file1:128 - Board return with meassage: [127, 123]
2019-04-05 16:52:10 INFO  file1:128 - Board return with meassage: [127, 123]
2019-04-05 16:52:11 INFO  file1:128 - Board return with meassage: [127, 123]
2019-04-05 16:52:12 INFO  file1:128 - Board return with meassage: [127, 123]
2019-04-05 16:54:14 INFO  file1:58 - Check log to send email
2019-04-05 16:54:14 INFO  file1:91 - AAAAAAAAAAA: quannguyen@savarti.com
2019-04-05 16:54:19 INFO  file1:107 - BBBBBBB: quannguyen@savarti.com
2019-04-05 16:54:24 INFO  file1:126 - CCCCCCCCCCC: 
2019-04-05 16:54:24 INFO  file1:129 - DDDDDD: 
2019-04-05 16:54:24 INFO  file1:136 -  - Send Mail  To quannguyen@savarti.com - Subject: Warning - MFC - VM-2: Vending machine notification - Message: 15 lines
2019-04-05 17:09:39 INFO  file1:58 - Check log to send email
2019-04-05 17:24:54 INFO  file1:58 - Check log to send email
2019-04-05 17:40:09 INFO  file1:58 - Check log to send email
2019-04-05 17:55:24 INFO  file1:58 - Check log to send email
2019-04-05 18:10:39 INFO  file1:58 - Check log to send email
2019-04-05 18:25:54 INFO  file1:58 - Check log to send email
2019-04-05 18:31:48 INFO  file1:95 - Remove device: HidDevice [vendorId=0x461, productId=0x20, product=CCS HID Demo]
2019-04-06 06:58:56 INFO  file1:58 - Check log to send email
2019-04-06 07:00:21 INFO  file1:37 - Starting HID services.
2019-04-06 07:00:24 INFO  file1:84 - Add device: HidDevice [vendorId=0xffff8087, productId=0xa1e, product=null]
2019-04-06 07:00:24 INFO  file1:84 - Add device: HidDevice [vendorId=0xffff8087, productId=0xa1e, product=null]
2019-04-06 07:00:24 INFO  file1:84 - Add device: HidDevice [vendorId=0x46d, productId=0xffffc534, product=USB Receiver]
2019-04-06 07:00:24 INFO  file1:84 - Add device: HidDevice [vendorId=0xffff8087, productId=0xa1e, product=null]
2019-04-06 07:00:24 INFO  file1:84 - Add device: HidDevice [vendorId=0xffff8087, productId=0xa1e, product=null]
2019-04-06 07:00:24 INFO  file1:84 - Add device: HidDevice [vendorId=0xffff8087, productId=0xa1e, product=null]
2019-04-06 07:00:24 INFO  file1:84 - Add device: HidDevice [vendorId=0xffff8087, productId=0xa1e, product=null]
2019-04-06 07:00:24 INFO  file1:84 - Add device: HidDevice [vendorId=0x6cb, productId=0x78f6, product=HIDI2C Device]
2019-04-06 07:00:24 INFO  file1:84 - Add device: HidDevice [vendorId=0x46d, productId=0xffffc534, product=USB Receiver]
2019-04-06 07:00:24 INFO  file1:84 - Add device: HidDevice [vendorId=0x6cb, productId=0x78f6, product=HIDI2C Device]
2019-04-06 07:00:24 INFO  file1:84 - Add device: HidDevice [vendorId=0xffff8087, productId=0xa1e, product=null]
2019-04-06 07:00:24 INFO  file1:84 - Add device: HidDevice [vendorId=0x46d, productId=0xffffc534, product=USB Receiver]
2019-04-06 07:00:24 INFO  file1:84 - Add device: HidDevice [vendorId=0x46d, productId=0xffffc534, product=USB Receiver]
2019-04-06 07:00:24 INFO  file1:84 - Add device: HidDevice [vendorId=0xffff8087, productId=0xa1e, product=null]
2019-04-06 07:00:24 INFO  file1:84 - Add device: HidDevice [vendorId=0xffff8087, productId=0xa1e, product=null]
2019-04-06 07:00:24 INFO  file1:84 - Add device: HidDevice [vendorId=0xffff8087, productId=0xa1e, product=null]
2019-04-06 07:00:24 INFO  file1:84 - Add device: HidDevice [vendorId=0x45e, productId=0x0, product=null]
2019-04-06 07:00:24 INFO  file1:84 - Add device: HidDevice [vendorId=0x45e, productId=0x0, product=null]
2019-04-06 07:00:24 INFO  file1:84 - Add device: HidDevice [vendorId=0xffff8087, productId=0xa1e, product=null]
2019-04-06 07:00:24 INFO  file1:84 - Add device: HidDevice [vendorId=0xffff8087, productId=0xa1e, product=null]
2019-04-06 07:00:25 INFO  file1:65 - hidDevice: null
2019-04-06 07:00:25 INFO  file1:84 - Add device: HidDevice [vendorId=0xffff8087, productId=0xa1e, product=null]
2019-04-06 07:00:25 ERROR file1:74 - Do not find HID device
2019-04-06 07:00:25 INFO  file1:84 - Add device: HidDevice [vendorId=0x45e, productId=0x0, product=null]
2019-04-06 07:00:25 INFO  file1:84 - Add device: HidDevice [vendorId=0xffff8087, productId=0xa1e, product=null]
2019-04-06 07:00:25 INFO  file1:84 - Add device: HidDevice [vendorId=0x46d, productId=0xffffc534, product=USB Receiver]
2019-04-06 12:36:52 INFO  file1:58 - Check log to send email
2019-04-07 09:02:59 INFO  file1:58 - Check log to send email
2019-04-07 09:03:58 INFO  file1:37 - Starting HID services.
2019-04-07 09:03:58 INFO  file1:65 - hidDevice: null
2019-04-07 09:03:58 ERROR file1:74 - Do not find HID device
2019-04-07 09:18:14 INFO  file1:58 - Check log to send email
2019-04-07 09:33:29 INFO  file1:58 - Check log to send email
2019-04-07 09:33:58 INFO  file1:37 - Starting HID services.
2019-04-07 09:33:58 INFO  file1:65 - hidDevice: null
2019-04-07 09:33:58 ERROR file1:74 - Do not find HID device
2019-04-07 09:48:44 INFO  file1:58 - Check log to send email
2019-04-07 10:03:58 INFO  file1:37 - Starting HID services.
2019-04-07 10:03:58 INFO  file1:65 - hidDevice: null
2019-04-07 10:03:58 ERROR file1:74 - Do not find HID device
2019-04-07 10:03:59 INFO  file1:58 - Check log to send email
2019-04-07 10:19:14 INFO  file1:58 - Check log to send email
2019-04-07 10:33:58 INFO  file1:37 - Starting HID services.
2019-04-07 10:33:59 INFO  file1:65 - hidDevice: null
2019-04-07 10:33:59 ERROR file1:74 - Do not find HID device
2019-04-07 10:34:29 INFO  file1:58 - Check log to send email
2019-04-07 10:49:44 INFO  file1:58 - Check log to send email
2019-04-07 11:03:59 INFO  file1:37 - Starting HID services.
2019-04-07 11:03:59 INFO  file1:65 - hidDevice: null
2019-04-07 11:03:59 ERROR file1:74 - Do not find HID device
2019-04-07 11:04:59 INFO  file1:58 - Check log to send email
2019-04-07 15:28:48 INFO  file1:58 - Check log to send email
2019-04-07 15:42:33 INFO  file1:37 - Starting HID services.
2019-04-07 15:42:33 INFO  file1:65 - hidDevice: null
2019-04-07 15:42:33 ERROR file1:74 - Do not find HID device
2019-04-07 15:44:03 INFO  file1:58 - Check log to send email
2019-04-07 15:59:18 INFO  file1:58 - Check log to send email
2019-04-07 16:06:27 ERROR file1:198 - Exception: Cannot connect to email Couldn't connect to host, port: mail.tqteam.net, 25; timeout -1
2019-04-07 16:07:31 INFO  file1:58 - Check log to send email
2019-04-07 16:08:49 INFO  file1:37 - Starting HID services.
2019-04-07 16:08:51 INFO  file1:65 - hidDevice: null
2019-04-07 16:08:51 ERROR file1:74 - Do not find HID device
2019-04-07 16:22:47 INFO  file1:58 - Check log to send email
2019-04-07 16:38:02 INFO  file1:58 - Check log to send email
2019-04-07 16:38:51 INFO  file1:37 - Starting HID services.
2019-04-07 16:38:51 INFO  file1:65 - hidDevice: null
2019-04-07 16:38:51 ERROR file1:74 - Do not find HID device
2019-04-07 16:53:17 INFO  file1:58 - Check log to send email
2019-04-07 17:08:32 INFO  file1:58 - Check log to send email
2019-04-07 17:08:51 INFO  file1:37 - Starting HID services.
2019-04-07 17:08:51 INFO  file1:65 - hidDevice: null
2019-04-07 17:08:51 ERROR file1:74 - Do not find HID device
2019-04-08 09:00:48 INFO  file1:58 - Check log to send email
2019-04-08 09:15:53 INFO  file1:37 - Starting HID services.
2019-04-08 09:15:53 INFO  file1:65 - hidDevice: null
2019-04-08 09:15:53 ERROR file1:74 - Do not find HID device
2019-04-08 09:16:03 INFO  file1:58 - Check log to send email
2019-04-08 09:31:19 INFO  file1:58 - Check log to send email
2019-04-08 09:45:53 INFO  file1:37 - Starting HID services.
2019-04-08 09:45:54 INFO  file1:65 - hidDevice: null
2019-04-08 09:45:54 ERROR file1:74 - Do not find HID device
2019-04-08 09:46:34 INFO  file1:58 - Check log to send email
2019-04-08 10:01:49 INFO  file1:58 - Check log to send email
2019-04-08 10:15:54 INFO  file1:37 - Starting HID services.
2019-04-08 10:15:54 INFO  file1:65 - hidDevice: null
2019-04-08 10:15:54 ERROR file1:74 - Do not find HID device
2019-04-08 10:17:04 INFO  file1:58 - Check log to send email
2019-04-08 10:32:19 INFO  file1:58 - Check log to send email
2019-04-08 10:45:54 INFO  file1:37 - Starting HID services.
2019-04-08 10:45:54 INFO  file1:65 - hidDevice: null
2019-04-08 10:45:54 ERROR file1:74 - Do not find HID device
2019-04-08 10:47:34 INFO  file1:58 - Check log to send email
2019-04-08 11:02:49 INFO  file1:58 - Check log to send email
2019-04-08 11:15:54 INFO  file1:37 - Starting HID services.
2019-04-08 11:15:55 INFO  file1:65 - hidDevice: null
2019-04-08 11:15:55 ERROR file1:74 - Do not find HID device
2019-04-08 11:18:04 INFO  file1:58 - Check log to send email
2019-04-08 11:33:20 INFO  file1:58 - Check log to send email
2019-04-08 11:45:55 INFO  file1:37 - Starting HID services.
2019-04-08 11:45:55 INFO  file1:65 - hidDevice: null
2019-04-08 11:45:55 ERROR file1:74 - Do not find HID device
2019-04-08 11:48:35 INFO  file1:58 - Check log to send email
2019-04-08 12:03:50 INFO  file1:58 - Check log to send email
2019-04-08 12:15:55 INFO  file1:37 - Starting HID services.
2019-04-08 12:15:55 INFO  file1:65 - hidDevice: null
2019-04-08 12:15:55 ERROR file1:74 - Do not find HID device
2019-04-08 12:19:05 INFO  file1:58 - Check log to send email
2019-04-08 12:34:21 INFO  file1:58 - Check log to send email
2019-04-08 12:45:55 INFO  file1:37 - Starting HID services.
2019-04-08 12:45:55 INFO  file1:65 - hidDevice: null
2019-04-08 12:45:55 ERROR file1:74 - Do not find HID device
2019-04-08 12:49:36 INFO  file1:58 - Check log to send email
2019-04-08 13:04:51 INFO  file1:58 - Check log to send email
2019-04-08 13:15:55 INFO  file1:37 - Starting HID services.
2019-04-08 13:15:56 INFO  file1:65 - hidDevice: null
2019-04-08 13:15:56 ERROR file1:74 - Do not find HID device
2019-04-08 13:20:06 INFO  file1:58 - Check log to send email
2019-04-08 13:35:21 INFO  file1:58 - Check log to send email
2019-04-08 13:45:56 INFO  file1:37 - Starting HID services.
2019-04-08 13:45:56 INFO  file1:65 - hidDevice: null
2019-04-08 13:45:56 ERROR file1:74 - Do not find HID device
2019-04-08 13:50:36 INFO  file1:58 - Check log to send email
2019-04-08 14:05:52 INFO  file1:58 - Check log to send email
2019-04-08 14:16:03 INFO  file1:37 - Starting HID services.
2019-04-08 14:16:04 INFO  file1:65 - hidDevice: null
2019-04-08 14:16:04 ERROR file1:74 - Do not find HID device
2019-04-08 14:21:12 INFO  file1:58 - Check log to send email
2019-04-08 14:36:28 INFO  file1:58 - Check log to send email
2019-04-08 14:46:04 INFO  file1:37 - Starting HID services.
2019-04-08 14:46:04 INFO  file1:65 - hidDevice: null
2019-04-08 14:46:04 ERROR file1:74 - Do not find HID device
2019-04-08 14:51:43 INFO  file1:58 - Check log to send email
2019-04-08 15:06:58 INFO  file1:58 - Check log to send email
2019-04-08 15:16:04 INFO  file1:37 - Starting HID services.
2019-04-08 15:16:04 INFO  file1:65 - hidDevice: null
2019-04-08 15:16:04 ERROR file1:74 - Do not find HID device
2019-04-08 15:22:13 INFO  file1:58 - Check log to send email
2019-04-08 15:37:28 INFO  file1:58 - Check log to send email
2019-04-08 15:46:04 INFO  file1:37 - Starting HID services.
2019-04-08 15:46:05 INFO  file1:65 - hidDevice: null
2019-04-08 15:46:05 ERROR file1:74 - Do not find HID device
2019-04-08 15:52:43 INFO  file1:58 - Check log to send email
2019-04-08 16:07:58 INFO  file1:58 - Check log to send email
2019-04-08 16:16:05 INFO  file1:37 - Starting HID services.
2019-04-08 16:16:05 INFO  file1:65 - hidDevice: null
2019-04-08 16:16:05 ERROR file1:74 - Do not find HID device
2019-04-08 16:23:13 INFO  file1:58 - Check log to send email
2019-04-08 16:38:28 INFO  file1:58 - Check log to send email
2019-04-08 16:46:05 INFO  file1:37 - Starting HID services.
2019-04-08 16:46:05 INFO  file1:65 - hidDevice: null
2019-04-08 16:46:05 ERROR file1:74 - Do not find HID device
2019-04-08 16:53:43 INFO  file1:58 - Check log to send email
2019-04-08 17:08:59 INFO  file1:58 - Check log to send email
2019-04-08 17:16:05 INFO  file1:37 - Starting HID services.
2019-04-08 17:16:05 INFO  file1:65 - hidDevice: null
2019-04-08 17:16:05 ERROR file1:74 - Do not find HID device
2019-04-08 17:24:14 INFO  file1:58 - Check log to send email
2019-04-08 17:39:29 INFO  file1:58 - Check log to send email
2019-04-08 17:46:05 INFO  file1:37 - Starting HID services.
2019-04-08 17:46:06 INFO  file1:65 - hidDevice: null
2019-04-08 17:46:06 ERROR file1:74 - Do not find HID device
2019-04-08 17:54:44 INFO  file1:58 - Check log to send email
2019-04-08 18:09:59 INFO  file1:58 - Check log to send email
2019-04-08 18:16:06 INFO  file1:37 - Starting HID services.
2019-04-08 18:16:06 INFO  file1:65 - hidDevice: null
2019-04-08 18:16:06 ERROR file1:74 - Do not find HID device
2019-04-08 18:25:14 INFO  file1:58 - Check log to send email
2019-04-08 18:40:29 INFO  file1:58 - Check log to send email
2019-04-08 18:46:06 INFO  file1:37 - Starting HID services.
2019-04-08 18:46:06 INFO  file1:65 - hidDevice: null
2019-04-08 18:46:06 ERROR file1:74 - Do not find HID device
2019-04-08 18:55:44 INFO  file1:58 - Check log to send email
2019-04-08 19:10:59 INFO  file1:58 - Check log to send email
2019-04-08 19:16:06 INFO  file1:37 - Starting HID services.
2019-04-08 19:16:06 INFO  file1:65 - hidDevice: null
2019-04-08 19:16:06 ERROR file1:74 - Do not find HID device
2019-04-08 19:26:14 INFO  file1:58 - Check log to send email
2019-04-08 19:41:29 INFO  file1:58 - Check log to send email
2019-04-08 19:46:06 INFO  file1:37 - Starting HID services.
2019-04-08 19:46:06 INFO  file1:65 - hidDevice: null
2019-04-08 19:46:06 ERROR file1:74 - Do not find HID device
2019-04-08 19:56:44 INFO  file1:58 - Check log to send email
2019-04-08 20:11:59 INFO  file1:58 - Check log to send email
2019-04-08 20:16:06 INFO  file1:37 - Starting HID services.
2019-04-08 20:16:06 INFO  file1:65 - hidDevice: null
2019-04-08 20:16:06 ERROR file1:74 - Do not find HID device
2019-04-08 20:27:14 INFO  file1:58 - Check log to send email
2019-04-08 20:42:29 INFO  file1:58 - Check log to send email
2019-04-08 20:46:06 INFO  file1:37 - Starting HID services.
2019-04-08 20:46:06 INFO  file1:65 - hidDevice: null
2019-04-08 20:46:06 ERROR file1:74 - Do not find HID device
2019-04-08 20:57:44 INFO  file1:58 - Check log to send email
2019-04-08 21:12:59 INFO  file1:58 - Check log to send email
2019-04-08 21:16:06 INFO  file1:37 - Starting HID services.
2019-04-08 21:16:06 INFO  file1:65 - hidDevice: null
2019-04-08 21:16:06 ERROR file1:74 - Do not find HID device
2019-04-08 21:28:14 INFO  file1:58 - Check log to send email
2019-04-08 21:43:29 INFO  file1:58 - Check log to send email
2019-04-08 21:46:06 INFO  file1:37 - Starting HID services.
2019-04-08 21:46:06 INFO  file1:65 - hidDevice: null
2019-04-08 21:46:06 ERROR file1:74 - Do not find HID device
2019-04-08 21:58:44 INFO  file1:58 - Check log to send email
2019-04-08 22:13:59 INFO  file1:58 - Check log to send email
2019-04-08 22:16:06 INFO  file1:37 - Starting HID services.
2019-04-08 22:16:06 INFO  file1:65 - hidDevice: null
2019-04-08 22:16:06 ERROR file1:74 - Do not find HID device
2019-04-08 22:29:14 INFO  file1:58 - Check log to send email
2019-04-08 22:44:29 INFO  file1:58 - Check log to send email
2019-04-08 22:46:06 INFO  file1:37 - Starting HID services.
2019-04-08 22:46:06 INFO  file1:65 - hidDevice: null
2019-04-08 22:46:06 ERROR file1:74 - Do not find HID device
2019-04-08 22:59:44 INFO  file1:58 - Check log to send email
2019-04-08 23:14:59 INFO  file1:58 - Check log to send email
2019-04-08 23:16:06 INFO  file1:37 - Starting HID services.
2019-04-08 23:16:06 INFO  file1:65 - hidDevice: null
2019-04-08 23:16:06 ERROR file1:74 - Do not find HID device
2019-04-08 23:30:14 INFO  file1:58 - Check log to send email
2019-04-08 23:45:29 INFO  file1:58 - Check log to send email
2019-04-08 23:46:06 INFO  file1:37 - Starting HID services.
2019-04-08 23:46:07 INFO  file1:65 - hidDevice: null
2019-04-08 23:46:07 ERROR file1:74 - Do not find HID device
2019-04-09 00:00:44 INFO  file1:58 - Check log to send email
2019-04-09 00:15:59 INFO  file1:58 - Check log to send email
2019-04-09 00:16:07 INFO  file1:37 - Starting HID services.
2019-04-09 00:16:07 INFO  file1:65 - hidDevice: null
2019-04-09 00:16:07 ERROR file1:74 - Do not find HID device
2019-04-09 00:31:14 INFO  file1:58 - Check log to send email
2019-04-09 00:46:07 INFO  file1:37 - Starting HID services.
2019-04-09 00:46:07 INFO  file1:65 - hidDevice: null
2019-04-09 00:46:07 ERROR file1:74 - Do not find HID device
2019-04-09 00:46:29 INFO  file1:58 - Check log to send email
2019-04-09 01:01:44 INFO  file1:58 - Check log to send email
2019-04-09 01:16:07 INFO  file1:37 - Starting HID services.
2019-04-09 01:16:07 INFO  file1:65 - hidDevice: null
2019-04-09 01:16:07 ERROR file1:74 - Do not find HID device
2019-04-09 01:16:59 INFO  file1:58 - Check log to send email
2019-04-09 01:32:14 INFO  file1:58 - Check log to send email
2019-04-09 01:46:07 INFO  file1:37 - Starting HID services.
2019-04-09 01:46:07 INFO  file1:65 - hidDevice: null
2019-04-09 01:46:07 ERROR file1:74 - Do not find HID device
2019-04-09 01:47:29 INFO  file1:58 - Check log to send email
2019-04-09 02:02:44 INFO  file1:58 - Check log to send email
2019-04-09 02:16:07 INFO  file1:37 - Starting HID services.
2019-04-09 02:16:07 INFO  file1:65 - hidDevice: null
2019-04-09 02:16:07 ERROR file1:74 - Do not find HID device
2019-04-09 02:17:59 INFO  file1:58 - Check log to send email
2019-04-09 02:33:14 INFO  file1:58 - Check log to send email
2019-04-09 02:46:07 INFO  file1:37 - Starting HID services.
2019-04-09 02:46:07 INFO  file1:65 - hidDevice: null
2019-04-09 02:46:07 ERROR file1:74 - Do not find HID device
2019-04-09 02:48:29 INFO  file1:58 - Check log to send email
2019-04-09 03:03:44 INFO  file1:58 - Check log to send email
2019-04-09 03:16:07 INFO  file1:37 - Starting HID services.
2019-04-09 03:16:07 INFO  file1:65 - hidDevice: null
2019-04-09 03:16:07 ERROR file1:74 - Do not find HID device
2019-04-09 03:18:59 INFO  file1:58 - Check log to send email
2019-04-09 03:34:14 INFO  file1:58 - Check log to send email
2019-04-09 03:46:07 INFO  file1:37 - Starting HID services.
2019-04-09 03:46:07 INFO  file1:65 - hidDevice: null
2019-04-09 03:46:07 ERROR file1:74 - Do not find HID device
2019-04-09 03:49:29 INFO  file1:58 - Check log to send email
2019-04-09 04:04:44 INFO  file1:58 - Check log to send email
2019-04-09 04:16:07 INFO  file1:37 - Starting HID services.
2019-04-09 04:16:07 INFO  file1:65 - hidDevice: null
2019-04-09 04:16:07 ERROR file1:74 - Do not find HID device
2019-04-09 04:19:59 INFO  file1:58 - Check log to send email
2019-04-09 04:35:14 INFO  file1:58 - Check log to send email
2019-04-09 04:46:07 INFO  file1:37 - Starting HID services.
2019-04-09 04:46:07 INFO  file1:65 - hidDevice: null
2019-04-09 04:46:07 ERROR file1:74 - Do not find HID device
2019-04-09 04:50:29 INFO  file1:58 - Check log to send email
2019-04-09 05:05:44 INFO  file1:58 - Check log to send email
2019-04-09 05:16:07 INFO  file1:37 - Starting HID services.
2019-04-09 05:16:07 INFO  file1:65 - hidDevice: null
2019-04-09 05:16:07 ERROR file1:74 - Do not find HID device
2019-04-09 05:20:59 INFO  file1:58 - Check log to send email
2019-04-09 05:36:14 INFO  file1:58 - Check log to send email
2019-04-09 05:46:07 INFO  file1:37 - Starting HID services.
2019-04-09 05:46:07 INFO  file1:65 - hidDevice: null
2019-04-09 05:46:07 ERROR file1:74 - Do not find HID device
2019-04-09 05:51:29 INFO  file1:58 - Check log to send email
2019-04-09 06:06:44 INFO  file1:58 - Check log to send email
2019-04-09 06:16:07 INFO  file1:37 - Starting HID services.
2019-04-09 06:16:07 INFO  file1:65 - hidDevice: null
2019-04-09 06:16:07 ERROR file1:74 - Do not find HID device
2019-04-09 06:21:59 INFO  file1:58 - Check log to send email
2019-04-09 06:37:14 INFO  file1:58 - Check log to send email
2019-04-09 06:46:07 INFO  file1:37 - Starting HID services.
2019-04-09 06:46:08 INFO  file1:65 - hidDevice: null
2019-04-09 06:46:08 ERROR file1:74 - Do not find HID device
2019-04-09 06:52:29 INFO  file1:58 - Check log to send email
2019-04-09 07:07:44 INFO  file1:58 - Check log to send email
2019-04-09 07:16:08 INFO  file1:37 - Starting HID services.
2019-04-09 07:16:08 INFO  file1:65 - hidDevice: null
2019-04-09 07:16:08 ERROR file1:74 - Do not find HID device
2019-04-09 07:22:59 INFO  file1:58 - Check log to send email
2019-04-09 07:38:14 INFO  file1:58 - Check log to send email
2019-04-09 07:46:08 INFO  file1:37 - Starting HID services.
2019-04-09 07:46:08 INFO  file1:65 - hidDevice: null
2019-04-09 07:46:08 ERROR file1:74 - Do not find HID device
2019-04-09 07:53:29 INFO  file1:58 - Check log to send email
2019-04-09 08:08:44 INFO  file1:58 - Check log to send email
2019-04-09 08:16:08 INFO  file1:37 - Starting HID services.
2019-04-09 08:16:08 INFO  file1:65 - hidDevice: null
2019-04-09 08:16:08 ERROR file1:74 - Do not find HID device
2019-04-09 08:23:59 INFO  file1:58 - Check log to send email
2019-04-09 08:39:14 INFO  file1:58 - Check log to send email
2019-04-09 08:46:08 INFO  file1:37 - Starting HID services.
2019-04-09 08:46:08 INFO  file1:65 - hidDevice: null
2019-04-09 08:46:08 ERROR file1:74 - Do not find HID device
2019-04-09 08:54:29 INFO  file1:58 - Check log to send email
2019-04-09 09:09:44 INFO  file1:58 - Check log to send email
2019-04-09 09:16:08 INFO  file1:37 - Starting HID services.
2019-04-09 09:16:08 INFO  file1:65 - hidDevice: null
2019-04-09 09:16:08 ERROR file1:74 - Do not find HID device
2019-04-09 09:24:59 INFO  file1:58 - Check log to send email
2019-04-09 09:40:14 INFO  file1:58 - Check log to send email
2019-04-09 09:46:08 INFO  file1:37 - Starting HID services.
2019-04-09 09:46:08 INFO  file1:65 - hidDevice: null
2019-04-09 09:46:08 ERROR file1:74 - Do not find HID device
2019-04-09 09:55:29 INFO  file1:58 - Check log to send email
2019-04-09 10:10:44 INFO  file1:58 - Check log to send email
2019-04-09 10:16:08 INFO  file1:37 - Starting HID services.
2019-04-09 10:16:08 INFO  file1:65 - hidDevice: null
2019-04-09 10:16:08 ERROR file1:74 - Do not find HID device
2019-04-09 10:25:59 INFO  file1:58 - Check log to send email
2019-04-09 10:41:14 INFO  file1:58 - Check log to send email
2019-04-09 10:46:08 INFO  file1:37 - Starting HID services.
2019-04-09 10:46:08 INFO  file1:65 - hidDevice: null
2019-04-09 10:46:08 ERROR file1:74 - Do not find HID device
2019-04-09 10:56:29 INFO  file1:58 - Check log to send email
2019-04-09 11:11:44 INFO  file1:58 - Check log to send email
2019-04-09 11:16:08 INFO  file1:37 - Starting HID services.
2019-04-09 11:16:08 INFO  file1:65 - hidDevice: null
2019-04-09 11:16:08 ERROR file1:74 - Do not find HID device
2019-04-09 11:26:59 INFO  file1:58 - Check log to send email
2019-04-09 11:42:14 INFO  file1:58 - Check log to send email
2019-04-09 11:46:08 INFO  file1:37 - Starting HID services.
2019-04-09 11:46:08 INFO  file1:65 - hidDevice: null
2019-04-09 11:46:08 ERROR file1:74 - Do not find HID device
2019-04-09 11:57:29 INFO  file1:58 - Check log to send email
2019-04-09 12:12:44 INFO  file1:58 - Check log to send email
2019-04-09 12:16:08 INFO  file1:37 - Starting HID services.
2019-04-09 12:16:08 INFO  file1:65 - hidDevice: null
2019-04-09 12:16:08 ERROR file1:74 - Do not find HID device
2019-04-09 12:27:59 INFO  file1:58 - Check log to send email
2019-04-09 12:43:14 INFO  file1:58 - Check log to send email
2019-04-09 12:46:08 INFO  file1:37 - Starting HID services.
2019-04-09 12:46:08 INFO  file1:65 - hidDevice: null
2019-04-09 12:46:08 ERROR file1:74 - Do not find HID device
2019-04-09 12:58:29 INFO  file1:58 - Check log to send email
2019-04-09 13:13:44 INFO  file1:58 - Check log to send email
2019-04-09 13:16:08 INFO  file1:37 - Starting HID services.
2019-04-09 13:16:09 INFO  file1:65 - hidDevice: null
2019-04-09 13:16:09 ERROR file1:74 - Do not find HID device
2019-04-09 13:28:59 INFO  file1:58 - Check log to send email
2019-04-09 13:44:14 INFO  file1:58 - Check log to send email
2019-04-09 13:46:09 INFO  file1:37 - Starting HID services.
2019-04-09 13:46:09 INFO  file1:65 - hidDevice: null
2019-04-09 13:46:09 ERROR file1:74 - Do not find HID device
2019-04-09 13:59:29 INFO  file1:58 - Check log to send email
2019-04-09 14:14:45 INFO  file1:58 - Check log to send email
2019-04-09 14:16:09 INFO  file1:37 - Starting HID services.
2019-04-09 14:16:09 INFO  file1:65 - hidDevice: null
2019-04-09 14:16:09 ERROR file1:74 - Do not find HID device
2019-04-09 14:30:00 INFO  file1:58 - Check log to send email
2019-04-09 14:45:15 INFO  file1:58 - Check log to send email
2019-04-09 14:46:09 INFO  file1:37 - Starting HID services.
2019-04-09 14:46:09 INFO  file1:65 - hidDevice: null
2019-04-09 14:46:09 ERROR file1:74 - Do not find HID device
2019-04-09 15:00:30 INFO  file1:58 - Check log to send email
2019-04-09 15:15:45 INFO  file1:58 - Check log to send email
2019-04-09 15:16:09 INFO  file1:37 - Starting HID services.
2019-04-09 15:16:09 INFO  file1:65 - hidDevice: null
2019-04-09 15:16:09 ERROR file1:74 - Do not find HID device
