2018-07-31 14:43:19 INFO  LoginPage:359 - ========================================
2018-07-31 14:43:19 INFO  LoginPage:360 - Start syncing thread - giTnEUM3
2018-07-31 14:43:19 INFO  LogController:134 - select NewValue from MasterLog where Action = 'SendLog' order by NewValue desc limit 1;
2018-07-31 14:43:19 INFO  LoginPage:361 - ========================================
2018-07-31 14:43:19 INFO  SyncController:68 - Start SyncHostToLocal
2018-07-31 14:43:21 INFO  LogController:162 - insert into MasterLog(Action, NewValue) values('SendLog', '2018-07-31 14:43:19')
2018-07-31 14:43:21 ERROR SyncController:104 - : 1203 : User tqteamne_admin already has more than 'max_user_connections' active connections
2018-07-31 14:43:21 INFO  LoginPage:364 - ========================================
2018-07-31 14:43:21 INFO  LoginPage:365 - End syncing thread - giTnEUM3
2018-07-31 14:43:21 INFO  LoginPage:366 - ========================================
2018-07-31 14:43:21 INFO  LoginPage:477 - Update 2018-07-31 14:43:19 to MasterLog successfully.
2018-07-31 14:43:26 INFO  LoginPage:246 - Login with username: com1user1
2018-07-31 14:43:26 INFO  LoginController:46 - SELECT AssessorID, UserName, FirstName, LastName, CompanyCode, IsFirstTimeLogin, IsLocked FROM Assessor where Assessor.IsActive = 1 and Assessor.UserName='com1user1' and (Password=md5('123456') or LastPassword=md5('123456'));
2018-07-31 14:43:26 INFO  LoginPage:250 - Login OK
2018-07-31 14:43:26 INFO  LoginController:173 - select distinct RoleName  from assessor inner join roleassessor  on assessor.AssessorID = roleassessor.AssessorID inner join roles on roles.RoleID = roleassessor.RoleID where assessor.CompanyCode = 'Com1' and assessor.UserName= 'com1user1'
2018-07-31 14:43:26 INFO  LoginPage:265 - listRoles: [Roles [roleName=Emp]]
2018-07-31 14:43:26 INFO  LoginPage:276 - Show EmployeePage
2018-07-31 14:43:26 INFO  EmployeeController:135 -  select tools.ToolCode, tools.ToolCode, machine.MachineCode, toolsmachinetray.TrayIndex, toolsmachinetray.Quantity  from tools inner join toolsmachine on tools.ToolCode = toolsmachine.ToolCode  inner join machine on toolsmachine.MachineCode = machine.MachineCode  inner join toolsmachinetray on toolsmachinetray.toolsmachineID = toolsmachine.toolsmachineID  where machine.MachineCode = 'MAC1';
2018-07-31 14:43:26 INFO  EmployeeController:178 - {ACTID111=[[Tray_01, 5], [Tray_05, 3]], FCTID6=[[Tray_02, 2]], BCTID211=[[Tray_04, 5]]}
2018-07-31 14:43:26 INFO  EmployeeController:191 -  select tools.ToolCode from tools;
2018-07-31 14:43:26 INFO  EmployeeController:209 - {}
2018-07-31 14:43:26 INFO  EmployeeController:51 - select tools.ToolId, tools.ToolCode  from tools inner join toolsmachine on tools.ToolCode = toolsmachine.ToolCode  inner join machine on toolsmachine.MachineCode = machine.MachineCode  where machine.MachineCode = 'MAC1';
2018-07-31 14:43:26 INFO  EmployeeController:72 - [Tool [toolId=1, toolName=ACTID111], Tool [toolId=2, toolName=BCTID211], Tool [toolId=6, toolName=FCTID6], Tool [toolId=4, toolName=DCTID4], Tool [toolId=5, toolName=ECTID5]]
2018-07-31 14:43:26 INFO  EmployeePage:497 - listToolNames: [, ACTID111, BCTID211, DCTID4, ECTID5, FCTID6]
2018-07-31 14:43:26 INFO  EmployeePage:509 - toolComboBox: [, ACTID111, BCTID211, DCTID4, ECTID5, FCTID6]
2018-07-31 14:43:26 INFO  EmployeePage:162 - Init EMP_PAGE
2018-07-31 14:43:26 INFO  EmployeePage:165 - listAllTrays: [TRAY_01, TRAY_02, TRAY_03, TRAY_04, TRAY_05, TRAY_06, TRAY_07, TRAY_08, TRAY_09, TRAY_10, TRAY_11, TRAY_12, TRAY_13, TRAY_14, TRAY_15, TRAY_16, TRAY_17, TRAY_18, TRAY_19, TRAY_20, TRAY_21, TRAY_22, TRAY_23, TRAY_24, TRAY_25, TRAY_26, TRAY_27, TRAY_28, TRAY_29, TRAY_30, TRAY_31, TRAY_32, TRAY_33, TRAY_34, TRAY_35, TRAY_36, TRAY_37, TRAY_38, TRAY_39, TRAY_40, TRAY_41, TRAY_42, TRAY_43, TRAY_44, TRAY_45, TRAY_46, TRAY_47, TRAY_48, TRAY_49, TRAY_50, TRAY_51, TRAY_52, TRAY_53, TRAY_54, TRAY_55, TRAY_56, TRAY_57, TRAY_58, TRAY_59, TRAY_60]
2018-07-31 14:43:26 INFO  EmployeePage:171 - hashMessage: {TRAY_05=02, TRAY_06=03, TRAY_03=03, TRAY_04=01, TRAY_01=01, TRAY_02=02}
2018-07-31 14:43:31 INFO  EmployeePage:689 - com1user1 confirm: <head><style>table {    font-family: arial, sans-serif;    border: none;    width: 100%;} td, th {    text-align: left;    padding: 2px;} tr:nth-child(even) {    background-color: #dddddd;}</style></head><body><table> <tr>    <th>WO:</th>    <th>xvxvx</th>  </tr>  <tr>    <td>OP:</td>    <td>vxvxc</td>  </tr>  <tr>    <td>CTID:</td>    <td>ACTID111</td>  </tr>  <tr>    <td>Tray:</td>    <td>Tray_05</td>  </tr>  <tr>    <td>Quantity:</td>    <td>1</td>  </tr> </table></body>
2018-07-31 14:43:31 INFO  EmployeePage:691 - com1user1 getTools
2018-07-31 14:43:33 INFO  TransactionController:43 - insert into WorkingTransaction( TransactionDate, MachineCode, CompanyCode, AssessorID, WOCode, OPCode, ToolCode, TrayIndex, Quantity, UpdatedDate, TransactionStatus, TransactionType) values (now(), 'MAC1', 'Com1', 'com1user1', '', '', 'ACTID111', 'Tray_05', '3', now(), 'Send request to board', 'GetTools');
2018-07-31 14:43:34 INFO  EmployeePage:713 - Create transaction
2018-07-31 14:43:34 INFO  EmployeePage:714 - hashMessage: {TRAY_05=02, TRAY_06=03, TRAY_03=03, TRAY_04=01, TRAY_01=01, TRAY_02=02}
2018-07-31 14:43:34 INFO  EmployeePage:715 - hashMessage containsKey TRAY_05: true
2018-07-31 14:43:34 INFO  EmployeePage:810 - Starting HID services.
2018-07-31 14:43:35 INFO  EmployeePage:826 - Calculating attached devices...
2018-07-31 14:43:35 INFO  EmployeePage:830 - HidDevice [vendorId=0x6cb, productId=0x78f1, product=HIDI2C Device]
2018-07-31 14:43:35 INFO  EmployeePage:830 - HidDevice [vendorId=0x6cb, productId=0x78f1, product=HIDI2C Device]
2018-07-31 14:43:35 INFO  EmployeePage:830 - HidDevice [vendorId=0x46d, productId=0xffffc534, product=USB Receiver]
2018-07-31 14:43:35 INFO  EmployeePage:830 - HidDevice [vendorId=0x413c, productId=0xffffabce, product=null]
2018-07-31 14:43:35 INFO  EmployeePage:830 - HidDevice [vendorId=0x46d, productId=0xffffc534, product=USB Receiver]
2018-07-31 14:43:35 INFO  EmployeePage:830 - HidDevice [vendorId=0x46d, productId=0xffffc534, product=USB Receiver]
2018-07-31 14:43:35 INFO  EmployeePage:830 - HidDevice [vendorId=0x46d, productId=0xffffc534, product=USB Receiver]
2018-07-31 14:43:35 INFO  EmployeePage:830 - HidDevice [vendorId=0x46d, productId=0xffffc534, product=USB Receiver]
2018-07-31 14:43:35 INFO  EmployeePage:830 - HidDevice [vendorId=0x461, productId=0x20, product=CCS HID Demo]
2018-07-31 14:43:35 INFO  EmployeePage:830 - HidDevice [vendorId=0x46d, productId=0xffffc534, product=USB Receiver]
2018-07-31 14:43:35 INFO  EmployeePage:836 - vendorId: 0x461 - 1121
2018-07-31 14:43:35 INFO  EmployeePage:837 - productId: 0x20 - 32
2018-07-31 14:43:35 INFO  EmployeePage:840 - hidDevice: HidDevice [vendorId=0x461, productId=0x20, product=CCS HID Demo]
2018-07-31 14:43:35 INFO  EmployeePage:841 - messageData: 02
2018-07-31 14:43:35 INFO  EmployeePage:877 - hidDevice: HidDevice [vendorId=0x461, productId=0x20, product=CCS HID Demo]
2018-07-31 14:43:35 INFO  EmployeePage:878 - hidDevice.isOpen(): true
2018-07-31 14:43:35 INFO  EmployeePage:888 - hidDevice.isOpen(): true
2018-07-31 14:43:35 INFO  EmployeePage:894 - Data send to board: [125, 2]
2018-07-31 14:43:35 INFO  EmployeePage:908 - > [3]
2018-07-31 14:43:35 INFO  EmployeePage:909 - > Send message 02 successfully. Wait to read data in 10s...
2018-07-31 14:43:35 INFO  EmployeePage:916 - -------------Begin wait to read data in 10s------------
2018-07-31 14:43:35 INFO  EmployeePage:924 - Switch case --- 2 ----
2018-07-31 14:43:36 INFO  EmployeePage:924 - Switch case --- 2 ----
2018-07-31 14:43:36 INFO  EmployeePage:946 - MOTOR_START
2018-07-31 14:43:36 INFO  EmployeePage:962 - <Data received from board [[2, 121]]
2018-07-31 14:43:42 INFO  EmployeePage:924 - Switch case --- 2 ----
2018-07-31 14:43:42 INFO  EmployeePage:949 - MOTOR_STOP
2018-07-31 14:43:42 INFO  EmployeePage:962 - <Data received from board [[2, 122]]
2018-07-31 14:43:44 INFO  EmployeePage:924 - Switch case --- 2 ----
2018-07-31 14:43:44 INFO  EmployeePage:952 - PRODUCT_OK
2018-07-31 14:43:44 INFO  EmployeePage:962 - <Data received from board [[2, 123]]
2018-07-31 14:43:54 INFO  EmployeePage:924 - Switch case --- 0 ----
2018-07-31 14:43:54 INFO  EmployeePage:932 - -------------No data receive, end read data------------
2018-07-31 14:43:54 INFO  EmployeePage:970 - listDataReceived: [121, 122, 123]
2018-07-31 14:43:54 INFO  TransactionController:75 - update WorkingTransaction set UpdatedDate=now(), TransactionStatus='MotorStart' where WorkingTransactionID = 1;
2018-07-31 14:43:54 INFO  TransactionController:75 - update WorkingTransaction set UpdatedDate=now(), TransactionStatus='MotorStop' where WorkingTransactionID = 1;
2018-07-31 14:43:54 INFO  TransactionController:75 - update WorkingTransaction set UpdatedDate=now(), TransactionStatus='ProductOK' where WorkingTransactionID = 1;
2018-07-31 14:43:54 INFO  EmployeePage:989 - Complete send and receive all messages!!!: 
2018-07-31 14:43:54 INFO  EmployeePage:734 - resultValue: 1
2018-07-31 14:43:54 INFO  EmployeeController:81 -  select toolsmachine.ToolsMachineID from tools inner join toolsmachine on tools.ToolCode = toolsmachine.ToolCode where tools.ToolCode = 'ACTID111' and toolsmachine.MachineCode = 'MAC1';
2018-07-31 14:43:54 INFO  EmployeeController:103 -  update toolsmachinetray set quantity = quantity - 1 where ToolsMachineID = '8' and trayIndex = 'Tray_05';
2018-07-31 14:43:54 INFO  EmployeePage:744 - Completed
2018-07-31 14:43:54 INFO  LoginController:249 - SELECT EmailAddress FROM Assessor where Assessor.UserName = 'com1user1' and Assessor.CompanyCode = 'Com1';
2018-07-31 14:43:56 INFO  EmployeePage:775 - Complete with resultValue = 1
2018-07-31 14:43:56 INFO  EmployeeController:135 -  select tools.ToolCode, tools.ToolCode, machine.MachineCode, toolsmachinetray.TrayIndex, toolsmachinetray.Quantity  from tools inner join toolsmachine on tools.ToolCode = toolsmachine.ToolCode  inner join machine on toolsmachine.MachineCode = machine.MachineCode  inner join toolsmachinetray on toolsmachinetray.toolsmachineID = toolsmachine.toolsmachineID  where machine.MachineCode = 'MAC1';
2018-07-31 14:43:56 INFO  EmployeeController:178 - {ACTID111=[[Tray_01, 5], [Tray_05, 2]], BCTID211=[[Tray_04, 5]], FCTID6=[[Tray_02, 2]]}
2018-07-31 14:43:56 INFO  EmployeeController:51 - select tools.ToolId, tools.ToolCode  from tools inner join toolsmachine on tools.ToolCode = toolsmachine.ToolCode  inner join machine on toolsmachine.MachineCode = machine.MachineCode  where machine.MachineCode = 'MAC1';
2018-07-31 14:43:56 INFO  EmployeeController:72 - [Tool [toolId=1, toolName=ACTID111], Tool [toolId=2, toolName=BCTID211], Tool [toolId=6, toolName=FCTID6], Tool [toolId=4, toolName=DCTID4], Tool [toolId=5, toolName=ECTID5]]
2018-07-31 14:43:56 INFO  EmployeePage:497 - listToolNames: [, ACTID111, BCTID211, DCTID4, ECTID5, FCTID6]
2018-07-31 14:43:56 INFO  EmployeePage:509 - toolComboBox: [, ACTID111, BCTID211, DCTID4, ECTID5, FCTID6]
2018-07-31 14:44:00 INFO  EmailUtils:150 - com1user1 - GETTOOL - Send Mail To quann169@gmail.com - CC: [quann169@gmail.com] - Subject: Com1 - MAC1 notification - Message: Hi com1user1,
WO: xvxvx
OP: vxvxc
Tool: ACTID111
Tray: Tray_05
Quantity: 1
2018-07-31 14:46:40 INFO  LogController:134 - select NewValue from MasterLog where Action = 'SendLog' order by NewValue desc limit 1;
2018-07-31 14:46:40 INFO  LoginPage:359 - ========================================
2018-07-31 14:46:40 INFO  LoginPage:360 - Start syncing thread - 6iIPmla0
2018-07-31 14:46:40 INFO  LoginPage:361 - ========================================
2018-07-31 14:46:40 INFO  SyncController:68 - Start SyncHostToLocal
2018-07-31 14:46:42 INFO  LogController:162 - insert into MasterLog(Action, NewValue) values('SendLog', '2018-07-31 14:46:40')
2018-07-31 14:46:42 INFO  LoginPage:477 - Update 2018-07-31 14:46:40 to MasterLog successfully.
2018-07-31 14:46:42 ERROR SyncController:104 - : 1203 : User tqteamne_admin already has more than 'max_user_connections' active connections
2018-07-31 14:46:42 INFO  LoginPage:364 - ========================================
2018-07-31 14:46:42 INFO  LoginPage:365 - End syncing thread - 6iIPmla0
2018-07-31 14:46:42 INFO  LoginPage:366 - ========================================
2018-07-31 14:46:54 INFO  LoginPage:246 - Login with username: com1user1
2018-07-31 14:46:54 INFO  LoginController:46 - SELECT AssessorID, UserName, FirstName, LastName, CompanyCode, IsFirstTimeLogin, IsLocked FROM Assessor where Assessor.IsActive = 1 and Assessor.UserName='com1user1' and (Password=md5('123456') or LastPassword=md5('123456'));
2018-07-31 14:46:54 INFO  LoginPage:250 - Login OK
2018-07-31 14:46:54 INFO  LoginController:173 - select distinct RoleName  from assessor inner join roleassessor  on assessor.AssessorID = roleassessor.AssessorID inner join roles on roles.RoleID = roleassessor.RoleID where assessor.CompanyCode = 'Com1' and assessor.UserName= 'com1user1'
2018-07-31 14:46:54 INFO  LoginPage:265 - listRoles: [Roles [roleName=Emp]]
2018-07-31 14:46:54 INFO  LoginPage:276 - Show EmployeePage
2018-07-31 14:46:54 INFO  EmployeeController:135 -  select tools.ToolCode, tools.ToolCode, machine.MachineCode, toolsmachinetray.TrayIndex, toolsmachinetray.Quantity  from tools inner join toolsmachine on tools.ToolCode = toolsmachine.ToolCode  inner join machine on toolsmachine.MachineCode = machine.MachineCode  inner join toolsmachinetray on toolsmachinetray.toolsmachineID = toolsmachine.toolsmachineID  where machine.MachineCode = 'MAC1';
2018-07-31 14:46:54 INFO  EmployeeController:178 - {ACTID111=[[Tray_01, 5], [Tray_05, 2]], BCTID211=[[Tray_04, 5]], FCTID6=[[Tray_02, 2]]}
2018-07-31 14:46:54 INFO  EmployeeController:191 -  select tools.ToolCode from tools;
2018-07-31 14:46:54 INFO  EmployeeController:209 - {}
2018-07-31 14:46:54 INFO  EmployeeController:51 - select tools.ToolId, tools.ToolCode  from tools inner join toolsmachine on tools.ToolCode = toolsmachine.ToolCode  inner join machine on toolsmachine.MachineCode = machine.MachineCode  where machine.MachineCode = 'MAC1';
2018-07-31 14:46:54 INFO  EmployeeController:72 - [Tool [toolId=1, toolName=ACTID111], Tool [toolId=2, toolName=BCTID211], Tool [toolId=6, toolName=FCTID6], Tool [toolId=4, toolName=DCTID4], Tool [toolId=5, toolName=ECTID5]]
2018-07-31 14:46:54 INFO  EmployeePage:497 - listToolNames: [, ACTID111, BCTID211, DCTID4, ECTID5, FCTID6]
2018-07-31 14:46:54 INFO  EmployeePage:509 - toolComboBox: [, ACTID111, BCTID211, DCTID4, ECTID5, FCTID6]
2018-07-31 14:46:54 INFO  EmployeePage:162 - Init EMP_PAGE
2018-07-31 14:46:54 INFO  EmployeePage:165 - listAllTrays: [TRAY_01, TRAY_02, TRAY_03, TRAY_04, TRAY_05, TRAY_06, TRAY_07, TRAY_08, TRAY_09, TRAY_10, TRAY_11, TRAY_12, TRAY_13, TRAY_14, TRAY_15, TRAY_16, TRAY_17, TRAY_18, TRAY_19, TRAY_20, TRAY_21, TRAY_22, TRAY_23, TRAY_24, TRAY_25, TRAY_26, TRAY_27, TRAY_28, TRAY_29, TRAY_30, TRAY_31, TRAY_32, TRAY_33, TRAY_34, TRAY_35, TRAY_36, TRAY_37, TRAY_38, TRAY_39, TRAY_40, TRAY_41, TRAY_42, TRAY_43, TRAY_44, TRAY_45, TRAY_46, TRAY_47, TRAY_48, TRAY_49, TRAY_50, TRAY_51, TRAY_52, TRAY_53, TRAY_54, TRAY_55, TRAY_56, TRAY_57, TRAY_58, TRAY_59, TRAY_60]
2018-07-31 14:46:54 INFO  EmployeePage:171 - hashMessage: {TRAY_05=02, TRAY_06=03, TRAY_03=03, TRAY_04=01, TRAY_01=01, TRAY_02=02}
2018-07-31 14:47:00 INFO  EmployeePage:689 - com1user1 confirm: <head><style>table {    font-family: arial, sans-serif;    border: none;    width: 100%;} td, th {    text-align: left;    padding: 2px;} tr:nth-child(even) {    background-color: #dddddd;}</style></head><body><table> <tr>    <th>WO:</th>    <th>zxcc</th>  </tr>  <tr>    <td>OP:</td>    <td>zxczxc</td>  </tr>  <tr>    <td>CTID:</td>    <td>ACTID111</td>  </tr>  <tr>    <td>Tray:</td>    <td>Tray_05</td>  </tr>  <tr>    <td>Quantity:</td>    <td>1</td>  </tr> </table></body>
2018-07-31 14:47:00 INFO  EmployeePage:691 - com1user1 getTools
2018-07-31 14:47:02 INFO  TransactionController:43 - insert into WorkingTransaction( TransactionDate, MachineCode, CompanyCode, AssessorID, WOCode, OPCode, ToolCode, TrayIndex, Quantity, UpdatedDate, TransactionStatus, TransactionType) values (now(), 'MAC1', 'Com1', 'com1user1', '', '', 'ACTID111', 'Tray_05', '2', now(), 'Send request to board', 'GetTools');
2018-07-31 14:47:02 INFO  EmployeePage:713 - Create transaction
2018-07-31 14:47:02 INFO  EmployeePage:714 - hashMessage: {TRAY_05=02, TRAY_06=03, TRAY_03=03, TRAY_04=01, TRAY_01=01, TRAY_02=02}
2018-07-31 14:47:02 INFO  EmployeePage:715 - hashMessage containsKey TRAY_05: true
2018-07-31 14:47:02 INFO  EmployeePage:810 - Starting HID services.
2018-07-31 14:47:04 INFO  EmployeePage:826 - Calculating attached devices...
2018-07-31 14:47:04 INFO  EmployeePage:830 - HidDevice [vendorId=0x6cb, productId=0x78f1, product=HIDI2C Device]
2018-07-31 14:47:04 INFO  EmployeePage:830 - HidDevice [vendorId=0x6cb, productId=0x78f1, product=HIDI2C Device]
2018-07-31 14:47:04 INFO  EmployeePage:830 - HidDevice [vendorId=0x46d, productId=0xffffc534, product=USB Receiver]
2018-07-31 14:47:04 INFO  EmployeePage:830 - HidDevice [vendorId=0x413c, productId=0xffffabce, product=null]
2018-07-31 14:47:04 INFO  EmployeePage:830 - HidDevice [vendorId=0x46d, productId=0xffffc534, product=USB Receiver]
2018-07-31 14:47:04 INFO  EmployeePage:830 - HidDevice [vendorId=0x46d, productId=0xffffc534, product=USB Receiver]
2018-07-31 14:47:04 INFO  EmployeePage:830 - HidDevice [vendorId=0x46d, productId=0xffffc534, product=USB Receiver]
2018-07-31 14:47:04 INFO  EmployeePage:830 - HidDevice [vendorId=0x46d, productId=0xffffc534, product=USB Receiver]
2018-07-31 14:47:04 INFO  EmployeePage:830 - HidDevice [vendorId=0x46d, productId=0xffffc534, product=USB Receiver]
2018-07-31 14:47:04 INFO  EmployeePage:836 - vendorId: 0x461 - 1121
2018-07-31 14:47:04 INFO  EmployeePage:837 - productId: 0x20 - 32
2018-07-31 14:47:04 INFO  EmployeePage:840 - hidDevice: null
2018-07-31 14:47:04 INFO  EmployeePage:841 - messageData: 02
2018-07-31 14:47:04 ERROR EmployeePage:848 - Do not find HID device - please help me to recheck config file
2018-07-31 14:47:04 INFO  EmployeePage:734 - resultValue: -1
2018-07-31 14:47:05 INFO  EmployeePage:775 - Complete with resultValue = -1
2018-07-31 14:47:09 INFO  EmployeeController:284 - select tools.ToolID, tools.ToolCode,machine.MachineCode, toolsmachinetray.quantity  from company 	inner join companymachine 				on companymachine.CompanyCode = company.CompanyCode 	inner join machine  				on machine.MachineCode = companymachine.MachineCode 	inner join toolsMachine  				on toolsMachine.MachineCode = machine.MachineCode 	inner join Tools  				on Tools.ToolCode = toolsMachine.ToolCode 	left join toolsMachineTray 				on toolsMachineTray.toolsMachineID = toolsMachine.toolsMachineID where company.CompanyCode = 'MAC1' and tools.ToolCode = 'DCTID4';
2018-07-31 14:47:09 INFO  EmployeeController:297 - []
2018-07-31 14:47:10 INFO  EmployeePage:554 - Suggest machine for tool DCTID4 - company COMPANY_CODE: []
2018-07-31 14:47:12 INFO  EmployeeController:284 - select tools.ToolID, tools.ToolCode,machine.MachineCode, toolsmachinetray.quantity  from company 	inner join companymachine 				on companymachine.CompanyCode = company.CompanyCode 	inner join machine  				on machine.MachineCode = companymachine.MachineCode 	inner join toolsMachine  				on toolsMachine.MachineCode = machine.MachineCode 	inner join Tools  				on Tools.ToolCode = toolsMachine.ToolCode 	left join toolsMachineTray 				on toolsMachineTray.toolsMachineID = toolsMachine.toolsMachineID where company.CompanyCode = 'MAC1' and tools.ToolCode = 'ECTID5';
2018-07-31 14:47:12 INFO  EmployeeController:297 - []
2018-07-31 14:47:13 INFO  EmployeePage:554 - Suggest machine for tool ECTID5 - company COMPANY_CODE: []
2018-07-31 14:47:36 INFO  EmployeePage:689 - com1user1 confirm: <head><style>table {    font-family: arial, sans-serif;    border: none;    width: 100%;} td, th {    text-align: left;    padding: 2px;} tr:nth-child(even) {    background-color: #dddddd;}</style></head><body><table> <tr>    <th>WO:</th>    <th>zxcc</th>  </tr>  <tr>    <td>OP:</td>    <td>zxczxc</td>  </tr>  <tr>    <td>CTID:</td>    <td>BCTID211</td>  </tr>  <tr>    <td>Tray:</td>    <td>Tray_04</td>  </tr>  <tr>    <td>Quantity:</td>    <td>1</td>  </tr> </table></body>
2018-07-31 14:47:36 INFO  EmployeePage:691 - com1user1 getTools
2018-07-31 14:47:38 INFO  TransactionController:43 - insert into WorkingTransaction( TransactionDate, MachineCode, CompanyCode, AssessorID, WOCode, OPCode, ToolCode, TrayIndex, Quantity, UpdatedDate, TransactionStatus, TransactionType) values (now(), 'MAC1', 'Com1', 'com1user1', '', '', 'BCTID211', 'Tray_04', '5', now(), 'Send request to board', 'GetTools');
2018-07-31 14:47:38 INFO  EmployeePage:713 - Create transaction
2018-07-31 14:47:38 INFO  EmployeePage:714 - hashMessage: {TRAY_05=02, TRAY_06=03, TRAY_03=03, TRAY_04=01, TRAY_01=01, TRAY_02=02}
2018-07-31 14:47:38 INFO  EmployeePage:715 - hashMessage containsKey TRAY_04: true
2018-07-31 14:47:38 INFO  EmployeePage:810 - Starting HID services.
2018-07-31 14:47:38 WARN  EmployeePage:858 - Add device: HidDevice [vendorId=0x461, productId=0x20, product=CCS HID Demo]
2018-07-31 14:47:38 INFO  EmployeePage:826 - Calculating attached devices...
2018-07-31 14:47:38 INFO  EmployeePage:830 - HidDevice [vendorId=0x6cb, productId=0x78f1, product=HIDI2C Device]
2018-07-31 14:47:38 INFO  EmployeePage:830 - HidDevice [vendorId=0x6cb, productId=0x78f1, product=HIDI2C Device]
2018-07-31 14:47:38 INFO  EmployeePage:830 - HidDevice [vendorId=0x46d, productId=0xffffc534, product=USB Receiver]
2018-07-31 14:47:38 INFO  EmployeePage:830 - HidDevice [vendorId=0x413c, productId=0xffffabce, product=null]
2018-07-31 14:47:38 INFO  EmployeePage:830 - HidDevice [vendorId=0x46d, productId=0xffffc534, product=USB Receiver]
2018-07-31 14:47:38 INFO  EmployeePage:830 - HidDevice [vendorId=0x46d, productId=0xffffc534, product=USB Receiver]
2018-07-31 14:47:38 INFO  EmployeePage:830 - HidDevice [vendorId=0x46d, productId=0xffffc534, product=USB Receiver]
2018-07-31 14:47:38 INFO  EmployeePage:830 - HidDevice [vendorId=0x46d, productId=0xffffc534, product=USB Receiver]
2018-07-31 14:47:38 INFO  EmployeePage:830 - HidDevice [vendorId=0x461, productId=0x20, product=CCS HID Demo]
2018-07-31 14:47:38 INFO  EmployeePage:830 - HidDevice [vendorId=0x46d, productId=0xffffc534, product=USB Receiver]
2018-07-31 14:47:38 INFO  EmployeePage:836 - vendorId: 0x461 - 1121
2018-07-31 14:47:38 INFO  EmployeePage:837 - productId: 0x20 - 32
2018-07-31 14:47:38 INFO  EmployeePage:840 - hidDevice: HidDevice [vendorId=0x461, productId=0x20, product=CCS HID Demo]
2018-07-31 14:47:38 INFO  EmployeePage:841 - messageData: 01
2018-07-31 14:47:38 INFO  EmployeePage:877 - hidDevice: HidDevice [vendorId=0x461, productId=0x20, product=CCS HID Demo]
2018-07-31 14:47:38 INFO  EmployeePage:878 - hidDevice.isOpen(): true
2018-07-31 14:47:38 INFO  EmployeePage:888 - hidDevice.isOpen(): true
2018-07-31 14:47:38 INFO  EmployeePage:894 - Data send to board: [125, 1]
2018-07-31 14:47:38 INFO  EmployeePage:908 - > [3]
2018-07-31 14:47:38 INFO  EmployeePage:909 - > Send message 01 successfully. Wait to read data in 10s...
2018-07-31 14:47:38 INFO  EmployeePage:916 - -------------Begin wait to read data in 10s------------
2018-07-31 14:47:38 INFO  EmployeePage:924 - Switch case --- 2 ----
2018-07-31 14:47:39 INFO  EmployeePage:924 - Switch case --- 2 ----
2018-07-31 14:47:39 INFO  EmployeePage:946 - MOTOR_START
2018-07-31 14:47:39 INFO  EmployeePage:962 - <Data received from board [[1, 121]]
2018-07-31 14:47:45 INFO  EmployeePage:924 - Switch case --- 2 ----
2018-07-31 14:47:45 INFO  EmployeePage:949 - MOTOR_STOP
2018-07-31 14:47:45 INFO  EmployeePage:962 - <Data received from board [[1, 122]]
2018-07-31 14:47:47 INFO  EmployeePage:924 - Switch case --- 2 ----
2018-07-31 14:47:47 INFO  EmployeePage:952 - PRODUCT_OK
2018-07-31 14:47:47 INFO  EmployeePage:962 - <Data received from board [[1, 123]]
2018-07-31 14:47:57 INFO  EmployeePage:924 - Switch case --- 0 ----
2018-07-31 14:47:57 INFO  EmployeePage:932 - -------------No data receive, end read data------------
2018-07-31 14:47:57 INFO  EmployeePage:970 - listDataReceived: [121, 122, 123]
2018-07-31 14:47:57 INFO  TransactionController:75 - update WorkingTransaction set UpdatedDate=now(), TransactionStatus='MotorStart' where WorkingTransactionID = 3;
2018-07-31 14:47:57 INFO  TransactionController:75 - update WorkingTransaction set UpdatedDate=now(), TransactionStatus='MotorStop' where WorkingTransactionID = 3;
2018-07-31 14:47:57 INFO  TransactionController:75 - update WorkingTransaction set UpdatedDate=now(), TransactionStatus='ProductOK' where WorkingTransactionID = 3;
2018-07-31 14:47:57 INFO  EmployeePage:989 - Complete send and receive all messages!!!: 
2018-07-31 14:47:57 INFO  EmployeePage:734 - resultValue: 1
2018-07-31 14:47:57 INFO  EmployeeController:81 -  select toolsmachine.ToolsMachineID from tools inner join toolsmachine on tools.ToolCode = toolsmachine.ToolCode where tools.ToolCode = 'BCTID211' and toolsmachine.MachineCode = 'MAC1';
2018-07-31 14:47:57 INFO  EmployeeController:103 -  update toolsmachinetray set quantity = quantity - 1 where ToolsMachineID = '9' and trayIndex = 'Tray_04';
2018-07-31 14:47:57 INFO  EmployeePage:744 - Completed
2018-07-31 14:47:57 INFO  LoginController:249 - SELECT EmailAddress FROM Assessor where Assessor.UserName = 'com1user1' and Assessor.CompanyCode = 'Com1';
2018-07-31 14:47:59 INFO  EmployeePage:775 - Complete with resultValue = 1
2018-07-31 14:47:59 INFO  EmployeeController:135 -  select tools.ToolCode, tools.ToolCode, machine.MachineCode, toolsmachinetray.TrayIndex, toolsmachinetray.Quantity  from tools inner join toolsmachine on tools.ToolCode = toolsmachine.ToolCode  inner join machine on toolsmachine.MachineCode = machine.MachineCode  inner join toolsmachinetray on toolsmachinetray.toolsmachineID = toolsmachine.toolsmachineID  where machine.MachineCode = 'MAC1';
2018-07-31 14:47:59 INFO  EmployeeController:178 - {ACTID111=[[Tray_01, 5], [Tray_05, 2]], BCTID211=[[Tray_04, 4]], FCTID6=[[Tray_02, 2]]}
2018-07-31 14:47:59 INFO  EmployeeController:51 - select tools.ToolId, tools.ToolCode  from tools inner join toolsmachine on tools.ToolCode = toolsmachine.ToolCode  inner join machine on toolsmachine.MachineCode = machine.MachineCode  where machine.MachineCode = 'MAC1';
2018-07-31 14:47:59 INFO  EmployeeController:72 - [Tool [toolId=1, toolName=ACTID111], Tool [toolId=2, toolName=BCTID211], Tool [toolId=6, toolName=FCTID6], Tool [toolId=4, toolName=DCTID4], Tool [toolId=5, toolName=ECTID5]]
2018-07-31 14:47:59 INFO  EmployeePage:497 - listToolNames: [, ACTID111, BCTID211, DCTID4, ECTID5, FCTID6]
2018-07-31 14:47:59 INFO  EmployeePage:509 - toolComboBox: [, ACTID111, BCTID211, DCTID4, ECTID5, FCTID6]
2018-07-31 14:48:08 INFO  EmailUtils:150 - com1user1 - GETTOOL - Send Mail To quann169@gmail.com - CC: [quann169@gmail.com] - Subject: Com1 - MAC1 notification - Message: Hi com1user1,
WO: zxcc
OP: zxczxc
Tool: BCTID211
Tray: Tray_04
Quantity: 1
2018-07-31 14:48:52 INFO  LoginPage:359 - ========================================
2018-07-31 14:48:52 INFO  LoginPage:360 - Start syncing thread - dK3BRAIL
2018-07-31 14:48:52 INFO  LogController:134 - select NewValue from MasterLog where Action = 'SendLog' order by NewValue desc limit 1;
2018-07-31 14:48:52 INFO  LoginPage:361 - ========================================
2018-07-31 14:48:52 INFO  SyncController:68 - Start SyncHostToLocal
2018-07-31 14:48:53 INFO  LogController:162 - insert into MasterLog(Action, NewValue) values('SendLog', '2018-07-31 14:48:52')
2018-07-31 14:48:53 INFO  LoginPage:477 - Update 2018-07-31 14:48:52 to MasterLog successfully.
2018-07-31 14:48:53 ERROR SyncController:104 - : 1203 : User tqteamne_admin already has more than 'max_user_connections' active connections
2018-07-31 14:48:53 INFO  LoginPage:364 - ========================================
2018-07-31 14:48:53 INFO  LoginPage:365 - End syncing thread - dK3BRAIL
2018-07-31 14:48:53 INFO  LoginPage:366 - ========================================
2018-07-31 14:49:02 INFO  LoginPage:246 - Login with username: com1user1
2018-07-31 14:49:02 INFO  LoginController:46 - SELECT AssessorID, UserName, FirstName, LastName, CompanyCode, IsFirstTimeLogin, IsLocked FROM Assessor where Assessor.IsActive = 1 and Assessor.UserName='com1user1' and (Password=md5('123456') or LastPassword=md5('123456'));
2018-07-31 14:49:02 INFO  LoginPage:250 - Login OK
2018-07-31 14:49:02 INFO  LoginController:173 - select distinct RoleName  from assessor inner join roleassessor  on assessor.AssessorID = roleassessor.AssessorID inner join roles on roles.RoleID = roleassessor.RoleID where assessor.CompanyCode = 'Com1' and assessor.UserName= 'com1user1'
2018-07-31 14:49:02 INFO  LoginPage:265 - listRoles: [Roles [roleName=Emp]]
2018-07-31 14:49:02 INFO  LoginPage:276 - Show EmployeePage
2018-07-31 14:49:02 INFO  EmployeeController:135 -  select tools.ToolCode, tools.ToolCode, machine.MachineCode, toolsmachinetray.TrayIndex, toolsmachinetray.Quantity  from tools inner join toolsmachine on tools.ToolCode = toolsmachine.ToolCode  inner join machine on toolsmachine.MachineCode = machine.MachineCode  inner join toolsmachinetray on toolsmachinetray.toolsmachineID = toolsmachine.toolsmachineID  where machine.MachineCode = 'MAC1';
2018-07-31 14:49:02 INFO  EmployeeController:178 - {ACTID111=[[Tray_01, 5], [Tray_05, 2]], BCTID211=[[Tray_04, 4]], FCTID6=[[Tray_02, 2]]}
2018-07-31 14:49:02 INFO  EmployeeController:191 -  select tools.ToolCode from tools;
2018-07-31 14:49:02 INFO  EmployeeController:209 - {}
2018-07-31 14:49:02 INFO  EmployeeController:51 - select tools.ToolId, tools.ToolCode  from tools inner join toolsmachine on tools.ToolCode = toolsmachine.ToolCode  inner join machine on toolsmachine.MachineCode = machine.MachineCode  where machine.MachineCode = 'MAC1';
2018-07-31 14:49:02 INFO  EmployeeController:72 - [Tool [toolId=1, toolName=ACTID111], Tool [toolId=2, toolName=BCTID211], Tool [toolId=6, toolName=FCTID6], Tool [toolId=4, toolName=DCTID4], Tool [toolId=5, toolName=ECTID5]]
2018-07-31 14:49:02 INFO  EmployeePage:497 - listToolNames: [, ACTID111, BCTID211, DCTID4, ECTID5, FCTID6]
2018-07-31 14:49:02 INFO  EmployeePage:509 - toolComboBox: [, ACTID111, BCTID211, DCTID4, ECTID5, FCTID6]
2018-07-31 14:49:02 INFO  EmployeePage:162 - Init EMP_PAGE
2018-07-31 14:49:02 INFO  EmployeePage:165 - listAllTrays: [TRAY_01, TRAY_02, TRAY_03, TRAY_04, TRAY_05, TRAY_06, TRAY_07, TRAY_08, TRAY_09, TRAY_10, TRAY_11, TRAY_12, TRAY_13, TRAY_14, TRAY_15, TRAY_16, TRAY_17, TRAY_18, TRAY_19, TRAY_20, TRAY_21, TRAY_22, TRAY_23, TRAY_24, TRAY_25, TRAY_26, TRAY_27, TRAY_28, TRAY_29, TRAY_30, TRAY_31, TRAY_32, TRAY_33, TRAY_34, TRAY_35, TRAY_36, TRAY_37, TRAY_38, TRAY_39, TRAY_40, TRAY_41, TRAY_42, TRAY_43, TRAY_44, TRAY_45, TRAY_46, TRAY_47, TRAY_48, TRAY_49, TRAY_50, TRAY_51, TRAY_52, TRAY_53, TRAY_54, TRAY_55, TRAY_56, TRAY_57, TRAY_58, TRAY_59, TRAY_60]
2018-07-31 14:49:02 INFO  EmployeePage:171 - hashMessage: {TRAY_05=02, TRAY_06=03, TRAY_03=03, TRAY_04=01, TRAY_01=01, TRAY_02=02}
2018-07-31 14:49:08 INFO  EmployeePage:689 - com1user1 confirm: <head><style>table {    font-family: arial, sans-serif;    border: none;    width: 100%;} td, th {    text-align: left;    padding: 2px;} tr:nth-child(even) {    background-color: #dddddd;}</style></head><body><table> <tr>    <th>WO:</th>    <th>azsdsa</th>  </tr>  <tr>    <td>OP:</td>    <td>dsad</td>  </tr>  <tr>    <td>CTID:</td>    <td>ACTID111</td>  </tr>  <tr>    <td>Tray:</td>    <td>Tray_05</td>  </tr>  <tr>    <td>Quantity:</td>    <td>1</td>  </tr> </table></body>
2018-07-31 14:49:08 INFO  EmployeePage:691 - com1user1 getTools
2018-07-31 14:49:10 INFO  TransactionController:43 - insert into WorkingTransaction( TransactionDate, MachineCode, CompanyCode, AssessorID, WOCode, OPCode, ToolCode, TrayIndex, Quantity, UpdatedDate, TransactionStatus, TransactionType) values (now(), 'MAC1', 'Com1', 'com1user1', '', '', 'ACTID111', 'Tray_05', '2', now(), 'Send request to board', 'GetTools');
2018-07-31 14:49:10 INFO  EmployeePage:713 - Create transaction
2018-07-31 14:49:10 INFO  EmployeePage:714 - hashMessage: {TRAY_05=02, TRAY_06=03, TRAY_03=03, TRAY_04=01, TRAY_01=01, TRAY_02=02}
2018-07-31 14:49:10 INFO  EmployeePage:715 - hashMessage containsKey TRAY_05: true
2018-07-31 14:49:10 INFO  EmployeePage:810 - Starting HID services.
2018-07-31 14:49:11 INFO  EmployeePage:826 - Calculating attached devices...
2018-07-31 14:49:11 INFO  EmployeePage:830 - HidDevice [vendorId=0x6cb, productId=0x78f1, product=HIDI2C Device]
2018-07-31 14:49:11 INFO  EmployeePage:830 - HidDevice [vendorId=0x6cb, productId=0x78f1, product=HIDI2C Device]
2018-07-31 14:49:11 INFO  EmployeePage:830 - HidDevice [vendorId=0x46d, productId=0xffffc534, product=USB Receiver]
2018-07-31 14:49:11 INFO  EmployeePage:830 - HidDevice [vendorId=0x413c, productId=0xffffabce, product=null]
2018-07-31 14:49:11 INFO  EmployeePage:830 - HidDevice [vendorId=0x46d, productId=0xffffc534, product=USB Receiver]
2018-07-31 14:49:11 INFO  EmployeePage:830 - HidDevice [vendorId=0x46d, productId=0xffffc534, product=USB Receiver]
2018-07-31 14:49:11 INFO  EmployeePage:830 - HidDevice [vendorId=0x46d, productId=0xffffc534, product=USB Receiver]
2018-07-31 14:49:11 INFO  EmployeePage:830 - HidDevice [vendorId=0x46d, productId=0xffffc534, product=USB Receiver]
2018-07-31 14:49:11 INFO  EmployeePage:830 - HidDevice [vendorId=0x461, productId=0x20, product=CCS HID Demo]
2018-07-31 14:49:11 INFO  EmployeePage:830 - HidDevice [vendorId=0x46d, productId=0xffffc534, product=USB Receiver]
2018-07-31 14:49:11 INFO  EmployeePage:836 - vendorId: 0x461 - 1121
2018-07-31 14:49:11 INFO  EmployeePage:837 - productId: 0x20 - 32
2018-07-31 14:49:11 INFO  EmployeePage:840 - hidDevice: HidDevice [vendorId=0x461, productId=0x20, product=CCS HID Demo]
2018-07-31 14:49:11 INFO  EmployeePage:841 - messageData: 02
2018-07-31 14:49:11 INFO  EmployeePage:877 - hidDevice: HidDevice [vendorId=0x461, productId=0x20, product=CCS HID Demo]
2018-07-31 14:49:11 INFO  EmployeePage:878 - hidDevice.isOpen(): true
2018-07-31 14:49:11 INFO  EmployeePage:888 - hidDevice.isOpen(): true
2018-07-31 14:49:11 INFO  EmployeePage:894 - Data send to board: [125, 2]
2018-07-31 14:49:12 INFO  EmployeePage:908 - > [3]
2018-07-31 14:49:12 INFO  EmployeePage:909 - > Send message 02 successfully. Wait to read data in 10s...
2018-07-31 14:49:12 INFO  EmployeePage:916 - -------------Begin wait to read data in 10s------------
2018-07-31 14:49:12 INFO  EmployeePage:924 - Switch case --- 2 ----
2018-07-31 14:49:13 INFO  EmployeePage:924 - Switch case --- 2 ----
2018-07-31 14:49:13 INFO  EmployeePage:946 - MOTOR_START
2018-07-31 14:49:13 INFO  EmployeePage:962 - <Data received from board [[2, 121]]
2018-07-31 14:49:18 INFO  EmployeePage:924 - Switch case --- 2 ----
2018-07-31 14:49:18 INFO  EmployeePage:949 - MOTOR_STOP
2018-07-31 14:49:18 INFO  EmployeePage:962 - <Data received from board [[2, 122]]
2018-07-31 14:49:20 INFO  EmployeePage:924 - Switch case --- 2 ----
2018-07-31 14:49:20 INFO  EmployeePage:952 - PRODUCT_OK
2018-07-31 14:49:20 INFO  EmployeePage:962 - <Data received from board [[2, 123]]
2018-07-31 14:49:30 INFO  EmployeePage:924 - Switch case --- 0 ----
2018-07-31 14:49:30 INFO  EmployeePage:932 - -------------No data receive, end read data------------
2018-07-31 14:49:30 INFO  EmployeePage:970 - listDataReceived: [121, 122, 123]
2018-07-31 14:49:30 INFO  TransactionController:75 - update WorkingTransaction set UpdatedDate=now(), TransactionStatus='MotorStart' where WorkingTransactionID = 4;
2018-07-31 14:49:30 INFO  TransactionController:75 - update WorkingTransaction set UpdatedDate=now(), TransactionStatus='MotorStop' where WorkingTransactionID = 4;
2018-07-31 14:49:30 INFO  TransactionController:75 - update WorkingTransaction set UpdatedDate=now(), TransactionStatus='ProductOK' where WorkingTransactionID = 4;
2018-07-31 14:49:31 INFO  EmployeePage:989 - Complete send and receive all messages!!!: 
2018-07-31 14:49:31 INFO  EmployeePage:734 - resultValue: 1
2018-07-31 14:49:31 INFO  EmployeeController:81 -  select toolsmachine.ToolsMachineID from tools inner join toolsmachine on tools.ToolCode = toolsmachine.ToolCode where tools.ToolCode = 'ACTID111' and toolsmachine.MachineCode = 'MAC1';
2018-07-31 14:49:31 INFO  EmployeeController:103 -  update toolsmachinetray set quantity = quantity - 1 where ToolsMachineID = '8' and trayIndex = 'Tray_05';
2018-07-31 14:49:31 INFO  EmployeePage:744 - Completed
2018-07-31 14:49:31 INFO  LoginController:249 - SELECT EmailAddress FROM Assessor where Assessor.UserName = 'com1user1' and Assessor.CompanyCode = 'Com1';
2018-07-31 14:49:33 INFO  EmployeePage:775 - Complete with resultValue = 1
2018-07-31 14:49:33 INFO  EmployeeController:135 -  select tools.ToolCode, tools.ToolCode, machine.MachineCode, toolsmachinetray.TrayIndex, toolsmachinetray.Quantity  from tools inner join toolsmachine on tools.ToolCode = toolsmachine.ToolCode  inner join machine on toolsmachine.MachineCode = machine.MachineCode  inner join toolsmachinetray on toolsmachinetray.toolsmachineID = toolsmachine.toolsmachineID  where machine.MachineCode = 'MAC1';
2018-07-31 14:49:33 INFO  EmployeeController:178 - {ACTID111=[[Tray_01, 5], [Tray_05, 1]], BCTID211=[[Tray_04, 4]], FCTID6=[[Tray_02, 2]]}
2018-07-31 14:49:36 INFO  EmailUtils:150 - com1user1 - GETTOOL - Send Mail To quann169@gmail.com - CC: [quann169@gmail.com] - Subject: Com1 - MAC1 notification - Message: Hi com1user1,
WO: azsdsa
OP: dsad
Tool: ACTID111
Tray: Tray_05
Quantity: 1
2018-07-31 14:49:37 INFO  EmployeeController:284 - select tools.ToolID, tools.ToolCode,machine.MachineCode, toolsmachinetray.quantity  from company 	inner join companymachine 				on companymachine.CompanyCode = company.CompanyCode 	inner join machine  				on machine.MachineCode = companymachine.MachineCode 	inner join toolsMachine  				on toolsMachine.MachineCode = machine.MachineCode 	inner join Tools  				on Tools.ToolCode = toolsMachine.ToolCode 	left join toolsMachineTray 				on toolsMachineTray.toolsMachineID = toolsMachine.toolsMachineID where company.CompanyCode = 'MAC1' and tools.ToolCode = 'DCTID4';
2018-07-31 14:49:37 INFO  EmployeeController:297 - []
2018-07-31 14:49:38 INFO  EmployeePage:554 - Suggest machine for tool DCTID4 - company COMPANY_CODE: []
2018-07-31 14:49:48 INFO  EmployeePage:689 - com1user1 confirm: <head><style>table {    font-family: arial, sans-serif;    border: none;    width: 100%;} td, th {    text-align: left;    padding: 2px;} tr:nth-child(even) {    background-color: #dddddd;}</style></head><body><table> <tr>    <th>WO:</th>    <th>asd</th>  </tr>  <tr>    <td>OP:</td>    <td>adasd</td>  </tr>  <tr>    <td>CTID:</td>    <td>ACTID111</td>  </tr>  <tr>    <td>Tray:</td>    <td>Tray_05</td>  </tr>  <tr>    <td>Quantity:</td>    <td>1</td>  </tr> </table></body>
2018-07-31 14:49:48 INFO  EmployeePage:691 - com1user1 getTools
2018-07-31 14:49:50 INFO  TransactionController:43 - insert into WorkingTransaction( TransactionDate, MachineCode, CompanyCode, AssessorID, WOCode, OPCode, ToolCode, TrayIndex, Quantity, UpdatedDate, TransactionStatus, TransactionType) values (now(), 'MAC1', 'Com1', 'com1user1', '', '', 'ACTID111', 'Tray_05', '1', now(), 'Send request to board', 'GetTools');
2018-07-31 14:49:50 INFO  EmployeePage:713 - Create transaction
2018-07-31 14:49:50 INFO  EmployeePage:714 - hashMessage: {TRAY_05=02, TRAY_06=03, TRAY_03=03, TRAY_04=01, TRAY_01=01, TRAY_02=02}
2018-07-31 14:49:50 INFO  EmployeePage:715 - hashMessage containsKey TRAY_05: true
2018-07-31 14:49:50 INFO  EmployeePage:810 - Starting HID services.
2018-07-31 14:49:50 INFO  EmployeePage:826 - Calculating attached devices...
2018-07-31 14:49:50 INFO  EmployeePage:830 - HidDevice [vendorId=0x6cb, productId=0x78f1, product=HIDI2C Device]
2018-07-31 14:49:50 INFO  EmployeePage:830 - HidDevice [vendorId=0x6cb, productId=0x78f1, product=HIDI2C Device]
2018-07-31 14:49:50 INFO  EmployeePage:830 - HidDevice [vendorId=0x46d, productId=0xffffc534, product=USB Receiver]
2018-07-31 14:49:50 INFO  EmployeePage:830 - HidDevice [vendorId=0x413c, productId=0xffffabce, product=null]
2018-07-31 14:49:50 INFO  EmployeePage:830 - HidDevice [vendorId=0x46d, productId=0xffffc534, product=USB Receiver]
2018-07-31 14:49:50 INFO  EmployeePage:830 - HidDevice [vendorId=0x46d, productId=0xffffc534, product=USB Receiver]
2018-07-31 14:49:50 INFO  EmployeePage:830 - HidDevice [vendorId=0x46d, productId=0xffffc534, product=USB Receiver]
2018-07-31 14:49:50 INFO  EmployeePage:830 - HidDevice [vendorId=0x46d, productId=0xffffc534, product=USB Receiver]
2018-07-31 14:49:50 INFO  EmployeePage:830 - HidDevice [vendorId=0x461, productId=0x20, product=CCS HID Demo]
2018-07-31 14:49:50 INFO  EmployeePage:830 - HidDevice [vendorId=0x46d, productId=0xffffc534, product=USB Receiver]
2018-07-31 14:49:50 INFO  EmployeePage:836 - vendorId: 0x461 - 1121
2018-07-31 14:49:50 INFO  EmployeePage:837 - productId: 0x20 - 32
2018-07-31 14:49:50 INFO  EmployeePage:840 - hidDevice: HidDevice [vendorId=0x461, productId=0x20, product=CCS HID Demo]
2018-07-31 14:49:50 INFO  EmployeePage:841 - messageData: 02
2018-07-31 14:49:50 INFO  EmployeePage:877 - hidDevice: HidDevice [vendorId=0x461, productId=0x20, product=CCS HID Demo]
2018-07-31 14:49:50 INFO  EmployeePage:878 - hidDevice.isOpen(): true
2018-07-31 14:49:50 INFO  EmployeePage:888 - hidDevice.isOpen(): true
2018-07-31 14:49:50 INFO  EmployeePage:894 - Data send to board: [125, 2]
2018-07-31 14:49:50 INFO  EmployeePage:908 - > [3]
2018-07-31 14:49:50 INFO  EmployeePage:909 - > Send message 02 successfully. Wait to read data in 10s...
2018-07-31 14:49:50 INFO  EmployeePage:916 - -------------Begin wait to read data in 10s------------
2018-07-31 14:49:50 INFO  EmployeePage:924 - Switch case --- 2 ----
2018-07-31 14:49:51 INFO  EmployeePage:924 - Switch case --- 2 ----
2018-07-31 14:49:51 INFO  EmployeePage:946 - MOTOR_START
2018-07-31 14:49:51 INFO  EmployeePage:962 - <Data received from board [[2, 121]]
2018-07-31 14:49:57 INFO  EmployeePage:924 - Switch case --- 2 ----
2018-07-31 14:49:57 INFO  EmployeePage:949 - MOTOR_STOP
2018-07-31 14:49:57 INFO  EmployeePage:962 - <Data received from board [[2, 122]]
2018-07-31 14:49:59 INFO  EmployeePage:924 - Switch case --- 2 ----
2018-07-31 14:49:59 INFO  EmployeePage:952 - PRODUCT_OK
2018-07-31 14:49:59 INFO  EmployeePage:962 - <Data received from board [[2, 123]]
2018-07-31 14:50:09 INFO  EmployeePage:924 - Switch case --- 0 ----
2018-07-31 14:50:09 INFO  EmployeePage:932 - -------------No data receive, end read data------------
2018-07-31 14:50:09 INFO  EmployeePage:970 - listDataReceived: [121, 122, 123]
2018-07-31 14:50:09 INFO  TransactionController:75 - update WorkingTransaction set UpdatedDate=now(), TransactionStatus='MotorStart' where WorkingTransactionID = 5;
2018-07-31 14:50:09 INFO  TransactionController:75 - update WorkingTransaction set UpdatedDate=now(), TransactionStatus='MotorStop' where WorkingTransactionID = 5;
2018-07-31 14:50:09 INFO  TransactionController:75 - update WorkingTransaction set UpdatedDate=now(), TransactionStatus='ProductOK' where WorkingTransactionID = 5;
2018-07-31 14:50:09 INFO  EmployeePage:989 - Complete send and receive all messages!!!: 
2018-07-31 14:50:09 INFO  EmployeePage:734 - resultValue: 1
2018-07-31 14:50:09 INFO  EmployeeController:81 -  select toolsmachine.ToolsMachineID from tools inner join toolsmachine on tools.ToolCode = toolsmachine.ToolCode where tools.ToolCode = 'ACTID111' and toolsmachine.MachineCode = 'MAC1';
2018-07-31 14:50:09 INFO  EmployeeController:103 -  update toolsmachinetray set quantity = quantity - 1 where ToolsMachineID = '8' and trayIndex = 'Tray_05';
2018-07-31 14:50:09 INFO  EmployeePage:744 - Completed
2018-07-31 14:50:09 INFO  LoginController:249 - SELECT EmailAddress FROM Assessor where Assessor.UserName = 'com1user1' and Assessor.CompanyCode = 'Com1';
2018-07-31 14:50:11 INFO  EmployeePage:775 - Complete with resultValue = 1
2018-07-31 14:50:11 INFO  EmployeeController:135 -  select tools.ToolCode, tools.ToolCode, machine.MachineCode, toolsmachinetray.TrayIndex, toolsmachinetray.Quantity  from tools inner join toolsmachine on tools.ToolCode = toolsmachine.ToolCode  inner join machine on toolsmachine.MachineCode = machine.MachineCode  inner join toolsmachinetray on toolsmachinetray.toolsmachineID = toolsmachine.toolsmachineID  where machine.MachineCode = 'MAC1';
2018-07-31 14:50:11 INFO  EmployeeController:178 - {ACTID111=[[Tray_01, 5]], BCTID211=[[Tray_04, 4]], FCTID6=[[Tray_02, 2]]}
2018-07-31 14:50:14 INFO  EmailUtils:150 - com1user1 - GETTOOL - Send Mail To quann169@gmail.com - CC: [quann169@gmail.com] - Subject: Com1 - MAC1 notification - Message: Hi com1user1,
WO: asd
OP: adasd
Tool: ACTID111
Tray: Tray_05
Quantity: 1
2018-07-31 14:51:12 INFO  LoginPage:359 - ========================================
2018-07-31 14:51:12 INFO  LogController:134 - select NewValue from MasterLog where Action = 'SendLog' order by NewValue desc limit 1;
2018-07-31 14:51:12 INFO  LoginPage:360 - Start syncing thread - 8fiKxmjT
2018-07-31 14:51:12 INFO  LoginPage:361 - ========================================
2018-07-31 14:51:12 INFO  SyncController:68 - Start SyncHostToLocal
2018-07-31 14:51:13 INFO  LogController:162 - insert into MasterLog(Action, NewValue) values('SendLog', '2018-07-31 14:51:12')
2018-07-31 14:51:14 INFO  LoginPage:477 - Update 2018-07-31 14:51:12 to MasterLog successfully.
2018-07-31 14:51:14 ERROR SyncController:104 - Unable to connect to foreign data source: User tqteamne_admin already has more than 'max_user_connections'
2018-07-31 14:51:14 INFO  LoginPage:364 - ========================================
2018-07-31 14:51:14 INFO  LoginPage:365 - End syncing thread - 8fiKxmjT
2018-07-31 14:51:14 INFO  LoginPage:366 - ========================================
2018-07-31 14:51:15 INFO  LoginPage:246 - Login with username: dgfdgd
2018-07-31 14:51:15 INFO  LoginController:46 - SELECT AssessorID, UserName, FirstName, LastName, CompanyCode, IsFirstTimeLogin, IsLocked FROM Assessor where Assessor.IsActive = 1 and Assessor.UserName='dgfdgd' and (Password=md5('gdg') or LastPassword=md5('gdg'));
2018-07-31 14:51:16 INFO  LoginPage:297 - Login Fail
2018-07-31 14:51:16 INFO  LoginPage:299 - Update Fail Time
2018-07-31 14:51:16 INFO  LoginController:85 - update Assessor set FailTimes = FailTimes + 1 where Assessor.UserName = 'dgfdgd' and Assessor.CompanyCode = 'Com1' ;
2018-07-31 14:51:16 INFO  LoginController:114 - update Assessor set Assessor.IsLocked = 1 where Assessor.UserName = 'dgfdgd' and Assessor.CompanyCode = 'Com1' and Assessor.FailTimes > 2;
2018-07-31 14:51:24 INFO  LoginPage:246 - Login with username: com1user1
2018-07-31 14:51:24 INFO  LoginController:46 - SELECT AssessorID, UserName, FirstName, LastName, CompanyCode, IsFirstTimeLogin, IsLocked FROM Assessor where Assessor.IsActive = 1 and Assessor.UserName='com1user1' and (Password=md5('123456') or LastPassword=md5('123456'));
2018-07-31 14:51:24 INFO  LoginPage:250 - Login OK
2018-07-31 14:51:24 INFO  LoginController:173 - select distinct RoleName  from assessor inner join roleassessor  on assessor.AssessorID = roleassessor.AssessorID inner join roles on roles.RoleID = roleassessor.RoleID where assessor.CompanyCode = 'Com1' and assessor.UserName= 'com1user1'
2018-07-31 14:51:24 INFO  LoginPage:265 - listRoles: [Roles [roleName=Emp]]
2018-07-31 14:51:24 INFO  LoginPage:276 - Show EmployeePage
2018-07-31 14:51:24 INFO  EmployeeController:135 -  select tools.ToolCode, tools.ToolCode, machine.MachineCode, toolsmachinetray.TrayIndex, toolsmachinetray.Quantity  from tools inner join toolsmachine on tools.ToolCode = toolsmachine.ToolCode  inner join machine on toolsmachine.MachineCode = machine.MachineCode  inner join toolsmachinetray on toolsmachinetray.toolsmachineID = toolsmachine.toolsmachineID  where machine.MachineCode = 'MAC1';
2018-07-31 14:51:24 INFO  EmployeeController:178 - {ACTID111=[[Tray_01, 5]], BCTID211=[[Tray_04, 4]], FCTID6=[[Tray_02, 2]]}
2018-07-31 14:51:24 INFO  EmployeeController:191 -  select tools.ToolCode from tools;
2018-07-31 14:51:24 INFO  EmployeeController:209 - {}
2018-07-31 14:51:25 INFO  EmployeeController:51 - select tools.ToolId, tools.ToolCode  from tools inner join toolsmachine on tools.ToolCode = toolsmachine.ToolCode  inner join machine on toolsmachine.MachineCode = machine.MachineCode  where machine.MachineCode = 'MAC1';
2018-07-31 14:51:25 INFO  EmployeeController:72 - [Tool [toolId=1, toolName=ACTID111], Tool [toolId=2, toolName=BCTID211], Tool [toolId=6, toolName=FCTID6], Tool [toolId=4, toolName=DCTID4], Tool [toolId=5, toolName=ECTID5]]
2018-07-31 14:51:25 INFO  EmployeePage:497 - listToolNames: [, ACTID111, BCTID211, DCTID4, ECTID5, FCTID6]
2018-07-31 14:51:25 INFO  EmployeePage:509 - toolComboBox: [, ACTID111, BCTID211, DCTID4, ECTID5, FCTID6]
2018-07-31 14:51:25 INFO  EmployeePage:162 - Init EMP_PAGE
2018-07-31 14:51:25 INFO  EmployeePage:165 - listAllTrays: [TRAY_01, TRAY_02, TRAY_03, TRAY_04, TRAY_05, TRAY_06, TRAY_07, TRAY_08, TRAY_09, TRAY_10, TRAY_11, TRAY_12, TRAY_13, TRAY_14, TRAY_15, TRAY_16, TRAY_17, TRAY_18, TRAY_19, TRAY_20, TRAY_21, TRAY_22, TRAY_23, TRAY_24, TRAY_25, TRAY_26, TRAY_27, TRAY_28, TRAY_29, TRAY_30, TRAY_31, TRAY_32, TRAY_33, TRAY_34, TRAY_35, TRAY_36, TRAY_37, TRAY_38, TRAY_39, TRAY_40, TRAY_41, TRAY_42, TRAY_43, TRAY_44, TRAY_45, TRAY_46, TRAY_47, TRAY_48, TRAY_49, TRAY_50, TRAY_51, TRAY_52, TRAY_53, TRAY_54, TRAY_55, TRAY_56, TRAY_57, TRAY_58, TRAY_59, TRAY_60]
2018-07-31 14:51:25 INFO  EmployeePage:171 - hashMessage: {TRAY_05=02, TRAY_06=03, TRAY_03=03, TRAY_04=01, TRAY_01=01, TRAY_02=02}
2018-07-31 14:51:35 INFO  EmployeePage:689 - com1user1 confirm: <head><style>table {    font-family: arial, sans-serif;    border: none;    width: 100%;} td, th {    text-align: left;    padding: 2px;} tr:nth-child(even) {    background-color: #dddddd;}</style></head><body><table> <tr>    <th>WO:</th>    <th>czc</th>  </tr>  <tr>    <td>OP:</td>    <td>zczxc</td>  </tr>  <tr>    <td>CTID:</td>    <td>ACTID111</td>  </tr>  <tr>    <td>Tray:</td>    <td>Tray_01</td>  </tr>  <tr>    <td>Quantity:</td>    <td>1</td>  </tr> </table></body>
2018-07-31 14:51:35 INFO  EmployeePage:691 - com1user1 getTools
2018-07-31 14:51:37 INFO  TransactionController:43 - insert into WorkingTransaction( TransactionDate, MachineCode, CompanyCode, AssessorID, WOCode, OPCode, ToolCode, TrayIndex, Quantity, UpdatedDate, TransactionStatus, TransactionType) values (now(), 'MAC1', 'Com1', 'com1user1', '', '', 'ACTID111', 'Tray_01', '5', now(), 'Send request to board', 'GetTools');
2018-07-31 14:51:37 INFO  EmployeePage:713 - Create transaction
2018-07-31 14:51:37 INFO  EmployeePage:714 - hashMessage: {TRAY_05=02, TRAY_06=03, TRAY_03=03, TRAY_04=01, TRAY_01=01, TRAY_02=02}
2018-07-31 14:51:37 INFO  EmployeePage:715 - hashMessage containsKey TRAY_01: true
2018-07-31 14:51:37 INFO  EmployeePage:810 - Starting HID services.
2018-07-31 14:51:38 INFO  EmployeePage:826 - Calculating attached devices...
2018-07-31 14:51:38 INFO  EmployeePage:830 - HidDevice [vendorId=0x6cb, productId=0x78f1, product=HIDI2C Device]
2018-07-31 14:51:38 INFO  EmployeePage:830 - HidDevice [vendorId=0x6cb, productId=0x78f1, product=HIDI2C Device]
2018-07-31 14:51:38 INFO  EmployeePage:830 - HidDevice [vendorId=0x46d, productId=0xffffc534, product=USB Receiver]
2018-07-31 14:51:38 INFO  EmployeePage:830 - HidDevice [vendorId=0x413c, productId=0xffffabce, product=null]
2018-07-31 14:51:38 INFO  EmployeePage:830 - HidDevice [vendorId=0x46d, productId=0xffffc534, product=USB Receiver]
2018-07-31 14:51:38 INFO  EmployeePage:830 - HidDevice [vendorId=0x46d, productId=0xffffc534, product=USB Receiver]
2018-07-31 14:51:38 INFO  EmployeePage:830 - HidDevice [vendorId=0x46d, productId=0xffffc534, product=USB Receiver]
2018-07-31 14:51:38 INFO  EmployeePage:830 - HidDevice [vendorId=0x46d, productId=0xffffc534, product=USB Receiver]
2018-07-31 14:51:38 INFO  EmployeePage:830 - HidDevice [vendorId=0x461, productId=0x20, product=CCS HID Demo]
2018-07-31 14:51:38 INFO  EmployeePage:830 - HidDevice [vendorId=0x46d, productId=0xffffc534, product=USB Receiver]
2018-07-31 14:51:38 INFO  EmployeePage:836 - vendorId: 0x461 - 1121
2018-07-31 14:51:38 INFO  EmployeePage:837 - productId: 0x20 - 32
2018-07-31 14:51:39 INFO  EmployeePage:840 - hidDevice: HidDevice [vendorId=0x461, productId=0x20, product=CCS HID Demo]
2018-07-31 14:51:39 INFO  EmployeePage:841 - messageData: 01
2018-07-31 14:51:39 INFO  EmployeePage:877 - hidDevice: HidDevice [vendorId=0x461, productId=0x20, product=CCS HID Demo]
2018-07-31 14:51:39 INFO  EmployeePage:878 - hidDevice.isOpen(): true
2018-07-31 14:51:39 INFO  EmployeePage:888 - hidDevice.isOpen(): true
2018-07-31 14:51:39 INFO  EmployeePage:894 - Data send to board: [125, 1]
2018-07-31 14:51:39 INFO  EmployeePage:908 - > [3]
2018-07-31 14:51:39 INFO  EmployeePage:909 - > Send message 01 successfully. Wait to read data in 10s...
2018-07-31 14:51:39 INFO  EmployeePage:916 - -------------Begin wait to read data in 10s------------
2018-07-31 14:51:39 INFO  EmployeePage:924 - Switch case --- 2 ----
2018-07-31 14:51:40 INFO  EmployeePage:924 - Switch case --- 2 ----
2018-07-31 14:51:40 INFO  EmployeePage:946 - MOTOR_START
2018-07-31 14:51:40 INFO  EmployeePage:962 - <Data received from board [[1, 121]]
2018-07-31 14:51:45 INFO  EmployeePage:924 - Switch case --- 2 ----
2018-07-31 14:51:45 INFO  EmployeePage:949 - MOTOR_STOP
2018-07-31 14:51:45 INFO  EmployeePage:962 - <Data received from board [[1, 122]]
2018-07-31 14:51:48 INFO  EmployeePage:924 - Switch case --- 2 ----
2018-07-31 14:51:48 INFO  EmployeePage:952 - PRODUCT_OK
2018-07-31 14:51:48 INFO  EmployeePage:962 - <Data received from board [[1, 123]]
2018-07-31 14:51:58 INFO  EmployeePage:924 - Switch case --- 0 ----
2018-07-31 14:51:58 INFO  EmployeePage:932 - -------------No data receive, end read data------------
2018-07-31 14:51:58 INFO  EmployeePage:970 - listDataReceived: [121, 122, 123]
2018-07-31 14:51:58 INFO  TransactionController:75 - update WorkingTransaction set UpdatedDate=now(), TransactionStatus='MotorStart' where WorkingTransactionID = 6;
2018-07-31 14:51:58 INFO  TransactionController:75 - update WorkingTransaction set UpdatedDate=now(), TransactionStatus='MotorStop' where WorkingTransactionID = 6;
2018-07-31 14:51:58 INFO  TransactionController:75 - update WorkingTransaction set UpdatedDate=now(), TransactionStatus='ProductOK' where WorkingTransactionID = 6;
2018-07-31 14:51:58 INFO  EmployeePage:989 - Complete send and receive all messages!!!: 
2018-07-31 14:51:58 INFO  EmployeePage:734 - resultValue: 1
2018-07-31 14:51:58 INFO  EmployeeController:81 -  select toolsmachine.ToolsMachineID from tools inner join toolsmachine on tools.ToolCode = toolsmachine.ToolCode where tools.ToolCode = 'ACTID111' and toolsmachine.MachineCode = 'MAC1';
2018-07-31 14:51:58 INFO  EmployeeController:103 -  update toolsmachinetray set quantity = quantity - 1 where ToolsMachineID = '8' and trayIndex = 'Tray_01';
2018-07-31 14:51:58 INFO  EmployeePage:744 - Completed
2018-07-31 14:51:58 INFO  LoginController:249 - SELECT EmailAddress FROM Assessor where Assessor.UserName = 'com1user1' and Assessor.CompanyCode = 'Com1';
2018-07-31 14:52:04 INFO  EmailUtils:150 - com1user1 - GETTOOL - Send Mail To quann169@gmail.com - CC: [quann169@gmail.com] - Subject: Com1 - MAC1 notification - Message: Hi com1user1,
WO: czc
OP: zczxc
Tool: ACTID111
Tray: Tray_01
Quantity: 1
2018-07-31 18:01:39 INFO  LogController:134 - select NewValue from MasterLog where Action = 'SendLog' order by NewValue desc limit 1;
2018-07-31 18:01:39 INFO  LoginPage:359 - ========================================
2018-07-31 18:01:39 INFO  LoginPage:360 - Start syncing thread - Wcz7X6jf
2018-07-31 18:01:39 INFO  LoginPage:361 - ========================================
2018-07-31 18:01:39 INFO  SyncController:68 - Start SyncHostToLocal
2018-07-31 18:01:41 INFO  LogController:162 - insert into MasterLog(Action, NewValue) values('SendLog', '2018-07-31 18:01:39')
2018-07-31 18:01:41 INFO  LoginPage:477 - Update 2018-07-31 18:01:39 to MasterLog successfully.
2018-07-31 18:01:41 ERROR SyncController:104 - Duplicate entry 'MAC1' for key 'MachineCode'
2018-07-31 18:01:41 INFO  LoginPage:364 - ========================================
2018-07-31 18:01:41 INFO  LoginPage:365 - End syncing thread - Wcz7X6jf
2018-07-31 18:01:41 INFO  LoginPage:366 - ========================================
2018-07-31 18:01:49 INFO  LoginPage:246 - Login with username: com1user1
2018-07-31 18:01:49 INFO  LoginController:46 - SELECT AssessorID, UserName, FirstName, LastName, CompanyCode, IsFirstTimeLogin, IsLocked FROM Assessor where Assessor.IsActive = 1 and Assessor.UserName='com1user1' and (Password=md5('123456') or LastPassword=md5('123456'));
2018-07-31 18:01:49 INFO  LoginPage:250 - Login OK
2018-07-31 18:01:49 INFO  LoginController:173 - select distinct RoleName  from assessor inner join roleassessor  on assessor.AssessorID = roleassessor.AssessorID inner join roles on roles.RoleID = roleassessor.RoleID where assessor.CompanyCode = 'Com1' and assessor.UserName= 'com1user1'
2018-07-31 18:01:49 INFO  LoginPage:265 - listRoles: [Roles [roleName=Emp]]
2018-07-31 18:01:49 INFO  LoginPage:276 - Show EmployeePage
2018-07-31 18:01:49 INFO  EmployeeController:135 -  select tools.ToolCode, tools.ToolCode, machine.MachineCode, toolsmachinetray.TrayIndex, toolsmachinetray.Quantity  from tools inner join toolsmachine on tools.ToolCode = toolsmachine.ToolCode  inner join machine on toolsmachine.MachineCode = machine.MachineCode  inner join toolsmachinetray on toolsmachinetray.toolsmachineID = toolsmachine.toolsmachineID  where machine.MachineCode = 'MAC1';
2018-07-31 18:01:49 INFO  EmployeeController:178 - {ACTID111=[[Tray_01, 4]], BCTID211=[[Tray_04, 4]], FCTID6=[[Tray_02, 2]]}
2018-07-31 18:01:49 INFO  EmployeeController:191 -  select tools.ToolCode from tools;
2018-07-31 18:01:49 INFO  EmployeeController:209 - {}
2018-07-31 18:01:49 INFO  EmployeeController:51 - select tools.ToolId, tools.ToolCode  from tools inner join toolsmachine on tools.ToolCode = toolsmachine.ToolCode  inner join machine on toolsmachine.MachineCode = machine.MachineCode  where machine.MachineCode = 'MAC1';
2018-07-31 18:01:49 INFO  EmployeeController:72 - [Tool [toolId=1, toolName=ACTID111], Tool [toolId=2, toolName=BCTID211], Tool [toolId=6, toolName=FCTID6], Tool [toolId=4, toolName=DCTID4], Tool [toolId=5, toolName=ECTID5]]
2018-07-31 18:01:49 INFO  EmployeePage:497 - listToolNames: [, ACTID111, BCTID211, DCTID4, ECTID5, FCTID6]
2018-07-31 18:01:49 INFO  EmployeePage:509 - toolComboBox: [, ACTID111, BCTID211, DCTID4, ECTID5, FCTID6]
2018-07-31 18:01:49 INFO  EmployeePage:162 - Init EMP_PAGE
2018-07-31 18:01:49 INFO  EmployeePage:165 - listAllTrays: [TRAY_01, TRAY_02, TRAY_03, TRAY_04, TRAY_05, TRAY_06, TRAY_07, TRAY_08, TRAY_09, TRAY_10, TRAY_11, TRAY_12, TRAY_13, TRAY_14, TRAY_15, TRAY_16, TRAY_17, TRAY_18, TRAY_19, TRAY_20, TRAY_21, TRAY_22, TRAY_23, TRAY_24, TRAY_25, TRAY_26, TRAY_27, TRAY_28, TRAY_29, TRAY_30, TRAY_31, TRAY_32, TRAY_33, TRAY_34, TRAY_35, TRAY_36, TRAY_37, TRAY_38, TRAY_39, TRAY_40, TRAY_41, TRAY_42, TRAY_43, TRAY_44, TRAY_45, TRAY_46, TRAY_47, TRAY_48, TRAY_49, TRAY_50, TRAY_51, TRAY_52, TRAY_53, TRAY_54, TRAY_55, TRAY_56, TRAY_57, TRAY_58, TRAY_59, TRAY_60]
2018-07-31 18:01:49 INFO  EmployeePage:171 - hashMessage: {TRAY_09=01, TRAY_07=01, TRAY_18=02, TRAY_08=02, TRAY_19=01, TRAY_20=02, TRAY_05=01, TRAY_16=02, TRAY_06=02, TRAY_17=01, TRAY_03=01, TRAY_14=02, TRAY_04=02, TRAY_15=01, TRAY_01=01, TRAY_12=02, TRAY_02=02, TRAY_13=01, TRAY_10=02, TRAY_11=01}
2018-07-31 18:01:55 INFO  EmployeePage:689 - com1user1 confirm: <head><style>table {    font-family: arial, sans-serif;    border: none;    width: 100%;} td, th {    text-align: left;    padding: 2px;} tr:nth-child(even) {    background-color: #dddddd;}</style></head><body><table> <tr>    <th>WO:</th>    <th>xcsazas</th>  </tr>  <tr>    <td>OP:</td>    <td>fafasfa</td>  </tr>  <tr>    <td>CTID:</td>    <td>ACTID111</td>  </tr>  <tr>    <td>Tray:</td>    <td>Tray_01</td>  </tr>  <tr>    <td>Quantity:</td>    <td>1</td>  </tr> </table></body>
2018-07-31 18:01:55 INFO  EmployeePage:691 - com1user1 getTools
2018-07-31 18:01:57 INFO  TransactionController:43 - insert into WorkingTransaction( TransactionDate, MachineCode, CompanyCode, AssessorID, WOCode, OPCode, ToolCode, TrayIndex, Quantity, UpdatedDate, TransactionStatus, TransactionType) values (now(), 'MAC1', 'Com1', 'com1user1', 'xcsazas', 'fafasfa', 'ACTID111', 'Tray_01', '1', now(), 'Send request to board', 'GetTools');
2018-07-31 18:01:57 INFO  EmployeePage:714 - Create transaction
2018-07-31 18:01:57 INFO  EmployeePage:715 - hashMessage: {TRAY_09=01, TRAY_07=01, TRAY_18=02, TRAY_08=02, TRAY_19=01, TRAY_20=02, TRAY_05=01, TRAY_16=02, TRAY_06=02, TRAY_17=01, TRAY_03=01, TRAY_14=02, TRAY_04=02, TRAY_15=01, TRAY_01=01, TRAY_12=02, TRAY_02=02, TRAY_13=01, TRAY_10=02, TRAY_11=01}
2018-07-31 18:01:57 INFO  EmployeePage:716 - hashMessage containsKey TRAY_01: true
2018-07-31 18:01:57 INFO  EmployeePage:811 - Starting HID services.
2018-07-31 18:01:59 INFO  EmployeePage:827 - Calculating attached devices...
2018-07-31 18:01:59 INFO  EmployeePage:831 - HidDevice [vendorId=0x6cb, productId=0x78f1, product=HIDI2C Device]
2018-07-31 18:01:59 INFO  EmployeePage:831 - HidDevice [vendorId=0x6cb, productId=0x78f1, product=HIDI2C Device]
2018-07-31 18:01:59 INFO  EmployeePage:831 - HidDevice [vendorId=0x46d, productId=0xffffc534, product=USB Receiver]
2018-07-31 18:01:59 INFO  EmployeePage:831 - HidDevice [vendorId=0x413c, productId=0xffffabce, product=null]
2018-07-31 18:01:59 INFO  EmployeePage:831 - HidDevice [vendorId=0x46d, productId=0xffffc534, product=USB Receiver]
2018-07-31 18:01:59 INFO  EmployeePage:831 - HidDevice [vendorId=0x46d, productId=0xffffc534, product=USB Receiver]
2018-07-31 18:01:59 INFO  EmployeePage:831 - HidDevice [vendorId=0x46d, productId=0xffffc534, product=USB Receiver]
2018-07-31 18:01:59 INFO  EmployeePage:831 - HidDevice [vendorId=0x46d, productId=0xffffc534, product=USB Receiver]
2018-07-31 18:01:59 INFO  EmployeePage:831 - HidDevice [vendorId=0x461, productId=0x20, product=CCS HID Demo]
2018-07-31 18:01:59 INFO  EmployeePage:831 - HidDevice [vendorId=0x46d, productId=0xffffc534, product=USB Receiver]
2018-07-31 18:01:59 INFO  EmployeePage:837 - vendorId: 0x461 - 1121
2018-07-31 18:01:59 INFO  EmployeePage:838 - productId: 0x20 - 32
2018-07-31 18:01:59 INFO  EmployeePage:841 - hidDevice: HidDevice [vendorId=0x461, productId=0x20, product=CCS HID Demo]
2018-07-31 18:01:59 INFO  EmployeePage:842 - messageData: 01
2018-07-31 18:01:59 INFO  EmployeePage:878 - hidDevice: HidDevice [vendorId=0x461, productId=0x20, product=CCS HID Demo]
2018-07-31 18:01:59 INFO  EmployeePage:879 - hidDevice.isOpen(): true
2018-07-31 18:01:59 INFO  EmployeePage:889 - hidDevice.isOpen(): true
2018-07-31 18:01:59 INFO  EmployeePage:895 - Data send to board: [125, 1]
2018-07-31 18:01:59 INFO  EmployeePage:909 - > [3]
2018-07-31 18:01:59 INFO  EmployeePage:910 - > Send message 01 successfully. Wait to read data in 10s...
2018-07-31 18:01:59 INFO  EmployeePage:917 - -------------Begin wait to read data in 10s------------
2018-07-31 18:01:59 INFO  EmployeePage:925 - Switch case --- 2 ----
2018-07-31 18:02:01 INFO  EmployeePage:925 - Switch case --- 2 ----
2018-07-31 18:02:01 INFO  EmployeePage:947 - MOTOR_START
2018-07-31 18:02:01 INFO  EmployeePage:963 - <Data received from board [[1, 121]]
2018-07-31 18:02:06 INFO  EmployeePage:925 - Switch case --- 2 ----
2018-07-31 18:02:06 INFO  EmployeePage:950 - MOTOR_STOP
2018-07-31 18:02:06 INFO  EmployeePage:963 - <Data received from board [[1, 122]]
2018-07-31 18:02:08 INFO  EmployeePage:925 - Switch case --- 2 ----
2018-07-31 18:02:08 INFO  EmployeePage:953 - PRODUCT_OK
2018-07-31 18:02:08 INFO  EmployeePage:963 - <Data received from board [[1, 123]]
2018-07-31 18:02:18 INFO  EmployeePage:925 - Switch case --- 0 ----
2018-07-31 18:02:18 INFO  EmployeePage:933 - -------------No data receive, end read data------------
2018-07-31 18:02:18 INFO  EmployeePage:971 - listDataReceived: [121, 122, 123]
2018-07-31 18:02:18 INFO  TransactionController:75 - update WorkingTransaction set UpdatedDate=now(), TransactionStatus='MotorStart' where WorkingTransactionID = 7;
2018-07-31 18:02:18 INFO  TransactionController:75 - update WorkingTransaction set UpdatedDate=now(), TransactionStatus='MotorStop' where WorkingTransactionID = 7;
2018-07-31 18:02:19 INFO  TransactionController:75 - update WorkingTransaction set UpdatedDate=now(), TransactionStatus='ProductOK' where WorkingTransactionID = 7;
2018-07-31 18:02:19 INFO  EmployeePage:990 - Complete send and receive all messages!!!: 
2018-07-31 18:02:19 INFO  EmployeePage:735 - resultValue: 1
2018-07-31 18:02:19 INFO  EmployeeController:81 -  select toolsmachine.ToolsMachineID from tools inner join toolsmachine on tools.ToolCode = toolsmachine.ToolCode where tools.ToolCode = 'ACTID111' and toolsmachine.MachineCode = 'MAC1';
2018-07-31 18:02:19 INFO  EmployeeController:103 -  update toolsmachinetray set quantity = quantity - 1 where ToolsMachineID = '8' and trayIndex = 'Tray_01';
2018-07-31 18:02:19 INFO  EmployeePage:745 - Completed
2018-07-31 18:02:19 INFO  LoginController:249 - SELECT EmailAddress FROM Assessor where Assessor.UserName = 'com1user1' and Assessor.CompanyCode = 'Com1';
2018-07-31 18:02:29 INFO  EmailUtils:150 - com1user1 - GETTOOL - Send Mail To quann169@gmail.com - CC: [quann169@gmail.com] - Subject: Com1 - MAC1 notification - Message: Hi com1user1,
WO: xcsazas
OP: fafasfa
Tool: ACTID111
Tray: Tray_01
Quantity: 1
2018-07-31 18:02:30 INFO  EmployeePage:776 - Complete with resultValue = 1
2018-07-31 18:02:30 INFO  EmployeeController:135 -  select tools.ToolCode, tools.ToolCode, machine.MachineCode, toolsmachinetray.TrayIndex, toolsmachinetray.Quantity  from tools inner join toolsmachine on tools.ToolCode = toolsmachine.ToolCode  inner join machine on toolsmachine.MachineCode = machine.MachineCode  inner join toolsmachinetray on toolsmachinetray.toolsmachineID = toolsmachine.toolsmachineID  where machine.MachineCode = 'MAC1';
2018-07-31 18:02:30 INFO  EmployeeController:178 - {ACTID111=[[Tray_01, 3]], BCTID211=[[Tray_04, 4]], FCTID6=[[Tray_02, 2]]}
2018-07-31 18:06:58 INFO  LogController:134 - select NewValue from MasterLog where Action = 'SendLog' order by NewValue desc limit 1;
2018-07-31 18:06:58 INFO  LoginPage:359 - ========================================
2018-07-31 18:06:58 INFO  LoginPage:360 - Start syncing thread - jwu5tvXo
2018-07-31 18:06:58 INFO  LoginPage:361 - ========================================
2018-07-31 18:06:58 INFO  SyncController:68 - Start SyncHostToLocal
2018-07-31 18:06:59 INFO  LogController:162 - insert into MasterLog(Action, NewValue) values('SendLog', '2018-07-31 18:06:58')
2018-07-31 18:07:00 INFO  LoginPage:477 - Update 2018-07-31 18:06:58 to MasterLog successfully.
2018-07-31 18:07:00 ERROR SyncController:104 - Duplicate entry 'MAC1' for key 'MachineCode'
2018-07-31 18:07:00 INFO  LoginPage:364 - ========================================
2018-07-31 18:07:00 INFO  LoginPage:365 - End syncing thread - jwu5tvXo
2018-07-31 18:07:00 INFO  LoginPage:366 - ========================================
2018-08-07 22:10:16 INFO  LogController:134 - select NewValue from MasterLog where Action = 'SendLog' order by NewValue desc limit 1;
2018-08-07 22:10:16 INFO  LoginPage:359 - ========================================
2018-08-07 22:10:16 INFO  LoginPage:360 - Start syncing thread - xovrt6Aj
2018-08-07 22:10:16 INFO  LoginPage:361 - ========================================
2018-08-07 22:10:16 INFO  SyncController:68 - Start SyncHostToLocal
2018-08-07 22:10:21 INFO  LogController:162 - insert into MasterLog(Action, NewValue) values('SendLog', '2018-08-07 22:10:16')
2018-08-07 22:10:21 INFO  LoginPage:477 - Update 2018-08-07 22:10:16 to MasterLog successfully.
2018-08-07 22:10:26 INFO  SyncController:77 - ========Start=======
,
insertCompany: 1,
updateCompany: 1,
insertAssessor: 3,
updateAssessor: 1,
insertMachine: 1,
updateMachine: 1,
insertCompanyMachine: 1,
updateCompanyMachine: 0,
insertRoleAssessor: 3,
updateRoleAssessor: 4,
insertRole: 0,
updateRole: 8,
insertTools: 5,
updateTools: 0,
insertToolsMachine: 5,
updateToolsMachine: 0,
insertToolsMachineTray: 7,
updateToolsMachineTray: 0
2018-08-07 22:10:26 INFO  SyncController:84 - End SyncHostToLocal: 10s
2018-08-07 22:10:26 INFO  SyncController:86 - Start SyncLocalToHost
2018-08-07 22:10:28 INFO  SyncController:95 - insertMasterLog: 0,
updateMasterLog: 4,
insertToolsMachineTray: 0,
updateToolsMachineTray: 0,
insertWorkingTransaction: 0,
updateWorkingTransaction: 0
2018-08-07 22:10:28 INFO  SyncController:101 - End SyncLocalToHost: 1s
2018-08-07 22:10:28 INFO  LoginPage:364 - ========================================
2018-08-07 22:10:28 INFO  LoginPage:365 - End syncing thread - xovrt6Aj
2018-08-07 22:10:28 INFO  LoginPage:366 - ========================================
2018-08-07 22:10:50 INFO  LoginPage:246 - Login with username: admin
2018-08-07 22:10:50 INFO  LoginController:46 - SELECT AssessorID, UserName, FirstName, LastName, CompanyCode, IsFirstTimeLogin, IsLocked FROM Assessor where Assessor.IsActive = 1 and Assessor.UserName='admin' and (Password=md5('123456') or LastPassword=md5('123456'));
2018-08-07 22:10:50 INFO  LoginPage:250 - Login OK
2018-08-07 22:10:50 INFO  LoginController:173 - select distinct RoleName  from assessor inner join roleassessor  on assessor.AssessorID = roleassessor.AssessorID inner join roles on roles.RoleID = roleassessor.RoleID where assessor.CompanyCode = 'Com1' and assessor.UserName= 'admin'
2018-08-07 22:10:50 INFO  LoginPage:265 - listRoles: []
2018-08-07 22:10:50 INFO  LoginController:173 - select distinct RoleName  from assessor inner join roleassessor  on assessor.AssessorID = roleassessor.AssessorID inner join roles on roles.RoleID = roleassessor.RoleID where assessor.CompanyCode = 'UHCom' and assessor.UserName= 'admin'
2018-08-07 22:10:50 INFO  LoginPage:269 - listRolesUH: [Roles [roleName=Admin], Roles [roleName=SubAdmin], Roles [roleName=Accounting], Roles [roleName=Emp]]
2018-08-07 22:10:50 INFO  LoginPage:285 - Show DashboardPage
2018-08-07 22:10:50 INFO  DashboardPage:93 - Init DASHBOARD_PAGE
2018-08-07 22:15:28 INFO  LoginPage:359 - ========================================
2018-08-07 22:15:28 INFO  LoginPage:360 - Start syncing thread - 3jIGkSPR
2018-08-07 22:15:28 INFO  LoginPage:361 - ========================================
2018-08-07 22:15:28 INFO  SyncController:68 - Start SyncHostToLocal
2018-08-07 22:15:32 INFO  SyncController:77 - ========Start=======
,
insertCompany: 0,
updateCompany: 0,
insertAssessor: 0,
updateAssessor: 0,
insertMachine: 0,
updateMachine: 0,
insertCompanyMachine: 0,
updateCompanyMachine: 0,
insertRoleAssessor: 0,
updateRoleAssessor: 0,
insertRole: 0,
updateRole: 0,
insertTools: 0,
updateTools: 0,
insertToolsMachine: 0,
updateToolsMachine: 0,
insertToolsMachineTray: 0,
updateToolsMachineTray: 0
2018-08-07 22:15:32 INFO  SyncController:84 - End SyncHostToLocal: 4s
2018-08-07 22:15:32 INFO  SyncController:86 - Start SyncLocalToHost
2018-08-07 22:15:34 INFO  SyncController:95 - insertMasterLog: 0,
updateMasterLog: 12,
insertToolsMachineTray: 0,
updateToolsMachineTray: 0,
insertWorkingTransaction: 0,
updateWorkingTransaction: 0
2018-08-07 22:15:34 INFO  SyncController:101 - End SyncLocalToHost: 2s
2018-08-07 22:15:34 INFO  LoginPage:364 - ========================================
2018-08-07 22:15:34 INFO  LoginPage:365 - End syncing thread - 3jIGkSPR
2018-08-07 22:15:34 INFO  LoginPage:366 - ========================================
2018-08-07 22:20:34 INFO  LoginPage:359 - ========================================
2018-08-07 22:20:34 INFO  LoginPage:360 - Start syncing thread - hiixD7vj
2018-08-07 22:20:34 INFO  LoginPage:361 - ========================================
2018-08-07 22:20:34 INFO  SyncController:68 - Start SyncHostToLocal
2018-08-07 22:20:39 INFO  SyncController:77 - ========Start=======
,
insertCompany: 0,
updateCompany: 0,
insertAssessor: 0,
updateAssessor: 0,
insertMachine: 0,
updateMachine: 0,
insertCompanyMachine: 0,
updateCompanyMachine: 0,
insertRoleAssessor: 0,
updateRoleAssessor: 0,
insertRole: 0,
updateRole: 0,
insertTools: 0,
updateTools: 0,
insertToolsMachine: 0,
updateToolsMachine: 0,
insertToolsMachineTray: 0,
updateToolsMachineTray: 0
2018-08-07 22:20:39 INFO  SyncController:84 - End SyncHostToLocal: 4s
2018-08-07 22:20:39 INFO  SyncController:86 - Start SyncLocalToHost
2018-08-07 22:20:42 INFO  SyncController:95 - insertMasterLog: 0,
updateMasterLog: 20,
insertToolsMachineTray: 0,
updateToolsMachineTray: 0,
insertWorkingTransaction: 0,
updateWorkingTransaction: 0
2018-08-07 22:20:42 INFO  SyncController:101 - End SyncLocalToHost: 2s
2018-08-07 22:20:42 INFO  LoginPage:364 - ========================================
2018-08-07 22:20:42 INFO  LoginPage:365 - End syncing thread - hiixD7vj
2018-08-07 22:20:42 INFO  LoginPage:366 - ========================================
