updateAssessor: 0
updateRoleAssessor: 0
updateMachine: 0
updateCompany: 0
updateCompanyMachine: 0
updateCompanyMachine: 0,
insertTools: 0,
updateTools: 0
updateAssessor: 0
updateRoleAssessor: 0
updateMachine: 0
updateCompany: 0
updateCompanyMachine: 0
updateCompanyMachine: 0,
insertTools: 0,
updateTools: 0
updateToolsMachineTray: 0
updateWorkingTransaction: 0
updateAssessor: 0
updateRoleAssessor: 0
updateMachine: 0
updateCompany: 0
updateCompanyMachine: 0
updateCompanyMachine: 0,
insertTools: 0,
updateTools: 0
updateToolsMachineTray: 0
updateWorkingTransaction: 0
updateAssessor: 0
updateRoleAssessor: 0
updateMachine: 0
updateCompany: 0
updateCompanyMachine: 0
updateCompanyMachine: 0,
insertTools: 0,
updateTools: 0
updateToolsMachineTray: 0
updateWorkingTransaction: 0
updateAssessor: 0
updateRoleAssessor: 0
updateMachine: 0
updateCompany: 0
updateCompanyMachine: 0
updateCompanyMachine: 0,
insertTools: 0,
updateTools: 0
updateToolsMachineTray: 0
updateWorkingTransaction: 0
updateAssessor: 0
updateRoleAssessor: 0
updateMachine: 0
updateCompany: 0
updateCompanyMachine: 0
updateCompanyMachine: 0,
insertTools: 0,
updateTools: 0
updateToolsMachineTray: 0
updateAssessor: 0
updateRoleAssessor: 0
updateMachine: 0
updateCompany: 0
updateCompanyMachine: 0
updateCompanyMachine: 0,
insertTools: 0,
updateTools: 0
updateToolsMachineTray: 0
updateWorkingTransaction: 0
updateAssessor: 0
updateRoleAssessor: 0
updateMachine: 0
updateCompany: 0
updateCompanyMachine: 0
updateCompanyMachine: 0,
insertTools: 0,
updateTools: 0
updateToolsMachineTray: 0
updateWorkingTransaction: 0
updateAssessor: 0
updateRoleAssessor: 0
updateMachine: 0
updateCompany: 0
updateCompanyMachine: 0
updateCompanyMachine: 0,
insertTools: 0,
updateTools: 0
updateToolsMachineTray: 0
updateWorkingTransaction: 0
updateAssessor: 0
updateRoleAssessor: 0
updateMachine: 0
updateCompany: 0
updateCompanyMachine: 0
updateCompanyMachine: 0,
insertTools: 0,
updateTools: 0
updateToolsMachineTray: 0
updateWorkingTransaction: 0
updateAssessor: 0
updateRoleAssessor: 0
updateMachine: 0
updateCompany: 0
updateCompanyMachine: 0
updateCompanyMachine: 0,
insertTools: 0,
updateTools: 0
updateToolsMachineTray: 0
updateWorkingTransaction: 0
updateAssessor: 0
updateRoleAssessor: 0
updateMachine: 0
updateCompany: 0
updateCompanyMachine: 0
updateCompanyMachine: 0,
insertTools: 0,
updateTools: 0
updateToolsMachineTray: 0
updateWorkingTransaction: 0
updateAssessor: 0
updateRoleAssessor: 0
updateMachine: 0
updateCompany: 0
updateCompanyMachine: 0
updateCompanyMachine: 0,
insertTools: 0,
updateTools: 0
updateToolsMachineTray: 0
updateWorkingTransaction: 0
updateAssessor: 0
updateRoleAssessor: 0
updateMachine: 0
updateCompany: 0
updateCompanyMachine: 0
updateCompanyMachine: 0,
insertTools: 0,
updateTools: 0
updateToolsMachineTray: 0
updateWorkingTransaction: 0
updateAssessor: 0
updateRoleAssessor: 0
updateMachine: 0
updateCompany: 0
updateCompanyMachine: 0
updateCompanyMachine: 0,
insertTools: 0,
updateTools: 0
updateToolsMachineTray: 0
updateWorkingTransaction: 0
updateAssessor: 0
updateRoleAssessor: 0
updateMachine: 0
updateCompany: 0
updateCompanyMachine: 0
updateCompanyMachine: 0,
insertTools: 0,
updateTools: 0
updateToolsMachineTray: 0
updateWorkingTransaction: 0
updateAssessor: 0
updateRoleAssessor: 0
updateMachine: 0
updateCompany: 0
updateCompanyMachine: 0
updateCompanyMachine: 0,
insertTools: 0,
updateTools: 0
updateToolsMachineTray: 0
updateWorkingTransaction: 0
updateAssessor: 0
updateRoleAssessor: 0
updateMachine: 0
updateCompany: 0
updateCompanyMachine: 0
updateCompanyMachine: 0,
insertTools: 0,
updateTools: 0
updateToolsMachineTray: 0
updateWorkingTransaction: 0
updateAssessor: 0
updateRoleAssessor: 0
updateMachine: 0
updateCompany: 0
updateCompanyMachine: 0
updateCompanyMachine: 0,
insertTools: 0,
updateTools: 0
updateToolsMachineTray: 0
updateWorkingTransaction: 0
updateAssessor: 0
updateRoleAssessor: 0
updateMachine: 0
updateCompany: 0
updateCompanyMachine: 0
updateCompanyMachine: 0,
insertTools: 0,
updateTools: 0
updateToolsMachineTray: 0
updateWorkingTransaction: 0
updateAssessor: 0
updateRoleAssessor: 0
updateMachine: 0
updateCompany: 0
updateCompanyMachine: 0
updateCompanyMachine: 0,
insertTools: 0,
updateTools: 0
updateToolsMachineTray: 0
updateWorkingTransaction: 0
updateAssessor: 0
updateRoleAssessor: 0
updateMachine: 0
updateCompany: 0
updateCompanyMachine: 0
updateCompanyMachine: 0,
insertTools: 0,
updateTools: 0
updateToolsMachineTray: 0
updateWorkingTransaction: 0
updateAssessor: 0
updateRoleAssessor: 0
updateMachine: 0
updateCompany: 0
updateCompanyMachine: 0
updateCompanyMachine: 0,
insertTools: 0,
updateTools: 0
updateToolsMachineTray: 0
updateWorkingTransaction: 0
updateAssessor: 0
updateRoleAssessor: 0
updateMachine: 0
updateCompany: 0
updateCompanyMachine: 0
updateCompanyMachine: 0,
insertTools: 0,
updateTools: 0
updateToolsMachineTray: 0
updateWorkingTransaction: 0
updateAssessor: 0
updateRoleAssessor: 0
updateMachine: 0
updateCompany: 0
updateCompanyMachine: 0
updateCompanyMachine: 0,
insertTools: 0,
updateTools: 0
updateToolsMachineTray: 0
updateWorkingTransaction: 0
updateAssessor: 0
updateRoleAssessor: 0
updateMachine: 0
updateCompany: 0
updateCompanyMachine: 0
updateCompanyMachine: 0,
insertTools: 0,
updateTools: 0
updateToolsMachineTray: 0
updateWorkingTransaction: 0
updateAssessor: 0
updateRoleAssessor: 0
updateMachine: 0
updateCompany: 0
updateCompanyMachine: 0
updateCompanyMachine: 0,
insertTools: 0,
updateTools: 0
updateToolsMachineTray: 0
updateWorkingTransaction: 0
updateAssessor: 0
updateRoleAssessor: 0
updateMachine: 0
updateCompany: 0
updateCompanyMachine: 0
updateCompanyMachine: 0,
insertTools: 0,
updateTools: 0
updateToolsMachineTray: 0
updateWorkingTransaction: 0
updateAssessor: 0
updateRoleAssessor: 0
updateMachine: 0
updateCompany: 0
updateCompanyMachine: 0
updateCompanyMachine: 0,
insertTools: 0,
updateTools: 0
updateToolsMachineTray: 0
updateWorkingTransaction: 0
updateAssessor: 0
updateRoleAssessor: 0
updateMachine: 0
updateCompany: 0
updateCompanyMachine: 0
updateCompanyMachine: 0,
insertTools: 0,
updateTools: 0
updateToolsMachineTray: 0
updateWorkingTransaction: 0
updateAssessor: 0
updateRoleAssessor: 0
updateMachine: 0
updateCompany: 0
updateCompanyMachine: 0
updateCompanyMachine: 0,
insertTools: 0,
updateTools: 0
updateToolsMachineTray: 0
updateWorkingTransaction: 0
updateAssessor: 0
updateRoleAssessor: 0
updateMachine: 0
updateCompany: 0
updateCompanyMachine: 0
updateCompanyMachine: 0,
insertTools: 0,
updateTools: 0
updateToolsMachineTray: 0
updateWorkingTransaction: 0
updateAssessor: 0
updateRoleAssessor: 0
updateMachine: 0
updateCompany: 0
updateCompanyMachine: 0
updateCompanyMachine: 0,
insertTools: 0,
updateTools: 0
updateToolsMachineTray: 0
updateWorkingTransaction: 0
updateAssessor: 0
updateRoleAssessor: 0
updateMachine: 0
updateCompany: 0
updateCompanyMachine: 0
updateCompanyMachine: 0,
insertTools: 0,
updateTools: 0
updateToolsMachineTray: 0
updateWorkingTransaction: 0
updateAssessor: 0
updateRoleAssessor: 0
updateMachine: 0
updateCompany: 0
updateCompanyMachine: 0
updateCompanyMachine: 0,
insertTools: 0,
updateTools: 0
updateToolsMachineTray: 0
updateWorkingTransaction: 0
updateAssessor: 0
updateRoleAssessor: 0
updateMachine: 0
updateCompany: 0
updateCompanyMachine: 0
updateCompanyMachine: 0,
insertTools: 0,
updateTools: 0
updateToolsMachineTray: 0
updateWorkingTransaction: 0
updateAssessor: 0
updateRoleAssessor: 0
updateMachine: 0
updateCompany: 0
updateCompanyMachine: 0
updateCompanyMachine: 0,
insertTools: 0,
updateTools: 0
updateToolsMachineTray: 0
updateWorkingTransaction: 0
updateAssessor: 0
updateRoleAssessor: 0
updateMachine: 0
updateCompany: 0
updateCompanyMachine: 0
updateCompanyMachine: 0,
insertTools: 0,
updateTools: 0
updateToolsMachineTray: 0
updateWorkingTransaction: 0
updateAssessor: 0
updateRoleAssessor: 0
updateMachine: 0
updateCompany: 0
updateCompanyMachine: 0
updateCompanyMachine: 0,
insertTools: 0,
updateTools: 0
updateToolsMachineTray: 0
updateWorkingTransaction: 0
updateAssessor: 0
updateRoleAssessor: 0
updateMachine: 0
updateCompany: 0
updateCompanyMachine: 0
updateCompanyMachine: 0,
insertTools: 0,
updateTools: 0
updateToolsMachineTray: 0
updateWorkingTransaction: 0
updateAssessor: 0
updateRoleAssessor: 0
updateMachine: 0
updateCompany: 0
updateCompanyMachine: 0
updateCompanyMachine: 0,
insertTools: 0,
updateTools: 0
updateToolsMachineTray: 0
updateWorkingTransaction: 0
updateAssessor: 0
updateRoleAssessor: 0
updateMachine: 0
updateCompany: 0
updateCompanyMachine: 0
updateCompanyMachine: 0,
insertTools: 0,
updateTools: 0
updateToolsMachineTray: 0
updateWorkingTransaction: 0
updateAssessor: 0
updateRoleAssessor: 0
updateMachine: 0
updateCompany: 0
updateCompanyMachine: 0
updateCompanyMachine: 0,
insertTools: 0,
updateTools: 0
updateToolsMachineTray: 0
updateWorkingTransaction: 0
updateAssessor: 0
updateRoleAssessor: 0
updateMachine: 0
updateCompany: 0
updateCompanyMachine: 0
updateCompanyMachine: 0,
insertTools: 0,
updateTools: 0
updateToolsMachineTray: 0
updateWorkingTransaction: 0
updateAssessor: 0
updateRoleAssessor: 0
updateMachine: 0
updateCompany: 0
updateCompanyMachine: 0
updateCompanyMachine: 0,
insertTools: 0,
updateTools: 0
updateToolsMachineTray: 0
updateWorkingTransaction: 0
updateAssessor: 0
updateRoleAssessor: 0
updateMachine: 0
updateCompany: 0
updateCompanyMachine: 0
updateCompanyMachine: 0,
insertTools: 0,
updateTools: 0
updateToolsMachineTray: 0
updateWorkingTransaction: 0
updateAssessor: 0
updateRoleAssessor: 0
updateMachine: 0
updateCompany: 0
updateCompanyMachine: 0
updateCompanyMachine: 0,
insertTools: 0,
updateTools: 0
updateToolsMachineTray: 0
updateWorkingTransaction: 0
updateAssessor: 0
updateRoleAssessor: 0
updateMachine: 0
updateCompany: 0
updateCompanyMachine: 0
updateCompanyMachine: 0,
insertTools: 0,
updateTools: 0
updateToolsMachineTray: 0
updateWorkingTransaction: 0
updateAssessor: 0
updateRoleAssessor: 0
updateMachine: 0
updateCompany: 0
updateCompanyMachine: 0
updateCompanyMachine: 0,
insertTools: 0,
updateTools: 0
updateToolsMachineTray: 0
updateWorkingTransaction: 0
updateAssessor: 0
updateRoleAssessor: 0
updateMachine: 0
updateCompany: 0
updateCompanyMachine: 0
updateCompanyMachine: 0,
insertTools: 0,
updateTools: 0
updateToolsMachineTray: 0
updateWorkingTransaction: 0
updateAssessor: 0
updateRoleAssessor: 0
updateMachine: 0
updateCompany: 0
updateCompanyMachine: 0
updateCompanyMachine: 0,
insertTools: 0,
updateTools: 0
updateToolsMachineTray: 0
updateWorkingTransaction: 0
updateAssessor: 0
updateRoleAssessor: 0
updateMachine: 0
updateCompany: 0
updateCompanyMachine: 0
updateCompanyMachine: 0,
insertTools: 0,
updateTools: 0
updateToolsMachineTray: 0
updateWorkingTransaction: 0
updateAssessor: 0
updateRoleAssessor: 0
updateMachine: 0
updateCompany: 0
updateCompanyMachine: 0
updateCompanyMachine: 0,
insertTools: 0,
updateTools: 0
updateToolsMachineTray: 0
updateWorkingTransaction: 0
updateAssessor: 0
updateRoleAssessor: 0
updateMachine: 0
updateCompany: 0
updateCompanyMachine: 0
updateCompanyMachine: 0,
insertTools: 0,
updateTools: 0
updateToolsMachineTray: 0
updateWorkingTransaction: 0
updateAssessor: 0
updateRoleAssessor: 0
updateMachine: 0
updateCompany: 0
updateCompanyMachine: 0
updateCompanyMachine: 0,
insertTools: 0,
updateTools: 0
updateToolsMachineTray: 0
updateWorkingTransaction: 0
updateAssessor: 0
updateRoleAssessor: 0
updateMachine: 0
updateCompany: 0
updateCompanyMachine: 0
updateCompanyMachine: 0,
insertTools: 0,
updateTools: 0
updateToolsMachineTray: 0
updateWorkingTransaction: 0
updateAssessor: 0
updateRoleAssessor: 0
updateMachine: 0
updateCompany: 0
updateCompanyMachine: 0
updateCompanyMachine: 0,
insertTools: 0,
updateTools: 0
updateToolsMachineTray: 0
updateWorkingTransaction: 0
updateAssessor: 0
updateRoleAssessor: 0
updateMachine: 0
updateCompany: 0
updateCompanyMachine: 0
updateCompanyMachine: 0,
insertTools: 0,
updateTools: 0
updateToolsMachineTray: 0
updateWorkingTransaction: 0
updateAssessor: 0
updateRoleAssessor: 0
updateMachine: 0
updateCompany: 0
updateCompanyMachine: 0
updateCompanyMachine: 0,
insertTools: 0,
updateTools: 0
updateToolsMachineTray: 0
updateWorkingTransaction: 0
updateAssessor: 0
updateRoleAssessor: 0
updateMachine: 0
updateCompany: 0
updateCompanyMachine: 0
updateCompanyMachine: 0,
insertTools: 0,
updateTools: 0
updateToolsMachineTray: 0
updateWorkingTransaction: 0
updateAssessor: 0
updateRoleAssessor: 0
updateMachine: 0
updateCompany: 0
updateCompanyMachine: 0
updateCompanyMachine: 0,
insertTools: 0,
updateTools: 0
updateToolsMachineTray: 0
updateWorkingTransaction: 0
updateAssessor: 0
updateRoleAssessor: 0
updateMachine: 0
updateCompany: 0
updateCompanyMachine: 0
updateCompanyMachine: 0,
insertTools: 0,
updateTools: 0
updateToolsMachineTray: 0
updateWorkingTransaction: 0
updateAssessor: 0
updateRoleAssessor: 0
updateMachine: 0
updateCompany: 0
updateCompanyMachine: 0
updateCompanyMachine: 0,
insertTools: 0,
updateTools: 0
updateToolsMachineTray: 0
updateWorkingTransaction: 0
updateAssessor: 0
updateRoleAssessor: 0
updateMachine: 0
updateCompany: 0
updateCompanyMachine: 0
updateCompanyMachine: 0,
insertTools: 0,
updateTools: 0
updateToolsMachineTray: 0
updateWorkingTransaction: 0
updateAssessor: 0
updateRoleAssessor: 0
updateMachine: 0
updateCompany: 0
updateCompanyMachine: 0
updateCompanyMachine: 0,
insertTools: 0,
updateTools: 0
updateToolsMachineTray: 0
updateWorkingTransaction: 0
updateAssessor: 0
updateRoleAssessor: 0
updateMachine: 0
updateCompany: 0
updateCompanyMachine: 0
updateCompanyMachine: 0,
insertTools: 0,
updateTools: 0
updateToolsMachineTray: 0
updateWorkingTransaction: 0
updateAssessor: 0
updateRoleAssessor: 0
updateMachine: 0
updateCompany: 0
updateCompanyMachine: 0
updateCompanyMachine: 0,
insertTools: 0,
updateTools: 0
updateToolsMachineTray: 0
updateWorkingTransaction: 0
updateAssessor: 0
updateRoleAssessor: 0
updateMachine: 0
updateCompany: 0
updateCompanyMachine: 0
updateCompanyMachine: 0,
insertTools: 0,
updateTools: 0
updateToolsMachineTray: 0
updateWorkingTransaction: 0
updateAssessor: 0
updateRoleAssessor: 0
updateMachine: 0
updateCompany: 0
updateCompanyMachine: 0
updateCompanyMachine: 0,
insertTools: 0,
updateTools: 0
updateToolsMachineTray: 0
updateWorkingTransaction: 0
updateAssessor: 0
updateRoleAssessor: 0
updateMachine: 0
updateCompany: 0
updateCompanyMachine: 0
updateCompanyMachine: 0,
insertTools: 0,
updateTools: 0
updateToolsMachineTray: 0
updateWorkingTransaction: 0
updateAssessor: 0
updateRoleAssessor: 0
updateMachine: 0
updateCompany: 0
updateCompanyMachine: 0
updateCompanyMachine: 0,
insertTools: 0,
updateTools: 0
updateToolsMachineTray: 0
updateWorkingTransaction: 0
updateAssessor: 0
updateRoleAssessor: 0
updateMachine: 0
updateCompany: 0
updateCompanyMachine: 0
updateCompanyMachine: 0,
insertTools: 0,
updateTools: 0
updateToolsMachineTray: 0
updateWorkingTransaction: 0
updateAssessor: 0
updateRoleAssessor: 0
updateMachine: 0
updateCompany: 0
updateCompanyMachine: 0
updateCompanyMachine: 0,
insertTools: 0,
updateTools: 0
updateToolsMachineTray: 0
updateWorkingTransaction: 0
updateAssessor: 0
updateRoleAssessor: 0
updateMachine: 0
updateCompany: 0
updateCompanyMachine: 0
updateCompanyMachine: 0,
insertTools: 0,
updateTools: 0
updateToolsMachineTray: 0
updateWorkingTransaction: 0
updateAssessor: 0
updateRoleAssessor: 0
updateMachine: 0
updateCompany: 0
updateCompanyMachine: 0
updateCompanyMachine: 0,
insertTools: 0,
updateTools: 0
updateToolsMachineTray: 0
updateWorkingTransaction: 0
updateAssessor: 0
updateRoleAssessor: 0
updateMachine: 0
updateCompany: 0
updateCompanyMachine: 0
updateCompanyMachine: 0,
insertTools: 0,
updateTools: 0
updateToolsMachineTray: 0
updateWorkingTransaction: 0
updateAssessor: 0
updateRoleAssessor: 0
updateMachine: 0
updateCompany: 0
updateCompanyMachine: 0
updateCompanyMachine: 0,
insertTools: 0,
updateTools: 0
updateToolsMachineTray: 0
updateWorkingTransaction: 0
updateAssessor: 0
updateRoleAssessor: 0
updateMachine: 0
updateCompany: 0
updateCompanyMachine: 0
updateCompanyMachine: 0,
insertTools: 0,
updateTools: 0
updateToolsMachineTray: 0
updateWorkingTransaction: 0
updateAssessor: 0
updateRoleAssessor: 0
updateMachine: 0
updateCompany: 0
updateCompanyMachine: 0
updateCompanyMachine: 0,
insertTools: 0,
updateTools: 0
updateToolsMachineTray: 0
updateWorkingTransaction: 0
updateAssessor: 0
updateRoleAssessor: 0
updateMachine: 0
updateCompany: 0
updateCompanyMachine: 0
updateCompanyMachine: 0,
insertTools: 0,
updateTools: 0
updateToolsMachineTray: 0
updateWorkingTransaction: 0
updateAssessor: 0
updateRoleAssessor: 0
updateMachine: 0
updateCompany: 0
updateCompanyMachine: 0
updateCompanyMachine: 0,
insertTools: 0,
updateTools: 0
updateToolsMachineTray: 0
updateWorkingTransaction: 0
updateAssessor: 0
updateRoleAssessor: 0
updateMachine: 0
updateCompany: 0
updateCompanyMachine: 0
updateCompanyMachine: 0,
insertTools: 0,
updateTools: 0
updateToolsMachineTray: 0
updateWorkingTransaction: 0
updateAssessor: 0
updateRoleAssessor: 0
updateMachine: 0
updateCompany: 0
updateCompanyMachine: 0
updateCompanyMachine: 0,
insertTools: 0,
updateTools: 0
updateToolsMachineTray: 0
updateWorkingTransaction: 0
updateAssessor: 0
updateRoleAssessor: 0
updateMachine: 0
updateCompany: 0
updateCompanyMachine: 0
updateCompanyMachine: 0,
insertTools: 0,
updateTools: 0
updateToolsMachineTray: 0
updateWorkingTransaction: 0
updateAssessor: 0
updateRoleAssessor: 0
updateMachine: 0
updateCompany: 0
updateCompanyMachine: 0
updateCompanyMachine: 0,
insertTools: 0,
updateTools: 0
updateToolsMachineTray: 0
updateWorkingTransaction: 0
updateAssessor: 0
updateRoleAssessor: 0
updateMachine: 0
updateCompany: 0
updateCompanyMachine: 0
updateCompanyMachine: 0,
insertTools: 0,
updateTools: 0
updateToolsMachineTray: 0
updateWorkingTransaction: 0
updateAssessor: 0
updateRoleAssessor: 0
updateMachine: 0
updateCompany: 0
updateCompanyMachine: 0
updateCompanyMachine: 0,
insertTools: 0,
updateTools: 0
updateToolsMachineTray: 0
updateWorkingTransaction: 0
updateAssessor: 0
updateRoleAssessor: 0
updateMachine: 0
updateCompany: 0
updateCompanyMachine: 0
updateCompanyMachine: 0,
insertTools: 0,
updateTools: 0
updateToolsMachineTray: 0
updateWorkingTransaction: 0
updateAssessor: 0
updateRoleAssessor: 0
updateMachine: 0
updateCompany: 0
updateCompanyMachine: 0
updateCompanyMachine: 0,
insertTools: 0,
updateTools: 0
updateToolsMachineTray: 0
updateWorkingTransaction: 0
updateAssessor: 0
updateRoleAssessor: 0
updateMachine: 0
updateCompany: 0
updateCompanyMachine: 0
updateCompanyMachine: 0,
insertTools: 0,
updateTools: 0
updateToolsMachineTray: 0
updateWorkingTransaction: 0
updateAssessor: 0
updateRoleAssessor: 0
updateMachine: 0
updateCompany: 0
updateCompanyMachine: 0
updateCompanyMachine: 0,
insertTools: 0,
updateTools: 0
updateToolsMachineTray: 0
updateWorkingTransaction: 0
updateAssessor: 0
updateRoleAssessor: 0
updateMachine: 0
updateCompany: 0
updateCompanyMachine: 0
updateCompanyMachine: 0,
insertTools: 0,
updateTools: 0
updateToolsMachineTray: 0
updateWorkingTransaction: 0
updateAssessor: 0
updateRoleAssessor: 0
updateMachine: 0
updateCompany: 0
updateCompanyMachine: 0
updateCompanyMachine: 0,
insertTools: 0,
updateTools: 0
updateToolsMachineTray: 0
updateWorkingTransaction: 0
updateAssessor: 0
updateRoleAssessor: 0
updateMachine: 0
updateCompany: 0
updateCompanyMachine: 0
updateCompanyMachine: 0,
insertTools: 0,
updateTools: 0
updateToolsMachineTray: 0
updateWorkingTransaction: 0
updateAssessor: 0
updateRoleAssessor: 0
updateMachine: 0
updateCompany: 0
updateCompanyMachine: 0
updateCompanyMachine: 0,
insertTools: 0,
updateTools: 0
updateToolsMachineTray: 0
updateWorkingTransaction: 0
updateAssessor: 0
updateRoleAssessor: 0
updateMachine: 0
updateCompany: 0
updateCompanyMachine: 0
updateCompanyMachine: 0,
insertTools: 0,
updateTools: 0
updateToolsMachineTray: 0
updateWorkingTransaction: 0
updateAssessor: 0
updateRoleAssessor: 0
updateMachine: 0
updateCompany: 0
updateCompanyMachine: 0
updateCompanyMachine: 0,
insertTools: 0,
updateTools: 0
updateToolsMachineTray: 0
updateWorkingTransaction: 0
updateAssessor: 0
updateRoleAssessor: 0
updateMachine: 0
updateCompany: 0
updateCompanyMachine: 0
updateCompanyMachine: 0,
insertTools: 0,
updateTools: 0
updateToolsMachineTray: 0
updateWorkingTransaction: 0
updateAssessor: 0
updateRoleAssessor: 0
updateMachine: 0
updateCompany: 0
updateCompanyMachine: 0
updateCompanyMachine: 0,
insertTools: 0,
updateTools: 0
updateAssessor: 0
updateRoleAssessor: 0
updateMachine: 0
updateCompany: 0
updateCompanyMachine: 0
updateCompanyMachine: 0,
insertTools: 0,
updateTools: 0
updateToolsMachineTray: 0
updateWorkingTransaction: 0
updateCompanyMachine: 0
updateRoleAssessor: 0
updateMachine: 0
updateAssessor: 0
updateRoleAssessor: 0
updateMachine: 0
updateCompany: 0
updateCompanyMachine: 0
updateCompanyMachine: 0,
insertTools: 0,
updateTools: 0
updateToolsMachineTray: 0
updateWorkingTransaction: 0
updateAssessor: 0
updateRoleAssessor: 0
updateMachine: 0
updateCompany: 0
updateCompanyMachine: 0
updateCompanyMachine: 0,
insertTools: 0,
updateTools: 0
updateToolsMachineTray: 0
updateWorkingTransaction: 0
updateAssessor: 0
updateRoleAssessor: 0
updateMachine: 0
updateCompany: 0
updateCompanyMachine: 0
updateCompanyMachine: 0,
insertTools: 0,
updateTools: 0
updateToolsMachineTray: 0
updateWorkingTransaction: 0
updateAssessor: 0
updateRoleAssessor: 0
updateMachine: 0
updateCompany: 0
updateCompanyMachine: 0
updateCompanyMachine: 0,
insertTools: 0,
updateTools: 0
updateToolsMachineTray: 0
updateWorkingTransaction: 0
updateAssessor: 0
updateRoleAssessor: 0
updateMachine: 0
updateCompany: 0
updateCompanyMachine: 0
updateCompanyMachine: 0,
insertTools: 0,
updateTools: 0
updateToolsMachineTray: 0
updateWorkingTransaction: 0
updateAssessor: 0
updateRoleAssessor: 0
updateMachine: 0
updateCompany: 0
updateCompanyMachine: 0
updateCompanyMachine: 0,
insertTools: 0,
updateTools: 0
updateToolsMachineTray: 0
updateWorkingTransaction: 0
updateAssessor: 0
updateRoleAssessor: 0
updateMachine: 0
updateCompany: 0
updateCompanyMachine: 0
updateCompanyMachine: 0,
insertTools: 0,
updateTools: 0
updateToolsMachineTray: 0
updateWorkingTransaction: 0
updateAssessor: 0
updateRoleAssessor: 0
updateMachine: 0
updateCompany: 0
updateCompanyMachine: 0
updateCompanyMachine: 0,
insertTools: 0,
updateTools: 0
updateToolsMachineTray: 0
updateWorkingTransaction: 0
updateAssessor: 0
updateRoleAssessor: 0
updateMachine: 0
updateCompany: 0
updateCompanyMachine: 0
updateCompanyMachine: 0,
insertTools: 0,
updateTools: 0
updateToolsMachineTray: 0
updateWorkingTransaction: 0
updateAssessor: 0
updateRoleAssessor: 0
updateMachine: 0
updateCompany: 0
updateCompanyMachine: 0
updateCompanyMachine: 0,
insertTools: 0,
updateTools: 0
updateToolsMachineTray: 0
updateWorkingTransaction: 0
updateAssessor: 0
updateRoleAssessor: 0
updateMachine: 0
updateCompany: 0
updateCompanyMachine: 0
updateCompanyMachine: 0,
insertTools: 0,
updateTools: 0
updateToolsMachineTray: 0
updateWorkingTransaction: 0
updateAssessor: 0
updateRoleAssessor: 0
updateMachine: 0
updateCompany: 0
updateCompanyMachine: 0
updateCompanyMachine: 0,
insertTools: 0,
updateTools: 0
updateToolsMachineTray: 0
updateWorkingTransaction: 0
updateAssessor: 0
updateRoleAssessor: 0
updateMachine: 0
updateCompany: 0
updateCompanyMachine: 0
updateCompanyMachine: 0,
insertTools: 0,
updateTools: 0
updateToolsMachineTray: 0
updateWorkingTransaction: 0
updateAssessor: 0
updateRoleAssessor: 0
updateMachine: 0
updateCompany: 0
updateCompanyMachine: 0
updateCompanyMachine: 0,
insertTools: 0,
updateTools: 0
updateToolsMachineTray: 0
updateWorkingTransaction: 0
updateAssessor: 0
updateRoleAssessor: 0
updateMachine: 0
updateCompany: 0
updateCompanyMachine: 0
updateCompanyMachine: 0,
insertTools: 0,
updateTools: 0
updateToolsMachineTray: 0
updateWorkingTransaction: 0
updateAssessor: 0
updateRoleAssessor: 0
updateMachine: 0
updateCompany: 0
updateCompanyMachine: 0
updateCompanyMachine: 0,
insertTools: 0,
updateTools: 0
updateToolsMachineTray: 0
updateWorkingTransaction: 0
updateAssessor: 0
updateRoleAssessor: 0
updateMachine: 0
updateCompany: 0
updateCompanyMachine: 0
updateCompanyMachine: 0,
insertTools: 0,
updateTools: 0
updateToolsMachineTray: 0
updateWorkingTransaction: 0
updateAssessor: 0
updateRoleAssessor: 0
updateMachine: 0
updateCompany: 0
updateCompanyMachine: 0
updateCompanyMachine: 0,
insertTools: 0,
updateTools: 0
updateToolsMachineTray: 0
updateWorkingTransaction: 0
updateAssessor: 0
updateRoleAssessor: 0
updateMachine: 0
updateCompany: 0
updateCompanyMachine: 0
updateCompanyMachine: 0,
insertTools: 0,
updateTools: 0
updateToolsMachineTray: 0
updateWorkingTransaction: 0
updateAssessor: 0
updateRoleAssessor: 0
updateMachine: 0
updateCompany: 0
updateCompanyMachine: 0
updateCompanyMachine: 0,
insertTools: 0,
updateTools: 0
updateToolsMachineTray: 0
updateWorkingTransaction: 0
updateAssessor: 0
updateRoleAssessor: 0
updateMachine: 0
updateCompany: 0
updateCompanyMachine: 0
updateCompanyMachine: 0,
insertTools: 0,
updateTools: 0
updateToolsMachineTray: 0
updateWorkingTransaction: 0
updateAssessor: 0
updateRoleAssessor: 0
updateMachine: 0
updateCompany: 0
updateCompanyMachine: 0
updateCompanyMachine: 0,
insertTools: 0,
updateTools: 0
updateToolsMachineTray: 0
updateWorkingTransaction: 0
updateAssessor: 0
updateRoleAssessor: 0
updateMachine: 0
updateCompany: 0
updateCompanyMachine: 0
updateCompanyMachine: 0,
insertTools: 0,
updateTools: 0
updateToolsMachineTray: 0
updateWorkingTransaction: 0
updateAssessor: 0
updateRoleAssessor: 0
updateMachine: 0
updateCompany: 0
updateCompanyMachine: 0
updateCompanyMachine: 0,
insertTools: 0,
updateTools: 0
updateToolsMachineTray: 0
updateWorkingTransaction: 0
updateAssessor: 0
updateRoleAssessor: 0
updateMachine: 0
updateCompany: 0
updateCompanyMachine: 0
updateCompanyMachine: 0,
insertTools: 0,
updateTools: 0
updateToolsMachineTray: 0
updateWorkingTransaction: 0
updateAssessor: 0
updateRoleAssessor: 0
updateMachine: 0
updateCompany: 0
updateCompanyMachine: 0
updateCompanyMachine: 0,
insertTools: 0,
updateTools: 0
updateToolsMachineTray: 0
updateWorkingTransaction: 0
updateAssessor: 0
updateRoleAssessor: 0
updateMachine: 0
updateCompany: 0
updateCompanyMachine: 0
updateCompanyMachine: 0,
insertTools: 0,
updateTools: 0
updateToolsMachineTray: 0
updateWorkingTransaction: 0
updateAssessor: 0
updateRoleAssessor: 0
updateMachine: 0
updateCompany: 0
updateCompanyMachine: 0
updateCompanyMachine: 0,
insertTools: 0,
updateTools: 0
updateToolsMachineTray: 0
updateWorkingTransaction: 0
updateAssessor: 0
updateRoleAssessor: 0
updateMachine: 0
updateCompany: 0
updateCompanyMachine: 0
updateCompanyMachine: 0,
insertTools: 0,
updateTools: 0
updateToolsMachineTray: 0
updateWorkingTransaction: 0
updateAssessor: 0
updateRoleAssessor: 0
updateMachine: 0
updateCompany: 0
updateCompanyMachine: 0
updateCompanyMachine: 0,
insertTools: 0,
updateTools: 0
updateToolsMachineTray: 0
updateWorkingTransaction: 0
updateAssessor: 0
updateRoleAssessor: 0
updateMachine: 0
updateCompany: 0
updateCompanyMachine: 0
updateCompanyMachine: 0,
insertTools: 0,
updateTools: 0
updateToolsMachineTray: 0
updateWorkingTransaction: 0
updateAssessor: 0
updateRoleAssessor: 0
updateMachine: 0
updateCompany: 0
updateCompanyMachine: 0
updateCompanyMachine: 0,
insertTools: 0,
updateTools: 0
updateToolsMachineTray: 0
updateWorkingTransaction: 0
updateAssessor: 0
updateRoleAssessor: 0
updateMachine: 0
updateCompany: 0
updateCompanyMachine: 0
updateCompanyMachine: 0,
insertTools: 0,
updateTools: 0
updateToolsMachineTray: 0
updateWorkingTransaction: 0
updateAssessor: 0
updateRoleAssessor: 0
updateMachine: 0
updateCompany: 0
updateCompanyMachine: 0
updateCompanyMachine: 0,
insertTools: 0,
updateTools: 0
updateToolsMachineTray: 0
updateWorkingTransaction: 0
updateAssessor: 0
updateRoleAssessor: 0
updateMachine: 0
updateCompany: 0
updateCompanyMachine: 0
updateCompanyMachine: 0,
insertTools: 0,
updateTools: 0
updateToolsMachineTray: 0
updateWorkingTransaction: 0
updateAssessor: 0
updateRoleAssessor: 0
updateMachine: 0
updateCompany: 0
updateCompanyMachine: 0
updateCompanyMachine: 0,
insertTools: 0,
updateTools: 0
updateToolsMachineTray: 0
updateWorkingTransaction: 0
updateAssessor: 0
updateRoleAssessor: 0
updateMachine: 0
updateCompany: 0
updateCompanyMachine: 0
updateCompanyMachine: 0,
insertTools: 0,
updateTools: 0
updateToolsMachineTray: 0
updateWorkingTransaction: 0
updateAssessor: 0
updateRoleAssessor: 0
updateMachine: 0
updateCompany: 0
updateCompanyMachine: 0
updateCompanyMachine: 0,
insertTools: 0,
updateTools: 0
updateToolsMachineTray: 0
updateWorkingTransaction: 0
updateAssessor: 0
updateRoleAssessor: 0
updateMachine: 0
updateCompany: 0
updateCompanyMachine: 0
updateCompanyMachine: 0,
insertTools: 0,
updateTools: 0
updateToolsMachineTray: 0
updateWorkingTransaction: 0
updateAssessor: 0
updateRoleAssessor: 0
updateMachine: 0
updateCompany: 0
updateCompanyMachine: 0
updateCompanyMachine: 0,
insertTools: 0,
updateTools: 0
updateToolsMachineTray: 0
updateWorkingTransaction: 0
updateAssessor: 0
updateRoleAssessor: 0
updateMachine: 0
updateCompany: 0
updateCompanyMachine: 0
updateCompanyMachine: 0,
insertTools: 0,
updateTools: 0
updateToolsMachineTray: 0
updateWorkingTransaction: 0
updateAssessor: 0
updateRoleAssessor: 0
updateMachine: 0
updateCompany: 0
updateCompanyMachine: 0
updateCompanyMachine: 0,
insertTools: 0,
updateTools: 0
updateToolsMachineTray: 0
updateWorkingTransaction: 0
updateAssessor: 0
updateRoleAssessor: 0
updateMachine: 0
updateCompany: 0
updateCompanyMachine: 0
updateCompanyMachine: 0,
insertTools: 0,
updateTools: 0
updateToolsMachineTray: 0
updateWorkingTransaction: 0
updateAssessor: 0
updateRoleAssessor: 0
updateMachine: 0
updateCompany: 0
updateCompanyMachine: 0
updateCompanyMachine: 0,
insertTools: 0,
updateTools: 0
updateToolsMachineTray: 0
updateWorkingTransaction: 0
updateAssessor: 0
updateRoleAssessor: 0
updateMachine: 0
updateCompany: 0
updateCompanyMachine: 0
updateCompanyMachine: 0,
insertTools: 0,
updateTools: 0
updateToolsMachineTray: 0
updateWorkingTransaction: 0
updateAssessor: 0
updateRoleAssessor: 0
updateMachine: 0
updateCompany: 0
updateCompanyMachine: 0
updateCompanyMachine: 0,
insertTools: 0,
updateTools: 0
updateToolsMachineTray: 0
updateWorkingTransaction: 0
updateAssessor: 0
updateRoleAssessor: 0
updateMachine: 0
updateCompany: 0
updateCompanyMachine: 0
updateCompanyMachine: 0,
insertTools: 0,
updateTools: 0
updateToolsMachineTray: 0
updateWorkingTransaction: 0
updateAssessor: 0
updateRoleAssessor: 0
updateMachine: 0
updateCompany: 0
updateCompanyMachine: 0
updateCompanyMachine: 0,
insertTools: 0,
updateTools: 0
updateToolsMachineTray: 0
updateWorkingTransaction: 0
updateAssessor: 0
updateRoleAssessor: 0
updateMachine: 0
updateCompany: 0
updateCompanyMachine: 0
updateCompanyMachine: 0,
insertTools: 0,
updateTools: 0
updateToolsMachineTray: 0
updateWorkingTransaction: 0
updateAssessor: 0
updateRoleAssessor: 0
updateMachine: 0
updateCompany: 0
updateCompanyMachine: 0
updateCompanyMachine: 0,
insertTools: 0,
updateTools: 0
updateToolsMachineTray: 0
updateWorkingTransaction: 0
updateAssessor: 0
updateRoleAssessor: 0
updateMachine: 0
updateCompany: 0
updateCompanyMachine: 0
updateCompanyMachine: 0,
insertTools: 0,
updateTools: 0
updateToolsMachineTray: 0
updateWorkingTransaction: 0
updateAssessor: 0
updateRoleAssessor: 0
updateMachine: 0
updateCompany: 0
updateCompanyMachine: 0
updateCompanyMachine: 0,
insertTools: 0,
updateTools: 0
updateToolsMachineTray: 0
updateWorkingTransaction: 0
updateAssessor: 0
updateRoleAssessor: 0
updateMachine: 0
updateCompany: 0
updateCompanyMachine: 0
updateCompanyMachine: 0,
insertTools: 0,
updateTools: 0
updateToolsMachineTray: 0
updateWorkingTransaction: 0
updateAssessor: 0
updateRoleAssessor: 0
updateMachine: 0
updateCompany: 0
updateCompanyMachine: 0
updateCompanyMachine: 0,
insertTools: 0,
updateTools: 0
updateToolsMachineTray: 0
updateWorkingTransaction: 0
updateAssessor: 0
updateRoleAssessor: 0
updateMachine: 0
updateCompany: 0
updateCompanyMachine: 0
updateCompanyMachine: 0,
insertTools: 0,
updateTools: 0
updateToolsMachineTray: 0
updateWorkingTransaction: 0
updateAssessor: 0
updateRoleAssessor: 0
updateMachine: 0
updateCompany: 0
updateCompanyMachine: 0
updateCompanyMachine: 0,
insertTools: 0,
updateTools: 0
updateToolsMachineTray: 0
updateWorkingTransaction: 0
updateAssessor: 0
updateRoleAssessor: 0
updateMachine: 0
updateCompany: 0
updateCompanyMachine: 0
updateCompanyMachine: 0,
insertTools: 0,
updateTools: 0
updateToolsMachineTray: 0
updateWorkingTransaction: 0
updateAssessor: 0
updateRoleAssessor: 0
updateMachine: 0
updateCompany: 0
updateCompanyMachine: 0
updateCompanyMachine: 0,
insertTools: 0,
updateTools: 0
updateToolsMachineTray: 0
updateWorkingTransaction: 0
updateAssessor: 0
updateRoleAssessor: 0
updateMachine: 0
updateCompany: 0
updateCompanyMachine: 0
updateCompanyMachine: 0,
insertTools: 0,
updateTools: 0
updateToolsMachineTray: 0
updateWorkingTransaction: 0
updateAssessor: 0
updateRoleAssessor: 0
updateMachine: 0
updateCompany: 0
updateCompanyMachine: 0
updateCompanyMachine: 0,
insertTools: 0,
updateTools: 0
updateToolsMachineTray: 0
updateWorkingTransaction: 0
updateAssessor: 0
updateRoleAssessor: 0
updateMachine: 0
updateCompany: 0
updateCompanyMachine: 0
updateCompanyMachine: 0,
insertTools: 0,
updateTools: 0
updateToolsMachineTray: 0
updateWorkingTransaction: 0
updateAssessor: 0
updateRoleAssessor: 0
updateMachine: 0
updateCompany: 0
updateCompanyMachine: 0
updateCompanyMachine: 0,
insertTools: 0,
updateTools: 0
updateToolsMachineTray: 0
updateWorkingTransaction: 0
updateAssessor: 0
updateRoleAssessor: 0
updateMachine: 0
updateCompany: 0
updateCompanyMachine: 0
updateCompanyMachine: 0,
insertTools: 0,
updateTools: 0
updateToolsMachineTray: 0
updateWorkingTransaction: 0
updateAssessor: 0
updateRoleAssessor: 0
updateMachine: 0
updateCompany: 0
updateCompanyMachine: 0
updateCompanyMachine: 0,
insertTools: 0,
updateTools: 0
updateToolsMachineTray: 0
updateWorkingTransaction: 0
updateAssessor: 0
updateRoleAssessor: 0
updateMachine: 0
updateCompany: 0
updateCompanyMachine: 0
updateCompanyMachine: 0,
insertTools: 0,
updateTools: 0
updateToolsMachineTray: 0
updateWorkingTransaction: 0
updateAssessor: 0
updateRoleAssessor: 0
updateMachine: 0
updateCompany: 0
updateCompanyMachine: 0
updateCompanyMachine: 0,
insertTools: 0,
updateTools: 0
updateToolsMachineTray: 0
updateWorkingTransaction: 0
updateAssessor: 0
updateRoleAssessor: 0
updateMachine: 0
updateCompany: 0
updateCompanyMachine: 0
updateCompanyMachine: 0,
insertTools: 0,
updateTools: 0
updateToolsMachineTray: 0
updateWorkingTransaction: 0
updateAssessor: 0
updateRoleAssessor: 0
updateMachine: 0
updateCompany: 0
updateCompanyMachine: 0
updateCompanyMachine: 0,
insertTools: 0,
updateTools: 0
updateToolsMachineTray: 0
updateWorkingTransaction: 0
updateAssessor: 0
updateRoleAssessor: 0
updateMachine: 0
updateCompany: 0
updateCompanyMachine: 0
updateCompanyMachine: 0,
insertTools: 0,
updateTools: 0
updateToolsMachineTray: 0
updateWorkingTransaction: 0
updateAssessor: 0
updateRoleAssessor: 0
updateMachine: 0
updateCompany: 0
updateCompanyMachine: 0
updateCompanyMachine: 0,
insertTools: 0,
updateTools: 0
updateToolsMachineTray: 0
updateWorkingTransaction: 0
updateAssessor: 0
updateRoleAssessor: 0
updateMachine: 0
updateCompany: 0
updateCompanyMachine: 0
updateCompanyMachine: 0,
insertTools: 0,
updateTools: 0
updateToolsMachineTray: 0
updateWorkingTransaction: 0
updateAssessor: 0
updateRoleAssessor: 0
updateMachine: 0
updateCompany: 0
updateCompanyMachine: 0
updateCompanyMachine: 0,
insertTools: 0,
updateTools: 0
updateToolsMachineTray: 0
updateWorkingTransaction: 0
updateAssessor: 0
updateRoleAssessor: 0
updateMachine: 0
updateCompany: 0
updateCompanyMachine: 0
updateCompanyMachine: 0,
insertTools: 0,
updateTools: 0
updateToolsMachineTray: 0
updateWorkingTransaction: 0
updateAssessor: 0
updateRoleAssessor: 0
updateMachine: 0
updateCompany: 0
updateCompanyMachine: 0
updateCompanyMachine: 0,
insertTools: 0,
updateTools: 0
updateToolsMachineTray: 0
updateWorkingTransaction: 0
updateAssessor: 0
updateRoleAssessor: 0
updateMachine: 0
updateCompany: 0
updateCompanyMachine: 0
updateCompanyMachine: 0,
insertTools: 0,
updateTools: 0
updateToolsMachineTray: 0
updateAssessor: 0
updateRoleAssessor: 0
updateMachine: 0
updateCompany: 0
updateCompanyMachine: 0
updateCompanyMachine: 0,
insertTools: 0,
updateTools: 0
updateToolsMachineTray: 0
updateWorkingTransaction: 0
Tool: 16EL-8STACME
Tray: TRAY_01
New Quantity: 1
Tool: 16ER-8STACME
Tray: TRAY_02
New Quantity: 1
Tool: 16IL-8STACME
Tray: TRAY_03
New Quantity: 1
Tool: 16IR-8STACME
Tray: TRAY_04
New Quantity: 1
Tool: 5/16-18UNC
Tray: TRAY_05
New Quantity: 1
Tool: 5/16-24UNF
Tray: TRAY_06
New Quantity: 1
Tool: 880-070406H-C-GM1044
Tray: TRAY_07
New Quantity: 1
Tool: 880-090608H-C-LM1144
Tray: TRAY_08
New Quantity: 1
Tool: 880-0906W10H-P-LM4344
Tray: TRAY_09
New Quantity: 1
Tool: APMT1604PDER-M2TI961
Tray: TRAY_10
New Quantity: 1
WO: 1
OP: 1
Tool: 16EL-8STACME
Tray: TRAY_01
Quantity: 1
WO: 1
OP: 1
Tool: 16ER-8STACME
Tray: TRAY_02
Quantity: 1
WO: 1
OP: 1
Tool: 16IL-8STACME
Tray: TRAY_03
Quantity: 1
updateAssessor: 0
updateRoleAssessor: 0
updateMachine: 0
updateCompany: 0
updateCompanyMachine: 0
updateCompanyMachine: 0,
insertTools: 0,
updateTools: 0
updateToolsMachineTray: 0
WO: 1
OP: 1
Tool: 16IR-8STACME
Tray: TRAY_04
Quantity: 1
updateWorkingTransaction: 0
WO: 1
OP: 2
Tool: 5/16-18UNC
Tray: TRAY_05
Quantity: 1
WO: 1
OP: 1
Tool: 5/16-24UNF
Tray: TRAY_06
Quantity: 1
WO: 1
OP: 1
Tool: 880-070406H-C-GM1044
Tray: TRAY_07
Quantity: 1
WO: 1
OP: 1
Tool: 880-090608H-C-LM1144
Tray: TRAY_08
Quantity: 1
WO: 1
OP: 1
Tool: 880-0906W10H-P-LM4344
Tray: TRAY_09
Quantity: 1
WO: 1
OP: 2
Tool: APMT1604PDER-M2TI961
Tray: TRAY_10
Quantity: 1
Tool: 16EL-8STACME
Tray: TRAY_08
New Quantity: 1
Tool: 16ER-8STACME
Tray: TRAY_10
New Quantity: 1
updateAssessor: 0
updateRoleAssessor: 0
updateMachine: 0
updateCompany: 0
updateCompanyMachine: 0
updateCompanyMachine: 0,
insertTools: 0,
updateTools: 0
updateToolsMachineTray: 7
updateWorkingTransaction: 1
WO: 1
OP: 1
Tool: 16EL-8STACME
Tray: TRAY_08
Quantity: 1
WO: 1
OP: 1
Tool: 16ER-8STACME
Tray: TRAY_10
Quantity: 1
Tool: 16EL-8STACME
Tray: TRAY_10
New Quantity: 1
updateAssessor: 0
updateRoleAssessor: 0
updateMachine: 0
updateCompany: 0
updateCompanyMachine: 0
updateCompanyMachine: 0,
insertTools: 0,
updateTools: 0
updateToolsMachineTray: 2
updateWorkingTransaction: 0
WO: 1
OP: 1
Tool: 16EL-8STACME
Tray: TRAY_10
Quantity: 1
Tool: 16EL-8STACME
Tray: TRAY_11
New Quantity: 1
Tool: 16ER-8STACME
Tray: TRAY_12
New Quantity: 1
Tool: 16IL-8STACME
Tray: TRAY_13
New Quantity: 1
Tool: 16IR-8STACME
Tray: TRAY_14
New Quantity: 1
Tool: 5/16-18UNC
Tray: TRAY_15
New Quantity: 1
Tool: 5/16-24UNF
Tray: TRAY_16
New Quantity: 1
Tool: 880-070406H-C-GM1044
Tray: TRAY_17
New Quantity: 1
Tool: 880-070406H-C-GM1044
Tray: TRAY_18
New Quantity: 1
Tool: 880-090608H-C-LM1144
Tray: TRAY_19
New Quantity: 1
updateAssessor: 0
updateRoleAssessor: 0
updateMachine: 0
Tool: 880-0906W10H-P-LM4344
Tray: TRAY_20
New Quantity: 1
updateCompany: 0
updateCompanyMachine: 0
updateCompanyMachine: 0,
insertTools: 0,
updateTools: 0
updateToolsMachineTray: 1
WO: 1
OP: 1
Tool: 16EL-8STACME
Tray: TRAY_11
Quantity: 1
updateWorkingTransaction: 1
WO: 1
OP: 1
Tool: 16ER-8STACME
Tray: TRAY_12
Quantity: 1
WO: 11
OP: 1
Tool: 16IL-8STACME
Tray: TRAY_13
Quantity: 1
WO: 1
OP: 1
Tool: 16IR-8STACME
Tray: TRAY_14
Quantity: 1
WO: 1
OP: 1
Tool: 5/16-18UNC
Tray: TRAY_15
Quantity: 1
WO: 1
OP: 1
Tool: 5/16-24UNF
Tray: TRAY_16
Quantity: 1
WO: 1
OP: 1
Tool: 880-070406H-C-GM1044
Tray: TRAY_18
Quantity: 1
WO: 1
OP: 1
Tool: 880-070406H-C-GM1044
Tray: TRAY_17
Quantity: 1
WO: 1
OP: 1
Tool: 880-090608H-C-LM1144
Tray: TRAY_19
Quantity: 1
WO: 1
OP: 1
Tool: 880-0906W10H-P-LM4344
Tray: TRAY_20
Quantity: 1
updateAssessor: 0
updateRoleAssessor: 0
updateMachine: 0
updateCompany: 0
updateCompanyMachine: 0
updateCompanyMachine: 0,
insertTools: 0,
updateTools: 0
updateToolsMachineTray: 10
updateWorkingTransaction: 0
updateAssessor: 0
updateRoleAssessor: 0
updateMachine: 0
updateCompany: 0
updateCompanyMachine: 0
updateCompanyMachine: 0,
insertTools: 0,
updateTools: 0
updateToolsMachineTray: 0
updateWorkingTransaction: 0
updateAssessor: 0
updateRoleAssessor: 0
updateMachine: 0
updateCompany: 0
updateCompanyMachine: 0
updateCompanyMachine: 0,
insertTools: 0,
updateTools: 0
updateToolsMachineTray: 0
updateWorkingTransaction: 0
updateAssessor: 0
updateRoleAssessor: 0
updateMachine: 0
updateCompany: 0
updateCompanyMachine: 0
updateCompanyMachine: 0,
insertTools: 0,
updateTools: 0
updateToolsMachineTray: 0
updateWorkingTransaction: 0
updateAssessor: 0
updateRoleAssessor: 0
updateMachine: 0
updateCompany: 0
updateCompanyMachine: 0
updateCompanyMachine: 0,
insertTools: 0,
updateTools: 0
updateToolsMachineTray: 0
updateWorkingTransaction: 0
updateAssessor: 0
updateRoleAssessor: 0
updateMachine: 0
updateCompany: 0
updateCompanyMachine: 0
updateCompanyMachine: 0,
insertTools: 0,
updateTools: 0
updateToolsMachineTray: 0
updateWorkingTransaction: 0
updateAssessor: 0
updateRoleAssessor: 0
updateMachine: 0
updateCompany: 0
updateCompanyMachine: 0
updateCompanyMachine: 0,
insertTools: 0,
updateTools: 0
updateToolsMachineTray: 0
updateWorkingTransaction: 0
updateAssessor: 0
updateRoleAssessor: 0
updateMachine: 0
updateCompany: 0
updateCompanyMachine: 0
updateCompanyMachine: 0,
insertTools: 0,
updateTools: 0
updateToolsMachineTray: 0
updateWorkingTransaction: 0
updateAssessor: 0
updateRoleAssessor: 0
updateMachine: 0
updateCompany: 0
updateCompanyMachine: 0
updateCompanyMachine: 0,
insertTools: 0,
updateTools: 0
updateToolsMachineTray: 0
updateWorkingTransaction: 0
updateAssessor: 0
updateRoleAssessor: 0
updateMachine: 0
updateCompany: 0
updateCompanyMachine: 0
updateCompanyMachine: 0,
insertTools: 0,
updateTools: 0
updateToolsMachineTray: 0
updateWorkingTransaction: 0
updateAssessor: 0
updateRoleAssessor: 0
updateMachine: 0
updateCompany: 0
updateCompanyMachine: 0
updateCompanyMachine: 0,
insertTools: 0,
updateTools: 0
updateToolsMachineTray: 0
updateWorkingTransaction: 0
updateAssessor: 0
updateRoleAssessor: 0
updateMachine: 0
updateCompany: 0
updateCompanyMachine: 0
updateCompanyMachine: 0,
insertTools: 0,
updateTools: 0
updateToolsMachineTray: 0
updateWorkingTransaction: 0
updateAssessor: 0
updateRoleAssessor: 0
updateMachine: 0
updateCompany: 0
updateCompanyMachine: 0
updateCompanyMachine: 0,
insertTools: 0,
updateTools: 0
updateToolsMachineTray: 0
updateWorkingTransaction: 0
updateAssessor: 0
updateRoleAssessor: 0
updateMachine: 0
updateCompany: 0
updateCompanyMachine: 0
updateCompanyMachine: 0,
insertTools: 0,
updateTools: 0
updateToolsMachineTray: 0
updateWorkingTransaction: 0
updateAssessor: 0
updateRoleAssessor: 0
updateMachine: 0
updateCompany: 0
updateCompanyMachine: 0
updateCompanyMachine: 0,
insertTools: 0,
updateTools: 0
updateToolsMachineTray: 0
updateWorkingTransaction: 0
updateAssessor: 0
updateRoleAssessor: 0
updateMachine: 0
updateCompany: 0
updateCompanyMachine: 0
updateCompanyMachine: 0,
insertTools: 0,
updateTools: 0
updateToolsMachineTray: 0
updateWorkingTransaction: 0
updateAssessor: 0
updateRoleAssessor: 0
updateMachine: 0
updateCompany: 0
updateCompanyMachine: 0
updateCompanyMachine: 0,
insertTools: 0,
updateTools: 0
updateToolsMachineTray: 0
updateWorkingTransaction: 0
updateAssessor: 0
updateRoleAssessor: 0
updateMachine: 0
updateCompany: 0
updateCompanyMachine: 0
updateCompanyMachine: 0,
insertTools: 0,
updateTools: 0
updateToolsMachineTray: 0
updateWorkingTransaction: 0
updateAssessor: 0
updateRoleAssessor: 0
updateMachine: 0
updateCompany: 0
updateCompanyMachine: 0
updateCompanyMachine: 0,
insertTools: 0,
updateTools: 0
updateAssessor: 0
updateRoleAssessor: 0
updateMachine: 0
updateCompany: 0
updateCompanyMachine: 0
updateCompanyMachine: 0,
insertTools: 0,
updateTools: 0
updateToolsMachineTray: 0
updateWorkingTransaction: 0
updateCompany: 0
updateAssessor: 0
insertTools: 0,
updateTools: 0
Tool: 16EL-8STACME
Tray: TRAY_21
New Quantity: 1
Tool: 16ER-8STACME
Tray: TRAY_22
New Quantity: 1
Tool: 16IL-8STACME
Tray: TRAY_23
New Quantity: 1
Tool: 16IR-8STACME
Tray: TRAY_24
New Quantity: 1
Tool: 5/16-18UNC
Tray: TRAY_25
New Quantity: 1
Tool: 5/16-24UNF
Tray: TRAY_26
New Quantity: 1
Tool: 880-070406H-C-GM1044
Tray: TRAY_27
New Quantity: 1
Tool: 880-090608H-C-LM1144
Tray: TRAY_28
New Quantity: 1
Tool: APMT1604PDER-M2TI961
Tray: TRAY_29
New Quantity: 1
Tool: CCMT120408GK(CA525)
Tray: TRAY_30
New Quantity: 1
Tool: 16EL-8STACME
Tray: TRAY_31
New Quantity: 1
Tool: 16ER-8STACME
Tray: TRAY_32
New Quantity: 1
Tool: 16IL-8STACME
Tray: TRAY_33
New Quantity: 1
Tool: 880-070406H-C-GM1044
Tray: TRAY_34
New Quantity: 1
Tool: APMT1604PDER-M2TI961
Tray: TRAY_35
New Quantity: 1
Tool: 880-090608H-C-LM1144
Tray: TRAY_38
New Quantity: 1
Tool: 5/16-18UNC
Tray: TRAY_39
New Quantity: 1
Tool: 5/16-24UNF
Tray: TRAY_40
New Quantity: 1
WO: 1
OP: 1
Tool: 16EL-8STACME
Tray: TRAY_31
Quantity: 1
WO: 1
OP: 2
Tool: 16ER-8STACME
Tray: TRAY_32
Quantity: 1
WO: 1
OP: 1
Tool: 16IL-8STACME
Tray: TRAY_33
Quantity: 1
WO: 1
OP: 1
Tool: 16IL-8STACME
Tray: TRAY_23
Quantity: 1
WO: 1
OP: 1
Tool: 16EL-8STACME
Tray: TRAY_21
Quantity: 1
WO: 1
OP: 2
Tool: 16ER-8STACME
Tray: TRAY_22
Quantity: 1
WO: 1
OP: 1
Tool: 16IR-8STACME
Tray: TRAY_24
Quantity: 1
WO: 1
OP: 1
Tool: 5/16-18UNC
Tray: TRAY_39
Quantity: 1
WO: 1
OP: 1
Tool: 5/16-24UNF
Tray: TRAY_40
Quantity: 1
WO: 1
OP: 2
Tool: 5/16-24UNF
Tray: TRAY_26
Quantity: 1
WO: 1
OP: 1
Tool: 880-070406H-C-GM1044
Tray: TRAY_34
Quantity: 1
WO: 1
OP: 1
Tool: 880-070406H-C-GM1044
Tray: TRAY_27
Quantity: 1
WO: 1
OP: 1
Tool: 880-090608H-C-LM1144
Tray: TRAY_38
Quantity: 1
WO: 1
OP: 1
Tool: 880-090608H-C-LM1144
Tray: TRAY_28
Quantity: 1
WO: 1
OP: 2
Tool: APMT1604PDER-M2TI961
Tray: TRAY_35
Quantity: 1
WO: 1
OP: 1
Tool: APMT1604PDER-M2TI961
Tray: TRAY_29
Quantity: 1
WO: 1
OP: 1
Tool: CCMT120408GK(CA525)
Tray: TRAY_30
Quantity: 1
WO: 1
OP: 1
Tool: 5/16-18UNC
Tray: TRAY_25
Quantity: 1
WO: 1
OP: 1
Tool: VNMG160408SF1105
Tray: TRAY_37
Quantity: 1
insertTools: 0,
updateTools: 0
updateWorkingTransaction: 0
Tool: 16EL-8STACME
Tray: TRAY_36
New Quantity: 1
Tool: 16EL-8STACME
Tray: TRAY_60
New Quantity: 1
Tool: 16EL-8STACME
Tray: TRAY_59
New Quantity: 1
Tool: 16EL-8STACME
Tray: TRAY_58
New Quantity: 1
Tool: 16EL-8STACME
Tray: TRAY_57
New Quantity: 1
Tool: 16EL-8STACME
Tray: TRAY_56
New Quantity: 1
Tool: 16EL-8STACME
Tray: TRAY_55
New Quantity: 1
Tool: 16EL-8STACME
Tray: TRAY_54
New Quantity: 1
Tool: 16EL-8STACME
Tray: TRAY_53
New Quantity: 1
Tool: 16EL-8STACME
Tray: TRAY_41
New Quantity: 1
Tool: 16EL-8STACME
Tray: TRAY_42
New Quantity: 1
Tool: 16EL-8STACME
Tray: TRAY_43
New Quantity: 1
Tool: 16EL-8STACME
Tray: TRAY_44
New Quantity: 1
Tool: 16EL-8STACME
Tray: TRAY_45
New Quantity: 1
Tool: 16EL-8STACME
Tray: TRAY_46
New Quantity: 1
Tool: 16EL-8STACME
Tray: TRAY_47
New Quantity: 1
updateRoleAssessor: 0
updateMachine: 0
Tool: 16EL-8STACME
Tray: TRAY_48
New Quantity: 1
Tool: 16EL-8STACME
Tray: TRAY_49
New Quantity: 1
Tool: 16EL-8STACME
Tray: TRAY_50
New Quantity: 1
Tool: 16EL-8STACME
Tray: TRAY_51
New Quantity: 1
Tool: 16EL-8STACME
Tray: TRAY_52
New Quantity: 1
WO: 1
OP: 1
Tool: 16EL-8STACME
Tray: TRAY_52
Quantity: 1
WO: 1
OP: 1
Tool: 16EL-8STACME
Tray: TRAY_51
Quantity: 1
WO: 1
OP: 2
Tool: 16EL-8STACME
Tray: TRAY_50
Quantity: 1
WO: 1
OP: 1
Tool: 16EL-8STACME
Tray: TRAY_49
Quantity: 1
WO: 1
OP: 1
Tool: 16EL-8STACME
Tray: TRAY_48
Quantity: 1
WO: 1
OP: 1
Tool: 16EL-8STACME
Tray: TRAY_47
Quantity: 1
WO: 1
OP: 1
Tool: 16EL-8STACME
Tray: TRAY_46
Quantity: 1
WO: 1
OP: 1
Tool: 16EL-8STACME
Tray: TRAY_45
Quantity: 1
updateToolsMachineTray: 1
WO: 1
OP: 1
Tool: 16EL-8STACME
Tray: TRAY_44
Quantity: 1
updateWorkingTransaction: 0
WO: 1
OP: 1
Tool: 16EL-8STACME
Tray: TRAY_43
Quantity: 1
WO: 1
OP: 1
Tool: 16EL-8STACME
Tray: TRAY_42
Quantity: 1
WO: 1
OP: 1
Tool: 16EL-8STACME
Tray: TRAY_41
Quantity: 1
WO: 1
OP: 1
Tool: 16EL-8STACME
Tray: TRAY_53
Quantity: 1
WO: 1
OP: 1
Tool: 16EL-8STACME
Tray: TRAY_54
Quantity: 1
WO: 1
OP: 1
Tool: 16EL-8STACME
Tray: TRAY_55
Quantity: 1
WO: 1
OP: 1
Tool: 16EL-8STACME
Tray: TRAY_56
Quantity: 1
WO: 1
OP: 1
Tool: 16EL-8STACME
Tray: TRAY_57
Quantity: 1
WO: 1
OP: 1
Tool: 16EL-8STACME
Tray: TRAY_58
Quantity: 1
WO: 1
OP: 1
Tool: 16EL-8STACME
Tray: TRAY_59
Quantity: 1
WO: 1
OP: 1
Tool: 16EL-8STACME
Tray: TRAY_60
Quantity: 1
WO: 1
OP: 1
Tool: 16EL-8STACME
Tray: TRAY_36
Quantity: 1
updateRoleAssessor: 0
updateCompany: 0
updateMachine: 0
updateCompany: 0
updateCompanyMachine: 0
updateToolsMachineTray: 13
updateAssessor: 0
updateRoleAssessor: 0
updateCompanyMachine: 0
updateToolsMachineTray: 0
updateWorkingTransaction: 1
updateCompanyMachine: 0
updateAssessor: 0
updateCompany: 0
updateWorkingTransaction: 0
updateToolsMachineTray: 0
updateAssessor: 0
updateMachine: 0
updateAssessor: 0
updateRoleAssessor: 0
updateToolsMachineTray: 0
updateRoleAssessor: 0
updateRoleAssessor: 0
updateMachine: 0
updateAssessor: 0
updateCompanyMachine: 0
updateAssessor: 0
updateRoleAssessor: 0
updateMachine: 0
updateCompany: 0
updateCompanyMachine: 0
updateCompanyMachine: 0,
insertTools: 0,
updateTools: 0
updateToolsMachineTray: 0
updateWorkingTransaction: 0
updateAssessor: 0
updateRoleAssessor: 0
updateMachine: 0
updateCompany: 0
updateCompanyMachine: 0
updateCompanyMachine: 0,
insertTools: 0,
updateTools: 0
updateToolsMachineTray: 0
updateWorkingTransaction: 0
updateAssessor: 0
updateRoleAssessor: 0
updateMachine: 0
updateCompany: 0
updateCompanyMachine: 0
updateCompanyMachine: 0,
insertTools: 0,
updateTools: 0
updateToolsMachineTray: 0
updateWorkingTransaction: 0
updateAssessor: 0
updateRoleAssessor: 0
updateMachine: 0
updateCompany: 0
updateCompanyMachine: 0
updateCompanyMachine: 0,
insertTools: 0,
updateTools: 0
updateToolsMachineTray: 0
updateWorkingTransaction: 0
updateAssessor: 0
updateRoleAssessor: 0
updateMachine: 0
updateCompany: 0
updateCompanyMachine: 0
updateCompanyMachine: 0,
insertTools: 0,
updateTools: 0
updateToolsMachineTray: 0
updateWorkingTransaction: 0
updateAssessor: 0
updateRoleAssessor: 0
updateMachine: 0
updateCompany: 0
updateCompanyMachine: 0
updateCompanyMachine: 0,
insertTools: 0,
updateTools: 0
updateToolsMachineTray: 0
updateWorkingTransaction: 0
updateAssessor: 0
updateRoleAssessor: 0
updateMachine: 0
updateCompany: 0
updateCompanyMachine: 0
updateCompanyMachine: 0,
insertTools: 0,
updateTools: 0
updateToolsMachineTray: 0
updateWorkingTransaction: 0
updateAssessor: 0
updateRoleAssessor: 0
updateMachine: 0
updateCompany: 0
updateCompanyMachine: 0
updateCompanyMachine: 0,
insertTools: 0,
updateTools: 0
updateToolsMachineTray: 0
updateWorkingTransaction: 0
updateAssessor: 0
updateRoleAssessor: 0
updateMachine: 0
updateCompany: 0
updateCompanyMachine: 0
updateCompanyMachine: 0,
insertTools: 0,
updateTools: 0
updateToolsMachineTray: 0
updateWorkingTransaction: 0
updateAssessor: 0
updateRoleAssessor: 0
updateMachine: 0
updateCompany: 0
updateCompanyMachine: 0
updateCompanyMachine: 0,
insertTools: 0,
updateTools: 0
updateToolsMachineTray: 0
updateWorkingTransaction: 0
updateAssessor: 0
updateRoleAssessor: 0
updateMachine: 0
updateCompany: 0
updateCompanyMachine: 0
updateCompanyMachine: 0,
insertTools: 0,
updateTools: 0
updateToolsMachineTray: 0
updateWorkingTransaction: 0
updateAssessor: 0
updateRoleAssessor: 0
updateMachine: 0
updateCompany: 0
updateCompanyMachine: 0
updateCompanyMachine: 0,
insertTools: 0,
updateTools: 0
updateToolsMachineTray: 0
updateWorkingTransaction: 0
updateAssessor: 0
updateRoleAssessor: 0
updateMachine: 0
updateCompany: 0
updateCompanyMachine: 0
updateCompanyMachine: 0,
insertTools: 0,
updateTools: 0
updateToolsMachineTray: 0
updateWorkingTransaction: 0
updateAssessor: 0
updateRoleAssessor: 0
updateMachine: 0
updateCompany: 0
updateCompanyMachine: 0
updateCompanyMachine: 0,
insertTools: 0,
updateTools: 0
updateToolsMachineTray: 0
updateWorkingTransaction: 0
updateAssessor: 0
updateRoleAssessor: 0
updateMachine: 0
updateCompany: 0
updateCompanyMachine: 0
updateCompanyMachine: 0,
insertTools: 0,
updateTools: 0
updateToolsMachineTray: 0
updateWorkingTransaction: 0
updateAssessor: 0
updateRoleAssessor: 0
updateMachine: 0
updateCompany: 0
updateCompanyMachine: 0
updateCompanyMachine: 0,
insertTools: 0,
updateTools: 0
updateToolsMachineTray: 0
updateWorkingTransaction: 0
updateAssessor: 0
updateRoleAssessor: 0
updateMachine: 0
updateCompany: 0
updateCompanyMachine: 0
updateCompanyMachine: 0,
insertTools: 0,
updateTools: 0
updateToolsMachineTray: 0
updateWorkingTransaction: 0
updateAssessor: 0
updateRoleAssessor: 0
updateMachine: 0
updateCompany: 0
updateCompanyMachine: 0
updateCompanyMachine: 0,
insertTools: 0,
updateTools: 0
updateToolsMachineTray: 0
updateWorkingTransaction: 0
updateAssessor: 0
updateRoleAssessor: 0
updateMachine: 0
updateCompany: 0
updateCompanyMachine: 0
updateCompanyMachine: 0,
insertTools: 0,
updateTools: 0
updateToolsMachineTray: 0
updateWorkingTransaction: 0
updateAssessor: 0
updateRoleAssessor: 0
updateMachine: 0
updateCompany: 0
updateCompanyMachine: 0
updateCompanyMachine: 0,
insertTools: 0,
updateTools: 0
updateToolsMachineTray: 0
updateWorkingTransaction: 0
updateAssessor: 0
updateRoleAssessor: 0
updateMachine: 0
updateCompany: 0
updateCompanyMachine: 0
updateCompanyMachine: 0,
insertTools: 0,
updateTools: 0
updateToolsMachineTray: 0
updateWorkingTransaction: 0
updateAssessor: 0
updateRoleAssessor: 0
updateMachine: 0
updateCompany: 0
updateCompanyMachine: 0
updateCompanyMachine: 0,
insertTools: 0,
updateTools: 0
updateToolsMachineTray: 0
updateWorkingTransaction: 0
updateAssessor: 0
updateRoleAssessor: 0
updateMachine: 0
updateCompany: 0
updateCompanyMachine: 0
updateCompanyMachine: 0,
insertTools: 0,
updateTools: 0
updateToolsMachineTray: 0
updateWorkingTransaction: 0
updateAssessor: 0
updateRoleAssessor: 0
updateMachine: 0
updateCompany: 0
updateCompanyMachine: 0
updateCompanyMachine: 0,
insertTools: 0,
updateTools: 0
updateToolsMachineTray: 0
updateWorkingTransaction: 0
updateAssessor: 0
updateRoleAssessor: 0
updateMachine: 0
updateCompany: 0
updateCompanyMachine: 0
updateCompanyMachine: 0,
insertTools: 0,
updateTools: 0
updateToolsMachineTray: 0
updateWorkingTransaction: 0
updateAssessor: 0
updateRoleAssessor: 0
updateMachine: 0
updateCompany: 0
updateCompanyMachine: 0
updateCompanyMachine: 0,
insertTools: 0,
updateTools: 0
updateToolsMachineTray: 0
updateWorkingTransaction: 0
updateAssessor: 0
updateRoleAssessor: 0
updateMachine: 0
updateCompany: 0
updateCompanyMachine: 0
updateCompanyMachine: 0,
insertTools: 0,
updateTools: 0
updateToolsMachineTray: 0
updateWorkingTransaction: 0
updateAssessor: 0
updateRoleAssessor: 0
updateMachine: 0
updateCompany: 0
updateCompanyMachine: 0
updateCompanyMachine: 0,
insertTools: 0,
updateTools: 0
updateToolsMachineTray: 0
updateWorkingTransaction: 0
updateAssessor: 0
updateRoleAssessor: 0
updateMachine: 0
updateCompany: 0
updateCompanyMachine: 0
updateCompanyMachine: 0,
insertTools: 0,
updateTools: 0
updateToolsMachineTray: 0
updateWorkingTransaction: 0
updateAssessor: 0
updateRoleAssessor: 0
updateMachine: 0
updateCompany: 0
updateCompanyMachine: 0
updateCompanyMachine: 0,
insertTools: 0,
updateTools: 0
updateToolsMachineTray: 0
updateWorkingTransaction: 0
updateAssessor: 0
updateRoleAssessor: 0
updateMachine: 0
updateCompany: 0
updateCompanyMachine: 0
updateCompanyMachine: 0,
insertTools: 0,
updateTools: 0
updateToolsMachineTray: 0
updateWorkingTransaction: 0
updateAssessor: 0
updateRoleAssessor: 0
updateMachine: 0
updateCompany: 0
updateCompanyMachine: 0
updateCompanyMachine: 0,
insertTools: 0,
updateTools: 0
updateToolsMachineTray: 0
updateWorkingTransaction: 0
updateAssessor: 0
updateRoleAssessor: 0
updateMachine: 0
updateCompany: 0
updateCompanyMachine: 0
updateCompanyMachine: 0,
insertTools: 0,
updateTools: 0
updateToolsMachineTray: 0
updateWorkingTransaction: 0
updateAssessor: 0
updateRoleAssessor: 0
updateMachine: 0
updateCompany: 0
updateCompanyMachine: 0
updateCompanyMachine: 0,
insertTools: 0,
updateTools: 0
updateToolsMachineTray: 0
updateWorkingTransaction: 0
updateAssessor: 0
updateRoleAssessor: 0
updateMachine: 0
updateCompany: 0
updateCompanyMachine: 0
updateCompanyMachine: 0,
insertTools: 0,
updateTools: 0
updateToolsMachineTray: 0
updateWorkingTransaction: 0
updateAssessor: 0
updateRoleAssessor: 0
updateMachine: 0
updateCompany: 0
updateCompanyMachine: 0
updateCompanyMachine: 0,
insertTools: 0,
updateTools: 0
updateToolsMachineTray: 0
updateWorkingTransaction: 0
updateAssessor: 0
updateRoleAssessor: 0
updateMachine: 0
updateCompany: 0
updateCompanyMachine: 0
updateCompanyMachine: 0,
insertTools: 0,
updateTools: 0
updateToolsMachineTray: 0
updateWorkingTransaction: 0
updateAssessor: 0
updateRoleAssessor: 0
updateMachine: 0
updateCompany: 0
updateCompanyMachine: 0
updateCompanyMachine: 0,
insertTools: 0,
updateTools: 0
updateToolsMachineTray: 0
updateWorkingTransaction: 0
updateAssessor: 0
updateRoleAssessor: 0
updateMachine: 0
updateCompany: 0
updateCompanyMachine: 0
updateCompanyMachine: 0,
insertTools: 0,
updateTools: 0
updateToolsMachineTray: 0
updateWorkingTransaction: 0
updateAssessor: 0
updateRoleAssessor: 0
updateMachine: 0
updateCompany: 0
updateCompanyMachine: 0
updateCompanyMachine: 0,
insertTools: 0,
updateTools: 0
updateToolsMachineTray: 0
updateWorkingTransaction: 0
updateAssessor: 0
updateRoleAssessor: 0
updateMachine: 0
updateCompany: 0
updateCompanyMachine: 0
updateCompanyMachine: 0,
insertTools: 0,
updateTools: 0
updateToolsMachineTray: 0
updateWorkingTransaction: 0
updateAssessor: 0
updateRoleAssessor: 0
updateMachine: 0
updateCompany: 0
updateCompanyMachine: 0
updateCompanyMachine: 0,
insertTools: 0,
updateTools: 0
updateToolsMachineTray: 0
updateWorkingTransaction: 0
updateAssessor: 0
updateRoleAssessor: 0
updateMachine: 0
updateCompany: 0
updateCompanyMachine: 0
updateCompanyMachine: 0,
insertTools: 0,
updateTools: 0
updateToolsMachineTray: 0
updateWorkingTransaction: 0
updateAssessor: 0
updateRoleAssessor: 0
updateMachine: 0
updateCompany: 0
updateCompanyMachine: 0
updateCompanyMachine: 0,
insertTools: 0,
updateTools: 0
updateToolsMachineTray: 0
updateWorkingTransaction: 0
updateAssessor: 0
updateRoleAssessor: 0
updateMachine: 0
updateCompany: 0
updateCompanyMachine: 0
updateCompanyMachine: 0,
insertTools: 0,
updateTools: 0
updateToolsMachineTray: 0
updateWorkingTransaction: 0
updateAssessor: 0
updateRoleAssessor: 0
updateMachine: 0
updateCompany: 0
updateCompanyMachine: 0
updateCompanyMachine: 0,
insertTools: 0,
updateTools: 0
updateToolsMachineTray: 0
updateWorkingTransaction: 0
updateAssessor: 0
updateRoleAssessor: 0
updateMachine: 0
updateCompany: 0
updateCompanyMachine: 0
updateCompanyMachine: 0,
insertTools: 0,
updateTools: 0
updateToolsMachineTray: 0
updateWorkingTransaction: 0
updateAssessor: 0
updateRoleAssessor: 0
updateMachine: 0
updateCompany: 0
updateCompanyMachine: 0
updateCompanyMachine: 0,
insertTools: 0,
updateTools: 0
updateToolsMachineTray: 0
updateWorkingTransaction: 0
updateAssessor: 0
updateRoleAssessor: 0
updateMachine: 0
updateCompany: 0
updateCompanyMachine: 0
updateCompanyMachine: 0,
insertTools: 0,
updateTools: 0
updateToolsMachineTray: 0
updateWorkingTransaction: 0
updateAssessor: 0
updateRoleAssessor: 0
updateMachine: 0
updateCompany: 0
updateCompanyMachine: 0
updateCompanyMachine: 0,
insertTools: 0,
updateTools: 0
updateToolsMachineTray: 0
updateWorkingTransaction: 0
updateAssessor: 0
updateRoleAssessor: 0
updateMachine: 0
updateCompany: 0
updateCompanyMachine: 0
updateCompanyMachine: 0,
insertTools: 0,
updateTools: 0
updateToolsMachineTray: 0
updateWorkingTransaction: 0
updateAssessor: 0
updateRoleAssessor: 0
updateMachine: 0
updateCompany: 0
updateCompanyMachine: 0
updateCompanyMachine: 0,
insertTools: 0,
updateTools: 0
updateToolsMachineTray: 0
updateWorkingTransaction: 0
updateAssessor: 0
updateRoleAssessor: 0
updateMachine: 0
updateCompany: 0
updateCompanyMachine: 0
updateCompanyMachine: 0,
insertTools: 0,
updateTools: 0
updateToolsMachineTray: 0
updateWorkingTransaction: 0
updateAssessor: 0
updateRoleAssessor: 0
updateMachine: 0
updateCompany: 0
updateCompanyMachine: 0
updateCompanyMachine: 0,
insertTools: 0,
updateTools: 0
updateToolsMachineTray: 0
updateWorkingTransaction: 0
updateAssessor: 0
updateRoleAssessor: 0
updateMachine: 0
updateCompany: 0
updateCompanyMachine: 0
updateCompanyMachine: 0,
insertTools: 0,
updateTools: 0
updateToolsMachineTray: 0
updateWorkingTransaction: 0
updateAssessor: 0
updateRoleAssessor: 0
updateMachine: 0
updateCompany: 0
updateCompanyMachine: 0
updateCompanyMachine: 0,
insertTools: 0,
updateTools: 0
updateToolsMachineTray: 0
updateWorkingTransaction: 0
updateAssessor: 0
updateRoleAssessor: 0
updateMachine: 0
updateCompany: 0
updateCompanyMachine: 0
updateCompanyMachine: 0,
insertTools: 0,
updateTools: 0
updateToolsMachineTray: 0
updateWorkingTransaction: 0
updateAssessor: 0
updateRoleAssessor: 0
updateMachine: 0
updateCompany: 0
updateCompanyMachine: 0
updateCompanyMachine: 0,
insertTools: 0,
updateTools: 0
updateToolsMachineTray: 0
updateWorkingTransaction: 0
updateAssessor: 0
updateRoleAssessor: 0
updateMachine: 0
updateCompany: 0
updateCompanyMachine: 0
updateCompanyMachine: 0,
insertTools: 0,
updateTools: 0
updateToolsMachineTray: 0
updateWorkingTransaction: 0
updateAssessor: 0
updateRoleAssessor: 0
updateMachine: 0
updateCompany: 0
updateCompanyMachine: 0
updateCompanyMachine: 0,
insertTools: 0,
updateTools: 0
updateToolsMachineTray: 0
updateWorkingTransaction: 0
updateAssessor: 0
updateRoleAssessor: 0
updateMachine: 0
updateCompany: 0
updateCompanyMachine: 0
updateCompanyMachine: 0,
insertTools: 0,
updateTools: 0
updateToolsMachineTray: 0
updateWorkingTransaction: 0
updateAssessor: 0
updateRoleAssessor: 0
updateMachine: 0
updateCompany: 0
updateCompanyMachine: 0
updateCompanyMachine: 0,
insertTools: 0,
updateTools: 0
updateToolsMachineTray: 0
updateWorkingTransaction: 0
updateAssessor: 0
updateRoleAssessor: 0
updateMachine: 0
updateCompany: 0
updateCompanyMachine: 0
updateCompanyMachine: 0,
insertTools: 0,
updateTools: 0
updateToolsMachineTray: 0
updateWorkingTransaction: 0
updateAssessor: 0
updateRoleAssessor: 0
updateMachine: 0
updateCompany: 0
updateCompanyMachine: 0
updateCompanyMachine: 0,
insertTools: 0,
updateTools: 0
updateToolsMachineTray: 0
updateWorkingTransaction: 0
updateAssessor: 0
updateRoleAssessor: 0
updateMachine: 0
updateCompany: 0
updateCompanyMachine: 0
updateCompanyMachine: 0,
insertTools: 0,
updateTools: 0
updateToolsMachineTray: 0
updateWorkingTransaction: 0
updateAssessor: 0
updateRoleAssessor: 0
updateMachine: 0
updateCompany: 0
updateCompanyMachine: 0
updateCompanyMachine: 0,
insertTools: 0,
updateTools: 0
updateToolsMachineTray: 0
updateWorkingTransaction: 0
updateAssessor: 0
updateRoleAssessor: 0
updateMachine: 0
updateCompany: 0
updateCompanyMachine: 0
updateCompanyMachine: 0,
insertTools: 0,
updateTools: 0
updateToolsMachineTray: 0
updateWorkingTransaction: 0
updateAssessor: 0
updateRoleAssessor: 0
updateMachine: 0
updateCompany: 0
updateCompanyMachine: 0
updateCompanyMachine: 0,
insertTools: 0,
updateTools: 0
updateToolsMachineTray: 0
updateWorkingTransaction: 0
updateAssessor: 0
updateRoleAssessor: 0
updateMachine: 0
updateCompany: 0
updateCompanyMachine: 0
updateCompanyMachine: 0,
insertTools: 0,
updateTools: 0
updateToolsMachineTray: 0
updateWorkingTransaction: 0
updateAssessor: 0
updateRoleAssessor: 0
updateMachine: 0
updateCompany: 0
updateCompanyMachine: 0
updateCompanyMachine: 0,
insertTools: 0,
updateTools: 0
updateToolsMachineTray: 0
updateWorkingTransaction: 0
updateAssessor: 0
updateRoleAssessor: 0
updateMachine: 0
updateCompany: 0
updateCompanyMachine: 0
updateCompanyMachine: 0,
insertTools: 0,
updateTools: 0
updateToolsMachineTray: 0
updateWorkingTransaction: 0
updateAssessor: 0
updateRoleAssessor: 0
updateMachine: 0
updateCompany: 0
updateCompanyMachine: 0
updateCompanyMachine: 0,
insertTools: 0,
updateTools: 0
updateToolsMachineTray: 0
updateWorkingTransaction: 0
updateAssessor: 0
updateRoleAssessor: 0
updateMachine: 0
updateCompany: 0
updateCompanyMachine: 0
updateCompanyMachine: 0,
insertTools: 0,
updateTools: 0
updateToolsMachineTray: 0
updateWorkingTransaction: 0
updateAssessor: 0
updateRoleAssessor: 0
updateMachine: 0
updateCompany: 0
updateCompanyMachine: 0
updateCompanyMachine: 0,
insertTools: 0,
updateTools: 0
updateToolsMachineTray: 0
updateWorkingTransaction: 0
updateAssessor: 0
updateRoleAssessor: 0
updateMachine: 0
updateCompany: 0
updateCompanyMachine: 0
updateCompanyMachine: 0,
insertTools: 0,
updateTools: 0
updateToolsMachineTray: 0
updateWorkingTransaction: 0
updateAssessor: 0
updateRoleAssessor: 0
updateMachine: 0
updateCompany: 0
updateCompanyMachine: 0
updateCompanyMachine: 0,
insertTools: 0,
updateTools: 0
updateToolsMachineTray: 0
updateWorkingTransaction: 0
updateAssessor: 0
updateRoleAssessor: 0
updateMachine: 0
updateCompany: 0
updateCompanyMachine: 0
updateCompanyMachine: 0,
insertTools: 0,
updateTools: 0
updateToolsMachineTray: 0
updateWorkingTransaction: 0
updateAssessor: 0
updateRoleAssessor: 0
updateMachine: 0
updateCompany: 0
updateCompanyMachine: 0
updateCompanyMachine: 0,
insertTools: 0,
updateTools: 0
updateToolsMachineTray: 0
updateWorkingTransaction: 0
updateAssessor: 0
updateRoleAssessor: 0
updateMachine: 0
updateCompany: 0
updateCompanyMachine: 0
updateCompanyMachine: 0,
insertTools: 0,
updateTools: 0
updateToolsMachineTray: 0
updateWorkingTransaction: 0
updateAssessor: 0
updateRoleAssessor: 0
updateMachine: 0
updateCompany: 0
updateCompanyMachine: 0
updateCompanyMachine: 0,
insertTools: 0,
updateTools: 0
updateToolsMachineTray: 0
updateWorkingTransaction: 0
updateAssessor: 0
updateRoleAssessor: 0
updateMachine: 0
updateCompany: 0
updateCompanyMachine: 0
updateCompanyMachine: 0,
insertTools: 0,
updateTools: 0
updateToolsMachineTray: 0
updateWorkingTransaction: 0
updateAssessor: 0
updateRoleAssessor: 0
updateMachine: 0
updateCompany: 0
updateCompanyMachine: 0
updateCompanyMachine: 0,
insertTools: 0,
updateTools: 0
updateToolsMachineTray: 0
updateWorkingTransaction: 0
updateAssessor: 0
updateRoleAssessor: 0
updateMachine: 0
updateCompany: 0
updateCompanyMachine: 0
updateCompanyMachine: 0,
insertTools: 0,
updateTools: 0
updateToolsMachineTray: 0
updateWorkingTransaction: 0
updateAssessor: 0
updateRoleAssessor: 0
updateMachine: 0
updateCompany: 0
updateCompanyMachine: 0
updateCompanyMachine: 0,
insertTools: 0,
updateTools: 0
updateToolsMachineTray: 0
updateWorkingTransaction: 0
updateAssessor: 0
updateRoleAssessor: 0
updateMachine: 0
updateCompany: 0
updateCompanyMachine: 0
updateCompanyMachine: 0,
insertTools: 0,
updateTools: 0
updateToolsMachineTray: 0
updateWorkingTransaction: 0
updateAssessor: 0
updateRoleAssessor: 0
updateMachine: 0
updateCompany: 0
updateCompanyMachine: 0
updateCompanyMachine: 0,
insertTools: 0,
updateTools: 0
updateToolsMachineTray: 0
updateWorkingTransaction: 0
updateAssessor: 0
updateRoleAssessor: 0
updateMachine: 0
updateCompany: 0
updateCompanyMachine: 0
updateCompanyMachine: 0,
insertTools: 0,
updateTools: 0
updateToolsMachineTray: 0
updateWorkingTransaction: 0
updateAssessor: 0
updateRoleAssessor: 0
updateMachine: 0
updateCompany: 0
updateCompanyMachine: 0
updateCompanyMachine: 0,
insertTools: 0,
updateTools: 0
updateToolsMachineTray: 0
updateWorkingTransaction: 0
updateAssessor: 0
updateRoleAssessor: 0
updateMachine: 0
updateCompany: 0
updateCompanyMachine: 0
updateCompanyMachine: 0,
insertTools: 0,
updateTools: 0
updateToolsMachineTray: 0
updateWorkingTransaction: 0
updateAssessor: 0
updateRoleAssessor: 0
updateMachine: 0
updateCompany: 0
updateCompanyMachine: 0
updateCompanyMachine: 0,
insertTools: 0,
updateTools: 0
updateToolsMachineTray: 0
updateWorkingTransaction: 0
updateAssessor: 0
updateRoleAssessor: 0
updateMachine: 0
updateCompany: 0
updateCompanyMachine: 0
updateCompanyMachine: 0,
insertTools: 0,
updateTools: 0
updateToolsMachineTray: 0
updateWorkingTransaction: 0
updateAssessor: 0
updateRoleAssessor: 0
updateMachine: 0
updateCompany: 0
updateCompanyMachine: 0
updateCompanyMachine: 0,
insertTools: 0,
updateTools: 0
updateToolsMachineTray: 0
updateWorkingTransaction: 0
updateAssessor: 0
updateRoleAssessor: 0
updateMachine: 0
updateCompany: 0
updateCompanyMachine: 0
updateCompanyMachine: 0,
insertTools: 0,
updateTools: 0
updateToolsMachineTray: 0
updateWorkingTransaction: 0
updateAssessor: 0
updateRoleAssessor: 0
updateMachine: 0
updateCompany: 0
updateCompanyMachine: 0
updateCompanyMachine: 0,
insertTools: 0,
updateTools: 0
updateToolsMachineTray: 0
updateWorkingTransaction: 0
updateAssessor: 0
updateRoleAssessor: 0
updateMachine: 0
updateCompany: 0
updateCompanyMachine: 0
updateCompanyMachine: 0,
insertTools: 0,
updateTools: 0
updateToolsMachineTray: 0
updateWorkingTransaction: 0
updateAssessor: 0
updateRoleAssessor: 0
updateMachine: 0
updateCompany: 0
updateCompanyMachine: 0
updateCompanyMachine: 0,
insertTools: 0,
updateTools: 0
updateToolsMachineTray: 0
updateWorkingTransaction: 0
updateAssessor: 0
updateRoleAssessor: 0
updateMachine: 0
updateCompany: 0
updateCompanyMachine: 0
updateCompanyMachine: 0,
insertTools: 0,
updateTools: 0
updateToolsMachineTray: 0
updateWorkingTransaction: 0
updateAssessor: 0
updateRoleAssessor: 0
updateMachine: 0
updateCompany: 0
updateCompanyMachine: 0
updateCompanyMachine: 0,
insertTools: 0,
updateTools: 0
updateToolsMachineTray: 0
updateWorkingTransaction: 0
updateAssessor: 0
updateRoleAssessor: 0
updateMachine: 0
updateCompany: 0
updateCompanyMachine: 0
updateCompanyMachine: 0,
insertTools: 0,
updateTools: 0
updateToolsMachineTray: 0
updateWorkingTransaction: 0
updateAssessor: 0
updateRoleAssessor: 0
updateMachine: 0
updateCompany: 0
updateCompanyMachine: 0
updateCompanyMachine: 0,
insertTools: 0,
updateTools: 0
updateToolsMachineTray: 0
updateWorkingTransaction: 0
updateAssessor: 0
updateRoleAssessor: 0
updateMachine: 0
updateCompany: 0
updateCompanyMachine: 0
updateCompanyMachine: 0,
insertTools: 0,
updateTools: 0
updateToolsMachineTray: 0
updateWorkingTransaction: 0
updateAssessor: 0
updateRoleAssessor: 0
updateMachine: 0
updateCompany: 0
updateCompanyMachine: 0
updateCompanyMachine: 0,
insertTools: 0,
updateTools: 0
updateToolsMachineTray: 0
updateWorkingTransaction: 0
updateAssessor: 0
updateRoleAssessor: 0
updateMachine: 0
updateCompany: 0
updateCompanyMachine: 0
updateCompanyMachine: 0,
insertTools: 0,
updateTools: 0
updateToolsMachineTray: 0
updateWorkingTransaction: 0
updateAssessor: 0
updateRoleAssessor: 0
updateMachine: 0
updateCompany: 0
updateCompanyMachine: 0
updateCompanyMachine: 0,
insertTools: 0,
updateTools: 0
updateToolsMachineTray: 0
updateWorkingTransaction: 0
updateAssessor: 0
updateRoleAssessor: 0
updateMachine: 0
updateCompany: 0
updateCompanyMachine: 0
updateCompanyMachine: 0,
insertTools: 0,
updateTools: 0
updateToolsMachineTray: 0
updateWorkingTransaction: 0
updateAssessor: 0
updateRoleAssessor: 0
updateMachine: 0
updateCompany: 0
updateCompanyMachine: 0
updateCompanyMachine: 0,
insertTools: 0,
updateTools: 0
updateToolsMachineTray: 0
updateWorkingTransaction: 0
updateAssessor: 0
updateRoleAssessor: 0
updateMachine: 0
updateCompany: 0
updateCompanyMachine: 0
updateCompanyMachine: 0,
insertTools: 0,
updateTools: 0
updateToolsMachineTray: 0
updateWorkingTransaction: 0
updateAssessor: 0
updateRoleAssessor: 0
updateMachine: 0
updateCompany: 0
updateCompanyMachine: 0
updateCompanyMachine: 0,
insertTools: 0,
updateTools: 0
updateToolsMachineTray: 0
updateWorkingTransaction: 0
updateAssessor: 0
updateRoleAssessor: 0
updateMachine: 0
updateCompany: 0
updateCompanyMachine: 0
updateCompanyMachine: 0,
insertTools: 0,
updateTools: 0
updateToolsMachineTray: 0
updateWorkingTransaction: 0
updateAssessor: 0
updateRoleAssessor: 0
updateMachine: 0
updateCompany: 0
updateCompanyMachine: 0
updateCompanyMachine: 0,
insertTools: 0,
updateTools: 0
updateToolsMachineTray: 0
updateWorkingTransaction: 0
updateAssessor: 0
updateRoleAssessor: 0
updateMachine: 0
updateCompany: 0
updateCompanyMachine: 0
updateCompanyMachine: 0,
insertTools: 0,
updateTools: 0
updateToolsMachineTray: 0
updateWorkingTransaction: 0
updateAssessor: 0
updateRoleAssessor: 0
updateMachine: 0
updateCompany: 0
updateCompanyMachine: 0
updateCompanyMachine: 0,
insertTools: 0,
updateTools: 0
updateToolsMachineTray: 0
updateWorkingTransaction: 0
updateAssessor: 0
updateRoleAssessor: 0
updateMachine: 0
updateCompany: 0
updateCompanyMachine: 0
updateCompanyMachine: 0,
insertTools: 0,
updateTools: 0
updateToolsMachineTray: 0
updateWorkingTransaction: 0
updateAssessor: 0
updateRoleAssessor: 0
updateMachine: 0
updateCompany: 0
updateCompanyMachine: 0
updateCompanyMachine: 0,
insertTools: 0,
updateTools: 0
updateToolsMachineTray: 0
updateWorkingTransaction: 0
updateAssessor: 0
updateRoleAssessor: 0
updateMachine: 0
updateCompany: 0
updateCompanyMachine: 0
updateCompanyMachine: 0,
insertTools: 0,
updateTools: 0
updateToolsMachineTray: 0
updateWorkingTransaction: 0
updateAssessor: 0
updateRoleAssessor: 0
updateMachine: 0
updateCompany: 0
updateCompanyMachine: 0
updateCompanyMachine: 0,
insertTools: 0,
updateTools: 0
updateToolsMachineTray: 0
updateWorkingTransaction: 0
updateAssessor: 0
updateRoleAssessor: 0
updateMachine: 0
updateCompany: 0
updateCompanyMachine: 0
updateCompanyMachine: 0,
insertTools: 0,
updateTools: 0
updateToolsMachineTray: 0
updateWorkingTransaction: 0
updateAssessor: 0
updateRoleAssessor: 0
updateMachine: 0
updateCompany: 0
updateCompanyMachine: 0
updateCompanyMachine: 0,
insertTools: 0,
updateTools: 0
updateToolsMachineTray: 0
updateWorkingTransaction: 0
updateAssessor: 0
updateRoleAssessor: 0
updateMachine: 0
updateCompany: 0
updateCompanyMachine: 0
updateCompanyMachine: 0,
insertTools: 0,
updateTools: 0
updateToolsMachineTray: 0
updateWorkingTransaction: 0
updateAssessor: 0
updateRoleAssessor: 0
updateMachine: 0
updateCompany: 0
updateCompanyMachine: 0
updateCompanyMachine: 0,
insertTools: 0,
updateTools: 0
updateToolsMachineTray: 0
updateWorkingTransaction: 0
updateAssessor: 0
updateRoleAssessor: 0
updateMachine: 0
updateCompany: 0
updateCompanyMachine: 0
updateCompanyMachine: 0,
insertTools: 0,
updateTools: 0
updateToolsMachineTray: 0
updateWorkingTransaction: 0
updateAssessor: 0
updateRoleAssessor: 0
updateMachine: 0
updateCompany: 0
updateCompanyMachine: 0
updateCompanyMachine: 0,
insertTools: 0,
updateTools: 0
updateToolsMachineTray: 0
updateWorkingTransaction: 0
updateAssessor: 0
updateRoleAssessor: 0
updateMachine: 0
updateCompany: 0
updateCompanyMachine: 0
updateCompanyMachine: 0,
insertTools: 0,
updateTools: 0
updateToolsMachineTray: 0
updateWorkingTransaction: 0
updateAssessor: 0
updateRoleAssessor: 0
updateMachine: 0
updateCompany: 0
updateCompanyMachine: 0
updateCompanyMachine: 0,
insertTools: 0,
updateTools: 0
updateToolsMachineTray: 0
updateWorkingTransaction: 0
Tool: 16EL-8STACME
Tray: TRAY_01
New Quantity: 01
Tool: 16ER-8STACME
Tray: TRAY_02
New Quantity: 01
Tool: 16IR-8STACME
Tray: TRAY_04
New Quantity: 01
Tool: 16IL-8STACME
Tray: TRAY_03
New Quantity: 01
updateAssessor: 0
updateRoleAssessor: 0
updateMachine: 0
updateCompany: 0
updateCompanyMachine: 0
updateCompanyMachine: 0,
insertTools: 0,
updateTools: 0
Tool: 5/16-18UNC
Tray: TRAY_05
New Quantity: 01
updateToolsMachineTray: 5
Tool: 5/16-24UNF
Tray: TRAY_06
New Quantity: 01
updateWorkingTransaction: 0
Tool: 880-070406H-C-GM1044
Tray: TRAY_07
New Quantity: 01
Tool: 880-090608H-C-LM1144
Tray: TRAY_08
New Quantity: 01
Tool: APMT1604PDER-M2TI961
Tray: TRAY_10
New Quantity: 01
Tool: 880-0906W10H-P-LM4344
Tray: TRAY_09
New Quantity: 01
updateAssessor: 0
updateRoleAssessor: 0
updateMachine: 0
updateCompany: 0
updateCompanyMachine: 0
updateCompanyMachine: 0,
insertTools: 0,
updateTools: 0
updateToolsMachineTray: 5
updateWorkingTransaction: 0
updateAssessor: 0
updateRoleAssessor: 0
updateMachine: 0
updateCompany: 0
updateCompanyMachine: 0
updateCompanyMachine: 0,
insertTools: 0,
updateTools: 0
updateToolsMachineTray: 0
updateWorkingTransaction: 0
updateAssessor: 0
updateRoleAssessor: 0
updateMachine: 0
updateCompany: 0
updateCompanyMachine: 0
updateCompanyMachine: 0,
insertTools: 0,
updateTools: 0
updateToolsMachineTray: 0
updateWorkingTransaction: 0
updateAssessor: 0
updateRoleAssessor: 0
updateMachine: 0
updateCompany: 0
updateCompanyMachine: 0
updateCompanyMachine: 0,
insertTools: 0,
updateTools: 0
updateToolsMachineTray: 0
updateWorkingTransaction: 0
updateAssessor: 0
updateRoleAssessor: 0
updateMachine: 0
updateCompany: 0
updateCompanyMachine: 0
updateCompanyMachine: 0,
insertTools: 0,
updateTools: 0
2018-09-26 11:49:25 INFO  LoginPage:470 - Get 2000 from logs
2018-09-26 11:49:25 INFO  LoginPage:470 - Get 3000 from logs
2018-09-26 11:49:31 INFO  LoginPage:254 - Login with username: com1user1
2018-09-26 11:49:31 INFO  LoginController:46 - SELECT AssessorID, UserName, FirstName, LastName, CompanyCode, IsFirstTimeLogin, IsLocked FROM Assessor where Assessor.IsActive = 1 and Assessor.UserName='com1user1' and (Password=md5('123456') or LastPassword=md5('123456'));
2018-09-26 11:49:31 INFO  LoginPage:258 - Login OK
2018-09-26 11:49:31 INFO  LoginController:173 - select distinct RoleName  from assessor inner join roleassessor  on assessor.AssessorID = roleassessor.AssessorID inner join roles on roles.RoleID = roleassessor.RoleID where assessor.CompanyCode = 'Com1' and assessor.UserName= 'com1user1'
2018-09-26 11:49:31 INFO  LoginPage:274 - listRoles: [Roles [roleName=Emp]]
2018-09-26 11:49:31 INFO  LoginPage:286 - Show EmployeePage
2018-09-26 11:49:36 INFO  LoginPage:254 - Login with username: com1user1
2018-09-26 11:49:36 INFO  LoginController:46 - SELECT AssessorID, UserName, FirstName, LastName, CompanyCode, IsFirstTimeLogin, IsLocked FROM Assessor where Assessor.IsActive = 1 and Assessor.UserName='com1user1' and (Password=md5('123456') or LastPassword=md5('123456'));
2018-09-26 11:49:36 INFO  LoginPage:258 - Login OK
2018-09-26 11:49:36 INFO  LoginController:173 - select distinct RoleName  from assessor inner join roleassessor  on assessor.AssessorID = roleassessor.AssessorID inner join roles on roles.RoleID = roleassessor.RoleID where assessor.CompanyCode = 'Com1' and assessor.UserName= 'com1user1'
2018-09-26 11:49:36 INFO  LoginPage:274 - listRoles: [Roles [roleName=Emp]]
2018-09-26 11:49:36 INFO  LoginPage:286 - Show EmployeePage
2018-09-26 11:49:38 INFO  SyncController:72 - SyncHostToLocal_AssessorinsertAssessor: 0,
updateAssessor: 0
2018-09-26 11:49:38 INFO  SyncController:80 - SyncHostToLocal_RoleAssessorinsertRoleAssessor: 0,
updateRoleAssessor: 0
2018-09-26 11:49:42 INFO  LogController:162 - insert into MasterLog(Action, NewValue) values('SendLog', '2018-09-26 11:49:25')
2018-09-26 11:49:42 INFO  LoginPage:494 - Update 2018-09-26 11:49:25 to MasterLog successfully.
2018-09-26 11:49:42 INFO  LoginPage:503 - Delete log file successfully.
2018-09-26 11:49:43 INFO  SyncController:88 - SyncHostToLocal_Machine: insertMachine: 0,
updateMachine: 0
2018-09-26 11:49:49 INFO  LoginPage:254 - Login with username: com1user1
2018-09-26 11:49:49 INFO  LoginController:46 - SELECT AssessorID, UserName, FirstName, LastName, CompanyCode, IsFirstTimeLogin, IsLocked FROM Assessor where Assessor.IsActive = 1 and Assessor.UserName='com1user1' and (Password=md5('123456') or LastPassword=md5('123456'));
2018-09-26 11:49:49 INFO  LoginPage:258 - Login OK
2018-09-26 11:49:49 INFO  LoginController:173 - select distinct RoleName  from assessor inner join roleassessor  on assessor.AssessorID = roleassessor.AssessorID inner join roles on roles.RoleID = roleassessor.RoleID where assessor.CompanyCode = 'Com1' and assessor.UserName= 'com1user1'
2018-09-26 11:49:49 INFO  LoginPage:274 - listRoles: [Roles [roleName=Emp]]
2018-09-26 11:49:49 INFO  LoginPage:286 - Show EmployeePage
2018-09-26 11:49:52 INFO  SyncController:96 - SyncHostToLocal_Company: insertCompany: 0,
updateCompany: 0
2018-09-26 11:50:00 INFO  SyncController:104 - SyncHostToLocal_CompanyMachine: insertCompanyMachine: 0,
updateCompanyMachine: 0
2018-09-26 11:50:08 ERROR SyncController:144 - Got an error reading communication packets
2018-09-26 11:50:08 INFO  LoginPage:376 - ========================================
2018-09-26 11:50:08 INFO  LoginPage:377 - End syncing thread - 3ITIYQHC
2018-09-26 11:50:08 INFO  LoginPage:378 - ========================================
2018-09-26 11:51:53 INFO  LoginPage:254 - Login with username: com1user1
2018-09-26 11:51:53 INFO  LoginController:46 - SELECT AssessorID, UserName, FirstName, LastName, CompanyCode, IsFirstTimeLogin, IsLocked FROM Assessor where Assessor.IsActive = 1 and Assessor.UserName='com1user1' and (Password=md5('123456') or LastPassword=md5('123456'));
2018-09-26 11:51:53 INFO  LoginPage:258 - Login OK
2018-09-26 11:51:53 INFO  LoginController:173 - select distinct RoleName  from assessor inner join roleassessor  on assessor.AssessorID = roleassessor.AssessorID inner join roles on roles.RoleID = roleassessor.RoleID where assessor.CompanyCode = 'Com1' and assessor.UserName= 'com1user1'
2018-09-26 11:51:53 INFO  LoginPage:274 - listRoles: [Roles [roleName=Emp]]
2018-09-26 11:51:53 INFO  LoginPage:286 - Show EmployeePage
2018-09-26 11:52:03 INFO  LoginPage:530 - ************************************************************
2018-09-26 11:52:03 INFO  LoginPage:531 - ************************************************************
2018-09-26 11:52:03 INFO  LoginPage:532 - ************************************************************
2018-09-26 11:52:03 INFO  LoginPage:533 - ************************************************************
2018-09-26 11:52:03 INFO  LoginPage:534 - Starting iTool app.
2018-09-26 11:52:03 INFO  LoginPage:535 - companyCode: Com1
2018-09-26 11:52:03 INFO  LoginPage:536 - companyCodeUH: UHCom
2018-09-26 11:52:03 INFO  LoginPage:537 - machineCode: MAC1
2018-09-26 11:52:04 INFO  LoginPage:540 - mDbHost: localhost
2018-09-26 11:52:04 INFO  LoginPage:541 - mDbUser: admin
2018-09-26 11:52:04 INFO  LoginPage:542 - mDbPwds: 1qazxsw2
2018-09-26 11:52:04 INFO  LoginPage:543 - mDbName: iTools_v1p0
2018-09-26 11:52:04 INFO  LoginPage:544 - mDbPort: 3306
2018-09-26 11:52:04 INFO  LoginPage:545 - Database version: v1p0 - 2018-08-11 13:02:35
2018-09-26 11:52:04 INFO  LoginPage:547 - Last Sync: 2018-09-26 11:50:00
2018-09-26 11:52:04 INFO  LoginPage:551 - connectToHost: OK
2018-09-26 11:52:06 INFO  EmailUtils:57 - mail.tqteam.net25itool_app@tqteam.net1qazxsw2!A
2018-09-26 11:52:07 INFO  LoginPage:577 - checkEmailConfig: true
2018-09-26 11:52:08 INFO  LogController:134 - select NewValue from MasterLog where Action = 'SendLog' order by NewValue desc limit 1;
2018-09-26 11:52:09 INFO  LoginPage:371 - ========================================
2018-09-26 11:52:09 INFO  LoginPage:372 - Start syncing thread - TZKHAPRS
2018-09-26 11:52:09 INFO  LoginPage:373 - ========================================
2018-09-26 11:52:09 INFO  SyncController:64 - Start SyncHostToLocal
2018-09-26 11:52:09 INFO  LoginPage:470 - Get 1000 from logs
2018-09-26 11:52:09 INFO  LoginPage:470 - Get 2000 from logs
2018-09-26 11:52:10 INFO  LoginPage:470 - Get 3000 from logs
