2019-04-05 15:50:35 INFO  file1:58 - Check log to send email
2019-04-05 15:51:44 INFO  file1:37 - Starting HID services.
2019-04-05 15:51:47 INFO  file1:65 - hidDevice: HidDevice [vendorId=0x461, productId=0x20, product=CCS HID Demo]
2019-04-05 15:55:01 INFO  file1:128 - Board return with meassage: [127, 123]
2019-04-05 15:55:02 INFO  file1:128 - Board return with meassage: [127, 123]
2019-04-05 15:55:03 INFO  file1:128 - Board return with meassage: [127, 123]
2019-04-05 15:55:04 INFO  file1:128 - Board return with meassage: [127, 123]
2019-04-05 15:55:05 INFO  file1:128 - Board return with meassage: [127, 123]
2019-04-05 15:55:06 INFO  file1:128 - Board return with meassage: [127, 123]
2019-04-05 15:55:07 INFO  file1:128 - Board return with meassage: [127, 123]
2019-04-05 15:55:08 INFO  file1:128 - Board return with meassage: [127, 123]
2019-04-05 15:55:09 INFO  file1:128 - Board return with meassage: [127, 123]
2019-04-05 15:55:10 INFO  file1:128 - Board return with meassage: [127, 123]
2019-04-05 15:55:11 INFO  file1:128 - Board return with meassage: [127, 123]
2019-04-05 15:55:12 INFO  file1:128 - Board return with meassage: [127, 123]
2019-04-05 15:55:13 INFO  file1:128 - Board return with meassage: [127, 123]
2019-04-05 15:55:14 INFO  file1:128 - Board return with meassage: [127, 123]
2019-04-05 15:55:15 INFO  file1:128 - Board return with meassage: [127, 123]
2019-04-05 15:55:16 INFO  file1:128 - Board return with meassage: [127, 123]
2019-04-05 15:55:17 INFO  file1:128 - Board return with meassage: [127, 123]
2019-04-05 15:55:18 INFO  file1:128 - Board return with meassage: [127, 123]
2019-04-05 15:55:19 INFO  file1:128 - Board return with meassage: [127, 123]
2019-04-05 15:55:20 INFO  file1:128 - Board return with meassage: [127, 123]
2019-04-05 15:55:37 INFO  file1:128 - Board return with meassage: [127, 123]
2019-04-05 15:55:38 INFO  file1:128 - Board return with meassage: [127, 123]
2019-04-05 15:55:39 INFO  file1:128 - Board return with meassage: [127, 123]
2019-04-05 15:55:40 INFO  file1:128 - Board return with meassage: [127, 123]
2019-04-05 16:08:46 INFO  file1:128 - Board return with meassage: [127, 123]
2019-04-05 16:08:47 INFO  file1:128 - Board return with meassage: [127, 123]
2019-04-05 16:08:49 INFO  file1:128 - Board return with meassage: [127, 123]
2019-04-05 16:08:50 INFO  file1:128 - Board return with meassage: [127, 123]
2019-04-05 16:12:07 INFO  file1:58 - Check log to send email
2019-04-05 16:12:13 ERROR file1:138 - Exception: Cannot connect to emailnull
2019-04-05 16:13:16 INFO  file1:37 - Starting HID services.
2019-04-05 16:13:18 INFO  file1:84 - Add device: HidDevice [vendorId=0xffff8087, productId=0xa1e, product=null]
2019-04-05 16:13:18 INFO  file1:84 - Add device: HidDevice [vendorId=0xffff8087, productId=0xa1e, product=null]
2019-04-05 16:13:18 INFO  file1:84 - Add device: HidDevice [vendorId=0xffff8087, productId=0xa1e, product=null]
2019-04-05 16:13:18 INFO  file1:84 - Add device: HidDevice [vendorId=0xffff8087, productId=0xa1e, product=null]
2019-04-05 16:13:18 INFO  file1:84 - Add device: HidDevice [vendorId=0x6cb, productId=0x78f6, product=HIDI2C Device]
2019-04-05 16:13:18 INFO  file1:84 - Add device: HidDevice [vendorId=0x46d, productId=0xffffc534, product=USB Receiver]
2019-04-05 16:13:18 INFO  file1:84 - Add device: HidDevice [vendorId=0x6cb, productId=0x78f6, product=HIDI2C Device]
2019-04-05 16:13:18 INFO  file1:84 - Add device: HidDevice [vendorId=0xffff8087, productId=0xa1e, product=null]
2019-04-05 16:13:18 INFO  file1:84 - Add device: HidDevice [vendorId=0x46d, productId=0xffffc534, product=USB Receiver]
2019-04-05 16:13:18 INFO  file1:84 - Add device: HidDevice [vendorId=0x46d, productId=0xffffc534, product=USB Receiver]
2019-04-05 16:13:18 INFO  file1:84 - Add device: HidDevice [vendorId=0xffff8087, productId=0xa1e, product=null]
2019-04-05 16:13:18 INFO  file1:84 - Add device: HidDevice [vendorId=0xffff8087, productId=0xa1e, product=null]
2019-04-05 16:13:18 INFO  file1:84 - Add device: HidDevice [vendorId=0xffff8087, productId=0xa1e, product=null]
2019-04-05 16:13:18 INFO  file1:65 - hidDevice: HidDevice [vendorId=0x461, productId=0x20, product=CCS HID Demo]
2019-04-05 16:13:18 INFO  file1:84 - Add device: HidDevice [vendorId=0x45e, productId=0x0, product=null]
2019-04-05 16:13:18 INFO  file1:84 - Add device: HidDevice [vendorId=0x45e, productId=0x0, product=null]
2019-04-05 16:13:19 INFO  file1:84 - Add device: HidDevice [vendorId=0xffff8087, productId=0xa1e, product=null]
2019-04-05 16:13:19 INFO  file1:84 - Add device: HidDevice [vendorId=0xffff8087, productId=0xa1e, product=null]
2019-04-05 16:13:19 INFO  file1:84 - Add device: HidDevice [vendorId=0xffff8087, productId=0xa1e, product=null]
2019-04-05 16:13:19 INFO  file1:84 - Add device: HidDevice [vendorId=0x45e, productId=0x0, product=null]
2019-04-05 16:13:19 INFO  file1:84 - Add device: HidDevice [vendorId=0xffff8087, productId=0xa1e, product=null]
2019-04-05 16:13:19 INFO  file1:84 - Add device: HidDevice [vendorId=0x46d, productId=0xffffc534, product=USB Receiver]
2019-04-05 16:13:19 INFO  file1:84 - Add device: HidDevice [vendorId=0x461, productId=0x20, product=CCS HID Demo]
2019-04-05 16:13:28 INFO  file1:128 - Board return with meassage: [127, 123]
2019-04-05 16:13:29 INFO  file1:128 - Board return with meassage: [127, 123]
2019-04-05 16:13:30 INFO  file1:128 - Board return with meassage: [127, 123]
2019-04-05 16:13:31 INFO  file1:128 - Board return with meassage: [127, 123]
2019-04-05 16:17:15 INFO  file1:58 - Check log to send email
2019-04-05 16:17:15 INFO  file1:90 - AAAAAAAAAAA: null
2019-04-05 16:17:22 INFO  file1:106 - BBBBBBB: null
2019-04-05 16:17:22 ERROR file1:145 - Exception: Cannot connect to emailnull
2019-04-05 16:18:22 INFO  file1:37 - Starting HID services.
2019-04-05 16:18:24 INFO  file1:65 - hidDevice: HidDevice [vendorId=0x461, productId=0x20, product=CCS HID Demo]
2019-04-05 16:21:11 INFO  file1:58 - Check log to send email
2019-04-05 16:22:17 INFO  file1:37 - Starting HID services.
2019-04-05 16:22:19 INFO  file1:65 - hidDevice: HidDevice [vendorId=0x461, productId=0x20, product=CCS HID Demo]
2019-04-05 16:23:24 INFO  file1:58 - Check log to send email
2019-04-05 16:23:24 INFO  file1:91 - AAAAAAAAAAA: quannguyen@savarti.com
2019-04-05 16:23:28 INFO  file1:107 - BBBBBBB: quannguyen@savarti.com
2019-04-05 16:23:33 INFO  file1:126 - CCCCCCCCCCC: 
2019-04-05 16:23:35 INFO  file1:129 - DDDDDD: 
2019-04-05 16:23:35 INFO  file1:136 -  - Send Mail  To quannguyen@savarti.com - Subject: Warning - MFC - VM-2: Vending machine notification - Message: 32 lines
2019-04-05 16:24:35 INFO  file1:37 - Starting HID services.
2019-04-05 16:24:37 INFO  file1:84 - Add device: HidDevice [vendorId=0xffff8087, productId=0xa1e, product=null]
2019-04-05 16:24:37 INFO  file1:84 - Add device: HidDevice [vendorId=0xffff8087, productId=0xa1e, product=null]
2019-04-05 16:24:37 INFO  file1:84 - Add device: HidDevice [vendorId=0xffff8087, productId=0xa1e, product=null]
2019-04-05 16:24:37 INFO  file1:84 - Add device: HidDevice [vendorId=0x6cb, productId=0x78f6, product=HIDI2C Device]
2019-04-05 16:24:37 INFO  file1:84 - Add device: HidDevice [vendorId=0x46d, productId=0xffffc534, product=USB Receiver]
2019-04-05 16:24:37 INFO  file1:84 - Add device: HidDevice [vendorId=0x6cb, productId=0x78f6, product=HIDI2C Device]
2019-04-05 16:24:37 INFO  file1:84 - Add device: HidDevice [vendorId=0xffff8087, productId=0xa1e, product=null]
2019-04-05 16:24:37 INFO  file1:84 - Add device: HidDevice [vendorId=0x46d, productId=0xffffc534, product=USB Receiver]
2019-04-05 16:24:37 INFO  file1:84 - Add device: HidDevice [vendorId=0x46d, productId=0xffffc534, product=USB Receiver]
2019-04-05 16:24:37 INFO  file1:84 - Add device: HidDevice [vendorId=0xffff8087, productId=0xa1e, product=null]
2019-04-05 16:24:37 INFO  file1:84 - Add device: HidDevice [vendorId=0xffff8087, productId=0xa1e, product=null]
2019-04-05 16:24:37 INFO  file1:84 - Add device: HidDevice [vendorId=0xffff8087, productId=0xa1e, product=null]
2019-04-05 16:24:37 INFO  file1:84 - Add device: HidDevice [vendorId=0x45e, productId=0x0, product=null]
2019-04-05 16:24:37 INFO  file1:84 - Add device: HidDevice [vendorId=0x45e, productId=0x0, product=null]
2019-04-05 16:24:37 INFO  file1:84 - Add device: HidDevice [vendorId=0xffff8087, productId=0xa1e, product=null]
2019-04-05 16:24:37 INFO  file1:84 - Add device: HidDevice [vendorId=0xffff8087, productId=0xa1e, product=null]
2019-04-05 16:24:37 INFO  file1:84 - Add device: HidDevice [vendorId=0xffff8087, productId=0xa1e, product=null]
2019-04-05 16:24:37 INFO  file1:84 - Add device: HidDevice [vendorId=0x45e, productId=0x0, product=null]
2019-04-05 16:24:37 INFO  file1:84 - Add device: HidDevice [vendorId=0xffff8087, productId=0xa1e, product=null]
2019-04-05 16:24:37 INFO  file1:84 - Add device: HidDevice [vendorId=0x46d, productId=0xffffc534, product=USB Receiver]
2019-04-05 16:24:37 INFO  file1:84 - Add device: HidDevice [vendorId=0x461, productId=0x20, product=CCS HID Demo]
2019-04-05 16:24:37 INFO  file1:65 - hidDevice: HidDevice [vendorId=0x461, productId=0x20, product=CCS HID Demo]
2019-04-05 16:24:40 INFO  file1:128 - Board return with meassage: [127, 123]
2019-04-05 16:24:41 INFO  file1:128 - Board return with meassage: [127, 123]
2019-04-05 16:24:42 INFO  file1:128 - Board return with meassage: [127, 123]
2019-04-05 16:24:43 INFO  file1:128 - Board return with meassage: [127, 123]
2019-04-05 16:24:44 INFO  file1:128 - Board return with meassage: [127, 123]
2019-04-05 16:24:45 INFO  file1:128 - Board return with meassage: [127, 123]
2019-04-05 16:24:46 INFO  file1:128 - Board return with meassage: [127, 123]
2019-04-05 16:24:47 INFO  file1:128 - Board return with meassage: [127, 123]
2019-04-05 16:24:48 INFO  file1:128 - Board return with meassage: [127, 123]
2019-04-05 16:24:49 INFO  file1:128 - Board return with meassage: [127, 123]
2019-04-05 16:24:50 INFO  file1:128 - Board return with meassage: [127, 123]
2019-04-05 16:24:51 INFO  file1:128 - Board return with meassage: [127, 123]
2019-04-05 16:24:52 INFO  file1:128 - Board return with meassage: [127, 123]
2019-04-05 16:24:53 INFO  file1:128 - Board return with meassage: [127, 123]
2019-04-05 16:24:54 INFO  file1:128 - Board return with meassage: [127, 123]
2019-04-05 16:24:55 INFO  file1:128 - Board return with meassage: [127, 123]
2019-04-05 16:24:56 INFO  file1:128 - Board return with meassage: [127, 123]
2019-04-05 16:24:57 INFO  file1:128 - Board return with meassage: [127, 123]
2019-04-05 16:24:58 INFO  file1:128 - Board return with meassage: [127, 123]
2019-04-05 16:24:59 INFO  file1:128 - Board return with meassage: [127, 123]
2019-04-05 16:25:00 INFO  file1:128 - Board return with meassage: [127, 123]
2019-04-05 16:25:01 INFO  file1:128 - Board return with meassage: [127, 123]
2019-04-05 16:25:07 INFO  file1:128 - Board return with meassage: [127, 123]
2019-04-05 16:25:08 INFO  file1:128 - Board return with meassage: [127, 123]
2019-04-05 16:25:09 INFO  file1:128 - Board return with meassage: [127, 123]
2019-04-05 16:38:50 INFO  file1:58 - Check log to send email
2019-04-05 16:38:50 INFO  file1:91 - AAAAAAAAAAA: quannguyen@savarti.com
2019-04-05 16:38:54 INFO  file1:107 - BBBBBBB: quannguyen@savarti.com
2019-04-05 16:38:59 INFO  file1:126 - CCCCCCCCCCC: 
2019-04-05 16:38:59 INFO  file1:129 - DDDDDD: 
2019-04-05 16:38:59 INFO  file1:136 -  - Send Mail  To quannguyen@savarti.com - Subject: Warning - MFC - VM-2: Vending machine notification - Message: 25 lines
2019-04-05 16:44:00 INFO  file1:128 - Board return with meassage: [127, 123]
2019-04-05 16:44:01 INFO  file1:128 - Board return with meassage: [127, 123]
2019-04-05 16:44:02 INFO  file1:128 - Board return with meassage: [127, 123]
2019-04-05 16:44:03 INFO  file1:128 - Board return with meassage: [127, 123]
2019-04-05 16:44:04 INFO  file1:128 - Board return with meassage: [127, 123]
2019-04-05 16:44:05 INFO  file1:128 - Board return with meassage: [127, 123]
2019-04-05 16:44:06 INFO  file1:128 - Board return with meassage: [127, 123]
2019-04-05 16:44:07 INFO  file1:128 - Board return with meassage: [127, 123]
2019-04-05 16:44:08 INFO  file1:128 - Board return with meassage: [127, 123]
2019-04-05 16:44:09 INFO  file1:128 - Board return with meassage: [127, 123]
2019-04-05 16:44:10 INFO  file1:128 - Board return with meassage: [127, 123]
2019-04-05 16:52:09 INFO  file1:128 - Board return with meassage: [127, 123]
2019-04-05 16:52:10 INFO  file1:128 - Board return with meassage: [127, 123]
2019-04-05 16:52:11 INFO  file1:128 - Board return with meassage: [127, 123]
2019-04-05 16:52:12 INFO  file1:128 - Board return with meassage: [127, 123]
2019-04-05 16:54:14 INFO  file1:58 - Check log to send email
2019-04-05 16:54:14 INFO  file1:91 - AAAAAAAAAAA: quannguyen@savarti.com
2019-04-05 16:54:19 INFO  file1:107 - BBBBBBB: quannguyen@savarti.com
2019-04-05 16:54:24 INFO  file1:126 - CCCCCCCCCCC: 
2019-04-05 16:54:24 INFO  file1:129 - DDDDDD: 
2019-04-05 16:54:24 INFO  file1:136 -  - Send Mail  To quannguyen@savarti.com - Subject: Warning - MFC - VM-2: Vending machine notification - Message: 15 lines
2019-04-05 17:09:39 INFO  file1:58 - Check log to send email
2019-04-05 17:24:54 INFO  file1:58 - Check log to send email
2019-04-05 17:40:09 INFO  file1:58 - Check log to send email
2019-04-05 17:55:24 INFO  file1:58 - Check log to send email
2019-04-05 18:10:39 INFO  file1:58 - Check log to send email
2019-04-05 18:25:54 INFO  file1:58 - Check log to send email
2019-04-05 18:31:48 INFO  file1:95 - Remove device: HidDevice [vendorId=0x461, productId=0x20, product=CCS HID Demo]
2019-04-06 06:58:56 INFO  file1:58 - Check log to send email
2019-04-06 07:00:21 INFO  file1:37 - Starting HID services.
2019-04-06 07:00:24 INFO  file1:84 - Add device: HidDevice [vendorId=0xffff8087, productId=0xa1e, product=null]
2019-04-06 07:00:24 INFO  file1:84 - Add device: HidDevice [vendorId=0xffff8087, productId=0xa1e, product=null]
2019-04-06 07:00:24 INFO  file1:84 - Add device: HidDevice [vendorId=0x46d, productId=0xffffc534, product=USB Receiver]
2019-04-06 07:00:24 INFO  file1:84 - Add device: HidDevice [vendorId=0xffff8087, productId=0xa1e, product=null]
2019-04-06 07:00:24 INFO  file1:84 - Add device: HidDevice [vendorId=0xffff8087, productId=0xa1e, product=null]
2019-04-06 07:00:24 INFO  file1:84 - Add device: HidDevice [vendorId=0xffff8087, productId=0xa1e, product=null]
2019-04-06 07:00:24 INFO  file1:84 - Add device: HidDevice [vendorId=0xffff8087, productId=0xa1e, product=null]
2019-04-06 07:00:24 INFO  file1:84 - Add device: HidDevice [vendorId=0x6cb, productId=0x78f6, product=HIDI2C Device]
2019-04-06 07:00:24 INFO  file1:84 - Add device: HidDevice [vendorId=0x46d, productId=0xffffc534, product=USB Receiver]
2019-04-06 07:00:24 INFO  file1:84 - Add device: HidDevice [vendorId=0x6cb, productId=0x78f6, product=HIDI2C Device]
2019-04-06 07:00:24 INFO  file1:84 - Add device: HidDevice [vendorId=0xffff8087, productId=0xa1e, product=null]
2019-04-06 07:00:24 INFO  file1:84 - Add device: HidDevice [vendorId=0x46d, productId=0xffffc534, product=USB Receiver]
2019-04-06 07:00:24 INFO  file1:84 - Add device: HidDevice [vendorId=0x46d, productId=0xffffc534, product=USB Receiver]
2019-04-06 07:00:24 INFO  file1:84 - Add device: HidDevice [vendorId=0xffff8087, productId=0xa1e, product=null]
2019-04-06 07:00:24 INFO  file1:84 - Add device: HidDevice [vendorId=0xffff8087, productId=0xa1e, product=null]
2019-04-06 07:00:24 INFO  file1:84 - Add device: HidDevice [vendorId=0xffff8087, productId=0xa1e, product=null]
2019-04-06 07:00:24 INFO  file1:84 - Add device: HidDevice [vendorId=0x45e, productId=0x0, product=null]
2019-04-06 07:00:24 INFO  file1:84 - Add device: HidDevice [vendorId=0x45e, productId=0x0, product=null]
2019-04-06 07:00:24 INFO  file1:84 - Add device: HidDevice [vendorId=0xffff8087, productId=0xa1e, product=null]
2019-04-06 07:00:24 INFO  file1:84 - Add device: HidDevice [vendorId=0xffff8087, productId=0xa1e, product=null]
2019-04-06 07:00:25 INFO  file1:65 - hidDevice: null
2019-04-06 07:00:25 INFO  file1:84 - Add device: HidDevice [vendorId=0xffff8087, productId=0xa1e, product=null]
2019-04-06 07:00:25 ERROR file1:74 - Do not find HID device
2019-04-06 07:00:25 INFO  file1:84 - Add device: HidDevice [vendorId=0x45e, productId=0x0, product=null]
2019-04-06 07:00:25 INFO  file1:84 - Add device: HidDevice [vendorId=0xffff8087, productId=0xa1e, product=null]
2019-04-06 07:00:25 INFO  file1:84 - Add device: HidDevice [vendorId=0x46d, productId=0xffffc534, product=USB Receiver]
2019-04-06 12:36:52 INFO  file1:58 - Check log to send email
2019-04-07 09:02:59 INFO  file1:58 - Check log to send email
2019-04-07 09:03:58 INFO  file1:37 - Starting HID services.
2019-04-07 09:03:58 INFO  file1:65 - hidDevice: null
2019-04-07 09:03:58 ERROR file1:74 - Do not find HID device
